<?xml version="1.0" encoding="UTF-8"?>
<testsuites name="jest tests" tests="395" failures="84" errors="0" time="73.13">
  <testsuite name="ParentalControlService" errors="0" failures="20" skipped="0" timestamp="2025-09-29T19:07:15" time="1.463" tests="20">
    <testcase classname="ParentalControlService linkChildAccount should successfully link a child account to a parent" name="ParentalControlService linkChildAccount should successfully link a child account to a parent" time="0.009">
      <failure>TypeError: Cannot read properties of undefined (reading &apos;mockReturnValue&apos;)
    at Object.mockReturnValue (C:\Users\user\Desktop\Kiro\AWS project\FinanceFarmSimulator\src\services\__tests__\ParentalControlService.test.ts:144:42)
    at Promise.then.completed (C:\Users\user\Desktop\Kiro\AWS project\FinanceFarmSimulator\node_modules\jest-circus\build\utils.js:298:28)
    at new Promise (&lt;anonymous&gt;)
    at callAsyncCircusFn (C:\Users\user\Desktop\Kiro\AWS project\FinanceFarmSimulator\node_modules\jest-circus\build\utils.js:231:10)
    at _callCircusHook (C:\Users\user\Desktop\Kiro\AWS project\FinanceFarmSimulator\node_modules\jest-circus\build\run.js:281:40)
    at _runTest (C:\Users\user\Desktop\Kiro\AWS project\FinanceFarmSimulator\node_modules\jest-circus\build\run.js:246:5)
    at _runTestsForDescribeBlock (C:\Users\user\Desktop\Kiro\AWS project\FinanceFarmSimulator\node_modules\jest-circus\build\run.js:126:9)
    at _runTestsForDescribeBlock (C:\Users\user\Desktop\Kiro\AWS project\FinanceFarmSimulator\node_modules\jest-circus\build\run.js:121:9)
    at _runTestsForDescribeBlock (C:\Users\user\Desktop\Kiro\AWS project\FinanceFarmSimulator\node_modules\jest-circus\build\run.js:121:9)
    at run (C:\Users\user\Desktop\Kiro\AWS project\FinanceFarmSimulator\node_modules\jest-circus\build\run.js:71:3)
    at runAndTransformResultsToJestFormat (C:\Users\user\Desktop\Kiro\AWS project\FinanceFarmSimulator\node_modules\jest-circus\build\legacy-code-todo-rewrite\jestAdapterInit.js:122:21)
    at jestAdapter (C:\Users\user\Desktop\Kiro\AWS project\FinanceFarmSimulator\node_modules\jest-circus\build\legacy-code-todo-rewrite\jestAdapter.js:79:19)
    at runTestInternal (C:\Users\user\Desktop\Kiro\AWS project\FinanceFarmSimulator\node_modules\jest-runner\build\runTest.js:367:16)
    at runTest (C:\Users\user\Desktop\Kiro\AWS project\FinanceFarmSimulator\node_modules\jest-runner\build\runTest.js:444:34)</failure>
    </testcase>
    <testcase classname="ParentalControlService linkChildAccount should throw error if parent is not in adult mode" name="ParentalControlService linkChildAccount should throw error if parent is not in adult mode" time="0.005">
      <failure>TypeError: Cannot read properties of undefined (reading &apos;mockReturnValue&apos;)
    at Object.mockReturnValue (C:\Users\user\Desktop\Kiro\AWS project\FinanceFarmSimulator\src\services\__tests__\ParentalControlService.test.ts:144:42)
    at Promise.then.completed (C:\Users\user\Desktop\Kiro\AWS project\FinanceFarmSimulator\node_modules\jest-circus\build\utils.js:298:28)
    at new Promise (&lt;anonymous&gt;)
    at callAsyncCircusFn (C:\Users\user\Desktop\Kiro\AWS project\FinanceFarmSimulator\node_modules\jest-circus\build\utils.js:231:10)
    at _callCircusHook (C:\Users\user\Desktop\Kiro\AWS project\FinanceFarmSimulator\node_modules\jest-circus\build\run.js:281:40)
    at _runTest (C:\Users\user\Desktop\Kiro\AWS project\FinanceFarmSimulator\node_modules\jest-circus\build\run.js:246:5)
    at _runTestsForDescribeBlock (C:\Users\user\Desktop\Kiro\AWS project\FinanceFarmSimulator\node_modules\jest-circus\build\run.js:126:9)
    at _runTestsForDescribeBlock (C:\Users\user\Desktop\Kiro\AWS project\FinanceFarmSimulator\node_modules\jest-circus\build\run.js:121:9)
    at _runTestsForDescribeBlock (C:\Users\user\Desktop\Kiro\AWS project\FinanceFarmSimulator\node_modules\jest-circus\build\run.js:121:9)
    at run (C:\Users\user\Desktop\Kiro\AWS project\FinanceFarmSimulator\node_modules\jest-circus\build\run.js:71:3)
    at runAndTransformResultsToJestFormat (C:\Users\user\Desktop\Kiro\AWS project\FinanceFarmSimulator\node_modules\jest-circus\build\legacy-code-todo-rewrite\jestAdapterInit.js:122:21)
    at jestAdapter (C:\Users\user\Desktop\Kiro\AWS project\FinanceFarmSimulator\node_modules\jest-circus\build\legacy-code-todo-rewrite\jestAdapter.js:79:19)
    at runTestInternal (C:\Users\user\Desktop\Kiro\AWS project\FinanceFarmSimulator\node_modules\jest-runner\build\runTest.js:367:16)
    at runTest (C:\Users\user\Desktop\Kiro\AWS project\FinanceFarmSimulator\node_modules\jest-runner\build\runTest.js:444:34)</failure>
    </testcase>
    <testcase classname="ParentalControlService linkChildAccount should throw error if child is not in child mode" name="ParentalControlService linkChildAccount should throw error if child is not in child mode" time="0.003">
      <failure>TypeError: Cannot read properties of undefined (reading &apos;mockReturnValue&apos;)
    at Object.mockReturnValue (C:\Users\user\Desktop\Kiro\AWS project\FinanceFarmSimulator\src\services\__tests__\ParentalControlService.test.ts:144:42)
    at Promise.then.completed (C:\Users\user\Desktop\Kiro\AWS project\FinanceFarmSimulator\node_modules\jest-circus\build\utils.js:298:28)
    at new Promise (&lt;anonymous&gt;)
    at callAsyncCircusFn (C:\Users\user\Desktop\Kiro\AWS project\FinanceFarmSimulator\node_modules\jest-circus\build\utils.js:231:10)
    at _callCircusHook (C:\Users\user\Desktop\Kiro\AWS project\FinanceFarmSimulator\node_modules\jest-circus\build\run.js:281:40)
    at _runTest (C:\Users\user\Desktop\Kiro\AWS project\FinanceFarmSimulator\node_modules\jest-circus\build\run.js:246:5)
    at _runTestsForDescribeBlock (C:\Users\user\Desktop\Kiro\AWS project\FinanceFarmSimulator\node_modules\jest-circus\build\run.js:126:9)
    at _runTestsForDescribeBlock (C:\Users\user\Desktop\Kiro\AWS project\FinanceFarmSimulator\node_modules\jest-circus\build\run.js:121:9)
    at _runTestsForDescribeBlock (C:\Users\user\Desktop\Kiro\AWS project\FinanceFarmSimulator\node_modules\jest-circus\build\run.js:121:9)
    at run (C:\Users\user\Desktop\Kiro\AWS project\FinanceFarmSimulator\node_modules\jest-circus\build\run.js:71:3)
    at runAndTransformResultsToJestFormat (C:\Users\user\Desktop\Kiro\AWS project\FinanceFarmSimulator\node_modules\jest-circus\build\legacy-code-todo-rewrite\jestAdapterInit.js:122:21)
    at jestAdapter (C:\Users\user\Desktop\Kiro\AWS project\FinanceFarmSimulator\node_modules\jest-circus\build\legacy-code-todo-rewrite\jestAdapter.js:79:19)
    at runTestInternal (C:\Users\user\Desktop\Kiro\AWS project\FinanceFarmSimulator\node_modules\jest-runner\build\runTest.js:367:16)
    at runTest (C:\Users\user\Desktop\Kiro\AWS project\FinanceFarmSimulator\node_modules\jest-runner\build\runTest.js:444:34)</failure>
    </testcase>
    <testcase classname="ParentalControlService linkChildAccount should throw error if link already exists" name="ParentalControlService linkChildAccount should throw error if link already exists" time="0.004">
      <failure>TypeError: Cannot read properties of undefined (reading &apos;mockReturnValue&apos;)
    at Object.mockReturnValue (C:\Users\user\Desktop\Kiro\AWS project\FinanceFarmSimulator\src\services\__tests__\ParentalControlService.test.ts:144:42)
    at Promise.then.completed (C:\Users\user\Desktop\Kiro\AWS project\FinanceFarmSimulator\node_modules\jest-circus\build\utils.js:298:28)
    at new Promise (&lt;anonymous&gt;)
    at callAsyncCircusFn (C:\Users\user\Desktop\Kiro\AWS project\FinanceFarmSimulator\node_modules\jest-circus\build\utils.js:231:10)
    at _callCircusHook (C:\Users\user\Desktop\Kiro\AWS project\FinanceFarmSimulator\node_modules\jest-circus\build\run.js:281:40)
    at _runTest (C:\Users\user\Desktop\Kiro\AWS project\FinanceFarmSimulator\node_modules\jest-circus\build\run.js:246:5)
    at _runTestsForDescribeBlock (C:\Users\user\Desktop\Kiro\AWS project\FinanceFarmSimulator\node_modules\jest-circus\build\run.js:126:9)
    at _runTestsForDescribeBlock (C:\Users\user\Desktop\Kiro\AWS project\FinanceFarmSimulator\node_modules\jest-circus\build\run.js:121:9)
    at _runTestsForDescribeBlock (C:\Users\user\Desktop\Kiro\AWS project\FinanceFarmSimulator\node_modules\jest-circus\build\run.js:121:9)
    at run (C:\Users\user\Desktop\Kiro\AWS project\FinanceFarmSimulator\node_modules\jest-circus\build\run.js:71:3)
    at runAndTransformResultsToJestFormat (C:\Users\user\Desktop\Kiro\AWS project\FinanceFarmSimulator\node_modules\jest-circus\build\legacy-code-todo-rewrite\jestAdapterInit.js:122:21)
    at jestAdapter (C:\Users\user\Desktop\Kiro\AWS project\FinanceFarmSimulator\node_modules\jest-circus\build\legacy-code-todo-rewrite\jestAdapter.js:79:19)
    at runTestInternal (C:\Users\user\Desktop\Kiro\AWS project\FinanceFarmSimulator\node_modules\jest-runner\build\runTest.js:367:16)
    at runTest (C:\Users\user\Desktop\Kiro\AWS project\FinanceFarmSimulator\node_modules\jest-runner\build\runTest.js:444:34)</failure>
    </testcase>
    <testcase classname="ParentalControlService requestApproval should create approval request for a child" name="ParentalControlService requestApproval should create approval request for a child" time="0.003">
      <failure>TypeError: Cannot read properties of undefined (reading &apos;mockReturnValue&apos;)
    at Object.mockReturnValue (C:\Users\user\Desktop\Kiro\AWS project\FinanceFarmSimulator\src\services\__tests__\ParentalControlService.test.ts:144:42)
    at Promise.then.completed (C:\Users\user\Desktop\Kiro\AWS project\FinanceFarmSimulator\node_modules\jest-circus\build\utils.js:298:28)
    at new Promise (&lt;anonymous&gt;)
    at callAsyncCircusFn (C:\Users\user\Desktop\Kiro\AWS project\FinanceFarmSimulator\node_modules\jest-circus\build\utils.js:231:10)
    at _callCircusHook (C:\Users\user\Desktop\Kiro\AWS project\FinanceFarmSimulator\node_modules\jest-circus\build\run.js:281:40)
    at _runTest (C:\Users\user\Desktop\Kiro\AWS project\FinanceFarmSimulator\node_modules\jest-circus\build\run.js:246:5)
    at _runTestsForDescribeBlock (C:\Users\user\Desktop\Kiro\AWS project\FinanceFarmSimulator\node_modules\jest-circus\build\run.js:126:9)
    at _runTestsForDescribeBlock (C:\Users\user\Desktop\Kiro\AWS project\FinanceFarmSimulator\node_modules\jest-circus\build\run.js:121:9)
    at _runTestsForDescribeBlock (C:\Users\user\Desktop\Kiro\AWS project\FinanceFarmSimulator\node_modules\jest-circus\build\run.js:121:9)
    at run (C:\Users\user\Desktop\Kiro\AWS project\FinanceFarmSimulator\node_modules\jest-circus\build\run.js:71:3)
    at runAndTransformResultsToJestFormat (C:\Users\user\Desktop\Kiro\AWS project\FinanceFarmSimulator\node_modules\jest-circus\build\legacy-code-todo-rewrite\jestAdapterInit.js:122:21)
    at jestAdapter (C:\Users\user\Desktop\Kiro\AWS project\FinanceFarmSimulator\node_modules\jest-circus\build\legacy-code-todo-rewrite\jestAdapter.js:79:19)
    at runTestInternal (C:\Users\user\Desktop\Kiro\AWS project\FinanceFarmSimulator\node_modules\jest-runner\build\runTest.js:367:16)
    at runTest (C:\Users\user\Desktop\Kiro\AWS project\FinanceFarmSimulator\node_modules\jest-runner\build\runTest.js:444:34)</failure>
    </testcase>
    <testcase classname="ParentalControlService requestApproval should throw error if child is not linked to any parent" name="ParentalControlService requestApproval should throw error if child is not linked to any parent" time="0.008">
      <failure>TypeError: Cannot read properties of undefined (reading &apos;mockReturnValue&apos;)
    at Object.mockReturnValue (C:\Users\user\Desktop\Kiro\AWS project\FinanceFarmSimulator\src\services\__tests__\ParentalControlService.test.ts:144:42)
    at Promise.then.completed (C:\Users\user\Desktop\Kiro\AWS project\FinanceFarmSimulator\node_modules\jest-circus\build\utils.js:298:28)
    at new Promise (&lt;anonymous&gt;)
    at callAsyncCircusFn (C:\Users\user\Desktop\Kiro\AWS project\FinanceFarmSimulator\node_modules\jest-circus\build\utils.js:231:10)
    at _callCircusHook (C:\Users\user\Desktop\Kiro\AWS project\FinanceFarmSimulator\node_modules\jest-circus\build\run.js:281:40)
    at _runTest (C:\Users\user\Desktop\Kiro\AWS project\FinanceFarmSimulator\node_modules\jest-circus\build\run.js:246:5)
    at _runTestsForDescribeBlock (C:\Users\user\Desktop\Kiro\AWS project\FinanceFarmSimulator\node_modules\jest-circus\build\run.js:126:9)
    at _runTestsForDescribeBlock (C:\Users\user\Desktop\Kiro\AWS project\FinanceFarmSimulator\node_modules\jest-circus\build\run.js:121:9)
    at _runTestsForDescribeBlock (C:\Users\user\Desktop\Kiro\AWS project\FinanceFarmSimulator\node_modules\jest-circus\build\run.js:121:9)
    at run (C:\Users\user\Desktop\Kiro\AWS project\FinanceFarmSimulator\node_modules\jest-circus\build\run.js:71:3)
    at runAndTransformResultsToJestFormat (C:\Users\user\Desktop\Kiro\AWS project\FinanceFarmSimulator\node_modules\jest-circus\build\legacy-code-todo-rewrite\jestAdapterInit.js:122:21)
    at jestAdapter (C:\Users\user\Desktop\Kiro\AWS project\FinanceFarmSimulator\node_modules\jest-circus\build\legacy-code-todo-rewrite\jestAdapter.js:79:19)
    at runTestInternal (C:\Users\user\Desktop\Kiro\AWS project\FinanceFarmSimulator\node_modules\jest-runner\build\runTest.js:367:16)
    at runTest (C:\Users\user\Desktop\Kiro\AWS project\FinanceFarmSimulator\node_modules\jest-runner\build\runTest.js:444:34)</failure>
    </testcase>
    <testcase classname="ParentalControlService approveRequest should approve a request and log activity" name="ParentalControlService approveRequest should approve a request and log activity" time="0.003">
      <failure>TypeError: Cannot read properties of undefined (reading &apos;mockReturnValue&apos;)
    at Object.mockReturnValue (C:\Users\user\Desktop\Kiro\AWS project\FinanceFarmSimulator\src\services\__tests__\ParentalControlService.test.ts:144:42)
    at Promise.then.completed (C:\Users\user\Desktop\Kiro\AWS project\FinanceFarmSimulator\node_modules\jest-circus\build\utils.js:298:28)
    at new Promise (&lt;anonymous&gt;)
    at callAsyncCircusFn (C:\Users\user\Desktop\Kiro\AWS project\FinanceFarmSimulator\node_modules\jest-circus\build\utils.js:231:10)
    at _callCircusHook (C:\Users\user\Desktop\Kiro\AWS project\FinanceFarmSimulator\node_modules\jest-circus\build\run.js:281:40)
    at _runTest (C:\Users\user\Desktop\Kiro\AWS project\FinanceFarmSimulator\node_modules\jest-circus\build\run.js:246:5)
    at _runTestsForDescribeBlock (C:\Users\user\Desktop\Kiro\AWS project\FinanceFarmSimulator\node_modules\jest-circus\build\run.js:126:9)
    at _runTestsForDescribeBlock (C:\Users\user\Desktop\Kiro\AWS project\FinanceFarmSimulator\node_modules\jest-circus\build\run.js:121:9)
    at _runTestsForDescribeBlock (C:\Users\user\Desktop\Kiro\AWS project\FinanceFarmSimulator\node_modules\jest-circus\build\run.js:121:9)
    at run (C:\Users\user\Desktop\Kiro\AWS project\FinanceFarmSimulator\node_modules\jest-circus\build\run.js:71:3)
    at runAndTransformResultsToJestFormat (C:\Users\user\Desktop\Kiro\AWS project\FinanceFarmSimulator\node_modules\jest-circus\build\legacy-code-todo-rewrite\jestAdapterInit.js:122:21)
    at jestAdapter (C:\Users\user\Desktop\Kiro\AWS project\FinanceFarmSimulator\node_modules\jest-circus\build\legacy-code-todo-rewrite\jestAdapter.js:79:19)
    at runTestInternal (C:\Users\user\Desktop\Kiro\AWS project\FinanceFarmSimulator\node_modules\jest-runner\build\runTest.js:367:16)
    at runTest (C:\Users\user\Desktop\Kiro\AWS project\FinanceFarmSimulator\node_modules\jest-runner\build\runTest.js:444:34)</failure>
    </testcase>
    <testcase classname="ParentalControlService setupAllowance should create allowance configuration for a child" name="ParentalControlService setupAllowance should create allowance configuration for a child" time="0.006">
      <failure>TypeError: Cannot read properties of undefined (reading &apos;mockReturnValue&apos;)
    at Object.mockReturnValue (C:\Users\user\Desktop\Kiro\AWS project\FinanceFarmSimulator\src\services\__tests__\ParentalControlService.test.ts:144:42)
    at Promise.then.completed (C:\Users\user\Desktop\Kiro\AWS project\FinanceFarmSimulator\node_modules\jest-circus\build\utils.js:298:28)
    at new Promise (&lt;anonymous&gt;)
    at callAsyncCircusFn (C:\Users\user\Desktop\Kiro\AWS project\FinanceFarmSimulator\node_modules\jest-circus\build\utils.js:231:10)
    at _callCircusHook (C:\Users\user\Desktop\Kiro\AWS project\FinanceFarmSimulator\node_modules\jest-circus\build\run.js:281:40)
    at _runTest (C:\Users\user\Desktop\Kiro\AWS project\FinanceFarmSimulator\node_modules\jest-circus\build\run.js:246:5)
    at _runTestsForDescribeBlock (C:\Users\user\Desktop\Kiro\AWS project\FinanceFarmSimulator\node_modules\jest-circus\build\run.js:126:9)
    at _runTestsForDescribeBlock (C:\Users\user\Desktop\Kiro\AWS project\FinanceFarmSimulator\node_modules\jest-circus\build\run.js:121:9)
    at _runTestsForDescribeBlock (C:\Users\user\Desktop\Kiro\AWS project\FinanceFarmSimulator\node_modules\jest-circus\build\run.js:121:9)
    at run (C:\Users\user\Desktop\Kiro\AWS project\FinanceFarmSimulator\node_modules\jest-circus\build\run.js:71:3)
    at runAndTransformResultsToJestFormat (C:\Users\user\Desktop\Kiro\AWS project\FinanceFarmSimulator\node_modules\jest-circus\build\legacy-code-todo-rewrite\jestAdapterInit.js:122:21)
    at jestAdapter (C:\Users\user\Desktop\Kiro\AWS project\FinanceFarmSimulator\node_modules\jest-circus\build\legacy-code-todo-rewrite\jestAdapter.js:79:19)
    at runTestInternal (C:\Users\user\Desktop\Kiro\AWS project\FinanceFarmSimulator\node_modules\jest-runner\build\runTest.js:367:16)
    at runTest (C:\Users\user\Desktop\Kiro\AWS project\FinanceFarmSimulator\node_modules\jest-runner\build\runTest.js:444:34)</failure>
    </testcase>
    <testcase classname="ParentalControlService setupAllowance should throw error if parent-child relationship not found" name="ParentalControlService setupAllowance should throw error if parent-child relationship not found" time="0.003">
      <failure>TypeError: Cannot read properties of undefined (reading &apos;mockReturnValue&apos;)
    at Object.mockReturnValue (C:\Users\user\Desktop\Kiro\AWS project\FinanceFarmSimulator\src\services\__tests__\ParentalControlService.test.ts:144:42)
    at Promise.then.completed (C:\Users\user\Desktop\Kiro\AWS project\FinanceFarmSimulator\node_modules\jest-circus\build\utils.js:298:28)
    at new Promise (&lt;anonymous&gt;)
    at callAsyncCircusFn (C:\Users\user\Desktop\Kiro\AWS project\FinanceFarmSimulator\node_modules\jest-circus\build\utils.js:231:10)
    at _callCircusHook (C:\Users\user\Desktop\Kiro\AWS project\FinanceFarmSimulator\node_modules\jest-circus\build\run.js:281:40)
    at _runTest (C:\Users\user\Desktop\Kiro\AWS project\FinanceFarmSimulator\node_modules\jest-circus\build\run.js:246:5)
    at _runTestsForDescribeBlock (C:\Users\user\Desktop\Kiro\AWS project\FinanceFarmSimulator\node_modules\jest-circus\build\run.js:126:9)
    at _runTestsForDescribeBlock (C:\Users\user\Desktop\Kiro\AWS project\FinanceFarmSimulator\node_modules\jest-circus\build\run.js:121:9)
    at _runTestsForDescribeBlock (C:\Users\user\Desktop\Kiro\AWS project\FinanceFarmSimulator\node_modules\jest-circus\build\run.js:121:9)
    at run (C:\Users\user\Desktop\Kiro\AWS project\FinanceFarmSimulator\node_modules\jest-circus\build\run.js:71:3)
    at runAndTransformResultsToJestFormat (C:\Users\user\Desktop\Kiro\AWS project\FinanceFarmSimulator\node_modules\jest-circus\build\legacy-code-todo-rewrite\jestAdapterInit.js:122:21)
    at jestAdapter (C:\Users\user\Desktop\Kiro\AWS project\FinanceFarmSimulator\node_modules\jest-circus\build\legacy-code-todo-rewrite\jestAdapter.js:79:19)
    at runTestInternal (C:\Users\user\Desktop\Kiro\AWS project\FinanceFarmSimulator\node_modules\jest-runner\build\runTest.js:367:16)
    at runTest (C:\Users\user\Desktop\Kiro\AWS project\FinanceFarmSimulator\node_modules\jest-runner\build\runTest.js:444:34)</failure>
    </testcase>
    <testcase classname="ParentalControlService createChore should create a chore for a child" name="ParentalControlService createChore should create a chore for a child" time="0.002">
      <failure>TypeError: Cannot read properties of undefined (reading &apos;mockReturnValue&apos;)
    at Object.mockReturnValue (C:\Users\user\Desktop\Kiro\AWS project\FinanceFarmSimulator\src\services\__tests__\ParentalControlService.test.ts:144:42)
    at Promise.then.completed (C:\Users\user\Desktop\Kiro\AWS project\FinanceFarmSimulator\node_modules\jest-circus\build\utils.js:298:28)
    at new Promise (&lt;anonymous&gt;)
    at callAsyncCircusFn (C:\Users\user\Desktop\Kiro\AWS project\FinanceFarmSimulator\node_modules\jest-circus\build\utils.js:231:10)
    at _callCircusHook (C:\Users\user\Desktop\Kiro\AWS project\FinanceFarmSimulator\node_modules\jest-circus\build\run.js:281:40)
    at _runTest (C:\Users\user\Desktop\Kiro\AWS project\FinanceFarmSimulator\node_modules\jest-circus\build\run.js:246:5)
    at _runTestsForDescribeBlock (C:\Users\user\Desktop\Kiro\AWS project\FinanceFarmSimulator\node_modules\jest-circus\build\run.js:126:9)
    at _runTestsForDescribeBlock (C:\Users\user\Desktop\Kiro\AWS project\FinanceFarmSimulator\node_modules\jest-circus\build\run.js:121:9)
    at _runTestsForDescribeBlock (C:\Users\user\Desktop\Kiro\AWS project\FinanceFarmSimulator\node_modules\jest-circus\build\run.js:121:9)
    at run (C:\Users\user\Desktop\Kiro\AWS project\FinanceFarmSimulator\node_modules\jest-circus\build\run.js:71:3)
    at runAndTransformResultsToJestFormat (C:\Users\user\Desktop\Kiro\AWS project\FinanceFarmSimulator\node_modules\jest-circus\build\legacy-code-todo-rewrite\jestAdapterInit.js:122:21)
    at jestAdapter (C:\Users\user\Desktop\Kiro\AWS project\FinanceFarmSimulator\node_modules\jest-circus\build\legacy-code-todo-rewrite\jestAdapter.js:79:19)
    at runTestInternal (C:\Users\user\Desktop\Kiro\AWS project\FinanceFarmSimulator\node_modules\jest-runner\build\runTest.js:367:16)
    at runTest (C:\Users\user\Desktop\Kiro\AWS project\FinanceFarmSimulator\node_modules\jest-runner\build\runTest.js:444:34)</failure>
    </testcase>
    <testcase classname="ParentalControlService completeChore should mark chore as completed and log activity" name="ParentalControlService completeChore should mark chore as completed and log activity" time="0.003">
      <failure>TypeError: Cannot read properties of undefined (reading &apos;mockReturnValue&apos;)
    at Object.mockReturnValue (C:\Users\user\Desktop\Kiro\AWS project\FinanceFarmSimulator\src\services\__tests__\ParentalControlService.test.ts:144:42)
    at Promise.then.completed (C:\Users\user\Desktop\Kiro\AWS project\FinanceFarmSimulator\node_modules\jest-circus\build\utils.js:298:28)
    at new Promise (&lt;anonymous&gt;)
    at callAsyncCircusFn (C:\Users\user\Desktop\Kiro\AWS project\FinanceFarmSimulator\node_modules\jest-circus\build\utils.js:231:10)
    at _callCircusHook (C:\Users\user\Desktop\Kiro\AWS project\FinanceFarmSimulator\node_modules\jest-circus\build\run.js:281:40)
    at _runTest (C:\Users\user\Desktop\Kiro\AWS project\FinanceFarmSimulator\node_modules\jest-circus\build\run.js:246:5)
    at _runTestsForDescribeBlock (C:\Users\user\Desktop\Kiro\AWS project\FinanceFarmSimulator\node_modules\jest-circus\build\run.js:126:9)
    at _runTestsForDescribeBlock (C:\Users\user\Desktop\Kiro\AWS project\FinanceFarmSimulator\node_modules\jest-circus\build\run.js:121:9)
    at _runTestsForDescribeBlock (C:\Users\user\Desktop\Kiro\AWS project\FinanceFarmSimulator\node_modules\jest-circus\build\run.js:121:9)
    at run (C:\Users\user\Desktop\Kiro\AWS project\FinanceFarmSimulator\node_modules\jest-circus\build\run.js:71:3)
    at runAndTransformResultsToJestFormat (C:\Users\user\Desktop\Kiro\AWS project\FinanceFarmSimulator\node_modules\jest-circus\build\legacy-code-todo-rewrite\jestAdapterInit.js:122:21)
    at jestAdapter (C:\Users\user\Desktop\Kiro\AWS project\FinanceFarmSimulator\node_modules\jest-circus\build\legacy-code-todo-rewrite\jestAdapter.js:79:19)
    at runTestInternal (C:\Users\user\Desktop\Kiro\AWS project\FinanceFarmSimulator\node_modules\jest-runner\build\runTest.js:367:16)
    at runTest (C:\Users\user\Desktop\Kiro\AWS project\FinanceFarmSimulator\node_modules\jest-runner\build\runTest.js:444:34)</failure>
    </testcase>
    <testcase classname="ParentalControlService completeChore should throw error if chore not found" name="ParentalControlService completeChore should throw error if chore not found" time="0.002">
      <failure>TypeError: Cannot read properties of undefined (reading &apos;mockReturnValue&apos;)
    at Object.mockReturnValue (C:\Users\user\Desktop\Kiro\AWS project\FinanceFarmSimulator\src\services\__tests__\ParentalControlService.test.ts:144:42)
    at Promise.then.completed (C:\Users\user\Desktop\Kiro\AWS project\FinanceFarmSimulator\node_modules\jest-circus\build\utils.js:298:28)
    at new Promise (&lt;anonymous&gt;)
    at callAsyncCircusFn (C:\Users\user\Desktop\Kiro\AWS project\FinanceFarmSimulator\node_modules\jest-circus\build\utils.js:231:10)
    at _callCircusHook (C:\Users\user\Desktop\Kiro\AWS project\FinanceFarmSimulator\node_modules\jest-circus\build\run.js:281:40)
    at _runTest (C:\Users\user\Desktop\Kiro\AWS project\FinanceFarmSimulator\node_modules\jest-circus\build\run.js:246:5)
    at _runTestsForDescribeBlock (C:\Users\user\Desktop\Kiro\AWS project\FinanceFarmSimulator\node_modules\jest-circus\build\run.js:126:9)
    at _runTestsForDescribeBlock (C:\Users\user\Desktop\Kiro\AWS project\FinanceFarmSimulator\node_modules\jest-circus\build\run.js:121:9)
    at _runTestsForDescribeBlock (C:\Users\user\Desktop\Kiro\AWS project\FinanceFarmSimulator\node_modules\jest-circus\build\run.js:121:9)
    at run (C:\Users\user\Desktop\Kiro\AWS project\FinanceFarmSimulator\node_modules\jest-circus\build\run.js:71:3)
    at runAndTransformResultsToJestFormat (C:\Users\user\Desktop\Kiro\AWS project\FinanceFarmSimulator\node_modules\jest-circus\build\legacy-code-todo-rewrite\jestAdapterInit.js:122:21)
    at jestAdapter (C:\Users\user\Desktop\Kiro\AWS project\FinanceFarmSimulator\node_modules\jest-circus\build\legacy-code-todo-rewrite\jestAdapter.js:79:19)
    at runTestInternal (C:\Users\user\Desktop\Kiro\AWS project\FinanceFarmSimulator\node_modules\jest-runner\build\runTest.js:367:16)
    at runTest (C:\Users\user\Desktop\Kiro\AWS project\FinanceFarmSimulator\node_modules\jest-runner\build\runTest.js:444:34)</failure>
    </testcase>
    <testcase classname="ParentalControlService approveChore should approve chore, create income, and log activity" name="ParentalControlService approveChore should approve chore, create income, and log activity" time="0.002">
      <failure>TypeError: Cannot read properties of undefined (reading &apos;mockReturnValue&apos;)
    at Object.mockReturnValue (C:\Users\user\Desktop\Kiro\AWS project\FinanceFarmSimulator\src\services\__tests__\ParentalControlService.test.ts:144:42)
    at Promise.then.completed (C:\Users\user\Desktop\Kiro\AWS project\FinanceFarmSimulator\node_modules\jest-circus\build\utils.js:298:28)
    at new Promise (&lt;anonymous&gt;)
    at callAsyncCircusFn (C:\Users\user\Desktop\Kiro\AWS project\FinanceFarmSimulator\node_modules\jest-circus\build\utils.js:231:10)
    at _callCircusHook (C:\Users\user\Desktop\Kiro\AWS project\FinanceFarmSimulator\node_modules\jest-circus\build\run.js:281:40)
    at _runTest (C:\Users\user\Desktop\Kiro\AWS project\FinanceFarmSimulator\node_modules\jest-circus\build\run.js:246:5)
    at _runTestsForDescribeBlock (C:\Users\user\Desktop\Kiro\AWS project\FinanceFarmSimulator\node_modules\jest-circus\build\run.js:126:9)
    at _runTestsForDescribeBlock (C:\Users\user\Desktop\Kiro\AWS project\FinanceFarmSimulator\node_modules\jest-circus\build\run.js:121:9)
    at _runTestsForDescribeBlock (C:\Users\user\Desktop\Kiro\AWS project\FinanceFarmSimulator\node_modules\jest-circus\build\run.js:121:9)
    at run (C:\Users\user\Desktop\Kiro\AWS project\FinanceFarmSimulator\node_modules\jest-circus\build\run.js:71:3)
    at runAndTransformResultsToJestFormat (C:\Users\user\Desktop\Kiro\AWS project\FinanceFarmSimulator\node_modules\jest-circus\build\legacy-code-todo-rewrite\jestAdapterInit.js:122:21)
    at jestAdapter (C:\Users\user\Desktop\Kiro\AWS project\FinanceFarmSimulator\node_modules\jest-circus\build\legacy-code-todo-rewrite\jestAdapter.js:79:19)
    at runTestInternal (C:\Users\user\Desktop\Kiro\AWS project\FinanceFarmSimulator\node_modules\jest-runner\build\runTest.js:367:16)
    at runTest (C:\Users\user\Desktop\Kiro\AWS project\FinanceFarmSimulator\node_modules\jest-runner\build\runTest.js:444:34)</failure>
    </testcase>
    <testcase classname="ParentalControlService approveChore should create recurring instances for recurring chores" name="ParentalControlService approveChore should create recurring instances for recurring chores" time="0.003">
      <failure>TypeError: Cannot read properties of undefined (reading &apos;mockReturnValue&apos;)
    at Object.mockReturnValue (C:\Users\user\Desktop\Kiro\AWS project\FinanceFarmSimulator\src\services\__tests__\ParentalControlService.test.ts:144:42)
    at Promise.then.completed (C:\Users\user\Desktop\Kiro\AWS project\FinanceFarmSimulator\node_modules\jest-circus\build\utils.js:298:28)
    at new Promise (&lt;anonymous&gt;)
    at callAsyncCircusFn (C:\Users\user\Desktop\Kiro\AWS project\FinanceFarmSimulator\node_modules\jest-circus\build\utils.js:231:10)
    at _callCircusHook (C:\Users\user\Desktop\Kiro\AWS project\FinanceFarmSimulator\node_modules\jest-circus\build\run.js:281:40)
    at _runTest (C:\Users\user\Desktop\Kiro\AWS project\FinanceFarmSimulator\node_modules\jest-circus\build\run.js:246:5)
    at _runTestsForDescribeBlock (C:\Users\user\Desktop\Kiro\AWS project\FinanceFarmSimulator\node_modules\jest-circus\build\run.js:126:9)
    at _runTestsForDescribeBlock (C:\Users\user\Desktop\Kiro\AWS project\FinanceFarmSimulator\node_modules\jest-circus\build\run.js:121:9)
    at _runTestsForDescribeBlock (C:\Users\user\Desktop\Kiro\AWS project\FinanceFarmSimulator\node_modules\jest-circus\build\run.js:121:9)
    at run (C:\Users\user\Desktop\Kiro\AWS project\FinanceFarmSimulator\node_modules\jest-circus\build\run.js:71:3)
    at runAndTransformResultsToJestFormat (C:\Users\user\Desktop\Kiro\AWS project\FinanceFarmSimulator\node_modules\jest-circus\build\legacy-code-todo-rewrite\jestAdapterInit.js:122:21)
    at jestAdapter (C:\Users\user\Desktop\Kiro\AWS project\FinanceFarmSimulator\node_modules\jest-circus\build\legacy-code-todo-rewrite\jestAdapter.js:79:19)
    at runTestInternal (C:\Users\user\Desktop\Kiro\AWS project\FinanceFarmSimulator\node_modules\jest-runner\build\runTest.js:367:16)
    at runTest (C:\Users\user\Desktop\Kiro\AWS project\FinanceFarmSimulator\node_modules\jest-runner\build\runTest.js:444:34)</failure>
    </testcase>
    <testcase classname="ParentalControlService validateChildAction should allow action if no restrictions are violated" name="ParentalControlService validateChildAction should allow action if no restrictions are violated" time="0.002">
      <failure>TypeError: Cannot read properties of undefined (reading &apos;mockReturnValue&apos;)
    at Object.mockReturnValue (C:\Users\user\Desktop\Kiro\AWS project\FinanceFarmSimulator\src\services\__tests__\ParentalControlService.test.ts:144:42)
    at Promise.then.completed (C:\Users\user\Desktop\Kiro\AWS project\FinanceFarmSimulator\node_modules\jest-circus\build\utils.js:298:28)
    at new Promise (&lt;anonymous&gt;)
    at callAsyncCircusFn (C:\Users\user\Desktop\Kiro\AWS project\FinanceFarmSimulator\node_modules\jest-circus\build\utils.js:231:10)
    at _callCircusHook (C:\Users\user\Desktop\Kiro\AWS project\FinanceFarmSimulator\node_modules\jest-circus\build\run.js:281:40)
    at _runTest (C:\Users\user\Desktop\Kiro\AWS project\FinanceFarmSimulator\node_modules\jest-circus\build\run.js:246:5)
    at _runTestsForDescribeBlock (C:\Users\user\Desktop\Kiro\AWS project\FinanceFarmSimulator\node_modules\jest-circus\build\run.js:126:9)
    at _runTestsForDescribeBlock (C:\Users\user\Desktop\Kiro\AWS project\FinanceFarmSimulator\node_modules\jest-circus\build\run.js:121:9)
    at _runTestsForDescribeBlock (C:\Users\user\Desktop\Kiro\AWS project\FinanceFarmSimulator\node_modules\jest-circus\build\run.js:121:9)
    at run (C:\Users\user\Desktop\Kiro\AWS project\FinanceFarmSimulator\node_modules\jest-circus\build\run.js:71:3)
    at runAndTransformResultsToJestFormat (C:\Users\user\Desktop\Kiro\AWS project\FinanceFarmSimulator\node_modules\jest-circus\build\legacy-code-todo-rewrite\jestAdapterInit.js:122:21)
    at jestAdapter (C:\Users\user\Desktop\Kiro\AWS project\FinanceFarmSimulator\node_modules\jest-circus\build\legacy-code-todo-rewrite\jestAdapter.js:79:19)
    at runTestInternal (C:\Users\user\Desktop\Kiro\AWS project\FinanceFarmSimulator\node_modules\jest-runner\build\runTest.js:367:16)
    at runTest (C:\Users\user\Desktop\Kiro\AWS project\FinanceFarmSimulator\node_modules\jest-runner\build\runTest.js:444:34)</failure>
    </testcase>
    <testcase classname="ParentalControlService validateChildAction should deny action if restriction is violated" name="ParentalControlService validateChildAction should deny action if restriction is violated" time="0.005">
      <failure>TypeError: Cannot read properties of undefined (reading &apos;mockReturnValue&apos;)
    at Object.mockReturnValue (C:\Users\user\Desktop\Kiro\AWS project\FinanceFarmSimulator\src\services\__tests__\ParentalControlService.test.ts:144:42)
    at Promise.then.completed (C:\Users\user\Desktop\Kiro\AWS project\FinanceFarmSimulator\node_modules\jest-circus\build\utils.js:298:28)
    at new Promise (&lt;anonymous&gt;)
    at callAsyncCircusFn (C:\Users\user\Desktop\Kiro\AWS project\FinanceFarmSimulator\node_modules\jest-circus\build\utils.js:231:10)
    at _callCircusHook (C:\Users\user\Desktop\Kiro\AWS project\FinanceFarmSimulator\node_modules\jest-circus\build\run.js:281:40)
    at _runTest (C:\Users\user\Desktop\Kiro\AWS project\FinanceFarmSimulator\node_modules\jest-circus\build\run.js:246:5)
    at _runTestsForDescribeBlock (C:\Users\user\Desktop\Kiro\AWS project\FinanceFarmSimulator\node_modules\jest-circus\build\run.js:126:9)
    at _runTestsForDescribeBlock (C:\Users\user\Desktop\Kiro\AWS project\FinanceFarmSimulator\node_modules\jest-circus\build\run.js:121:9)
    at _runTestsForDescribeBlock (C:\Users\user\Desktop\Kiro\AWS project\FinanceFarmSimulator\node_modules\jest-circus\build\run.js:121:9)
    at run (C:\Users\user\Desktop\Kiro\AWS project\FinanceFarmSimulator\node_modules\jest-circus\build\run.js:71:3)
    at runAndTransformResultsToJestFormat (C:\Users\user\Desktop\Kiro\AWS project\FinanceFarmSimulator\node_modules\jest-circus\build\legacy-code-todo-rewrite\jestAdapterInit.js:122:21)
    at jestAdapter (C:\Users\user\Desktop\Kiro\AWS project\FinanceFarmSimulator\node_modules\jest-circus\build\legacy-code-todo-rewrite\jestAdapter.js:79:19)
    at runTestInternal (C:\Users\user\Desktop\Kiro\AWS project\FinanceFarmSimulator\node_modules\jest-runner\build\runTest.js:367:16)
    at runTest (C:\Users\user\Desktop\Kiro\AWS project\FinanceFarmSimulator\node_modules\jest-runner\build\runTest.js:444:34)</failure>
    </testcase>
    <testcase classname="ParentalControlService getChildReport should return comprehensive child report" name="ParentalControlService getChildReport should return comprehensive child report" time="0.003">
      <failure>TypeError: Cannot read properties of undefined (reading &apos;mockReturnValue&apos;)
    at Object.mockReturnValue (C:\Users\user\Desktop\Kiro\AWS project\FinanceFarmSimulator\src\services\__tests__\ParentalControlService.test.ts:144:42)
    at Promise.then.completed (C:\Users\user\Desktop\Kiro\AWS project\FinanceFarmSimulator\node_modules\jest-circus\build\utils.js:298:28)
    at new Promise (&lt;anonymous&gt;)
    at callAsyncCircusFn (C:\Users\user\Desktop\Kiro\AWS project\FinanceFarmSimulator\node_modules\jest-circus\build\utils.js:231:10)
    at _callCircusHook (C:\Users\user\Desktop\Kiro\AWS project\FinanceFarmSimulator\node_modules\jest-circus\build\run.js:281:40)
    at _runTest (C:\Users\user\Desktop\Kiro\AWS project\FinanceFarmSimulator\node_modules\jest-circus\build\run.js:246:5)
    at _runTestsForDescribeBlock (C:\Users\user\Desktop\Kiro\AWS project\FinanceFarmSimulator\node_modules\jest-circus\build\run.js:126:9)
    at _runTestsForDescribeBlock (C:\Users\user\Desktop\Kiro\AWS project\FinanceFarmSimulator\node_modules\jest-circus\build\run.js:121:9)
    at _runTestsForDescribeBlock (C:\Users\user\Desktop\Kiro\AWS project\FinanceFarmSimulator\node_modules\jest-circus\build\run.js:121:9)
    at run (C:\Users\user\Desktop\Kiro\AWS project\FinanceFarmSimulator\node_modules\jest-circus\build\run.js:71:3)
    at runAndTransformResultsToJestFormat (C:\Users\user\Desktop\Kiro\AWS project\FinanceFarmSimulator\node_modules\jest-circus\build\legacy-code-todo-rewrite\jestAdapterInit.js:122:21)
    at jestAdapter (C:\Users\user\Desktop\Kiro\AWS project\FinanceFarmSimulator\node_modules\jest-circus\build\legacy-code-todo-rewrite\jestAdapter.js:79:19)
    at runTestInternal (C:\Users\user\Desktop\Kiro\AWS project\FinanceFarmSimulator\node_modules\jest-runner\build\runTest.js:367:16)
    at runTest (C:\Users\user\Desktop\Kiro\AWS project\FinanceFarmSimulator\node_modules\jest-runner\build\runTest.js:444:34)</failure>
    </testcase>
    <testcase classname="ParentalControlService getChildReport should throw error if child not found" name="ParentalControlService getChildReport should throw error if child not found" time="0.002">
      <failure>TypeError: Cannot read properties of undefined (reading &apos;mockReturnValue&apos;)
    at Object.mockReturnValue (C:\Users\user\Desktop\Kiro\AWS project\FinanceFarmSimulator\src\services\__tests__\ParentalControlService.test.ts:144:42)
    at Promise.then.completed (C:\Users\user\Desktop\Kiro\AWS project\FinanceFarmSimulator\node_modules\jest-circus\build\utils.js:298:28)
    at new Promise (&lt;anonymous&gt;)
    at callAsyncCircusFn (C:\Users\user\Desktop\Kiro\AWS project\FinanceFarmSimulator\node_modules\jest-circus\build\utils.js:231:10)
    at _callCircusHook (C:\Users\user\Desktop\Kiro\AWS project\FinanceFarmSimulator\node_modules\jest-circus\build\run.js:281:40)
    at _runTest (C:\Users\user\Desktop\Kiro\AWS project\FinanceFarmSimulator\node_modules\jest-circus\build\run.js:246:5)
    at _runTestsForDescribeBlock (C:\Users\user\Desktop\Kiro\AWS project\FinanceFarmSimulator\node_modules\jest-circus\build\run.js:126:9)
    at _runTestsForDescribeBlock (C:\Users\user\Desktop\Kiro\AWS project\FinanceFarmSimulator\node_modules\jest-circus\build\run.js:121:9)
    at _runTestsForDescribeBlock (C:\Users\user\Desktop\Kiro\AWS project\FinanceFarmSimulator\node_modules\jest-circus\build\run.js:121:9)
    at run (C:\Users\user\Desktop\Kiro\AWS project\FinanceFarmSimulator\node_modules\jest-circus\build\run.js:71:3)
    at runAndTransformResultsToJestFormat (C:\Users\user\Desktop\Kiro\AWS project\FinanceFarmSimulator\node_modules\jest-circus\build\legacy-code-todo-rewrite\jestAdapterInit.js:122:21)
    at jestAdapter (C:\Users\user\Desktop\Kiro\AWS project\FinanceFarmSimulator\node_modules\jest-circus\build\legacy-code-todo-rewrite\jestAdapter.js:79:19)
    at runTestInternal (C:\Users\user\Desktop\Kiro\AWS project\FinanceFarmSimulator\node_modules\jest-runner\build\runTest.js:367:16)
    at runTest (C:\Users\user\Desktop\Kiro\AWS project\FinanceFarmSimulator\node_modules\jest-runner\build\runTest.js:444:34)</failure>
    </testcase>
    <testcase classname="ParentalControlService processDueAllowances should process due allowances and create income records" name="ParentalControlService processDueAllowances should process due allowances and create income records" time="0.003">
      <failure>TypeError: Cannot read properties of undefined (reading &apos;mockReturnValue&apos;)
    at Object.mockReturnValue (C:\Users\user\Desktop\Kiro\AWS project\FinanceFarmSimulator\src\services\__tests__\ParentalControlService.test.ts:144:42)
    at Promise.then.completed (C:\Users\user\Desktop\Kiro\AWS project\FinanceFarmSimulator\node_modules\jest-circus\build\utils.js:298:28)
    at new Promise (&lt;anonymous&gt;)
    at callAsyncCircusFn (C:\Users\user\Desktop\Kiro\AWS project\FinanceFarmSimulator\node_modules\jest-circus\build\utils.js:231:10)
    at _callCircusHook (C:\Users\user\Desktop\Kiro\AWS project\FinanceFarmSimulator\node_modules\jest-circus\build\run.js:281:40)
    at _runTest (C:\Users\user\Desktop\Kiro\AWS project\FinanceFarmSimulator\node_modules\jest-circus\build\run.js:246:5)
    at _runTestsForDescribeBlock (C:\Users\user\Desktop\Kiro\AWS project\FinanceFarmSimulator\node_modules\jest-circus\build\run.js:126:9)
    at _runTestsForDescribeBlock (C:\Users\user\Desktop\Kiro\AWS project\FinanceFarmSimulator\node_modules\jest-circus\build\run.js:121:9)
    at _runTestsForDescribeBlock (C:\Users\user\Desktop\Kiro\AWS project\FinanceFarmSimulator\node_modules\jest-circus\build\run.js:121:9)
    at run (C:\Users\user\Desktop\Kiro\AWS project\FinanceFarmSimulator\node_modules\jest-circus\build\run.js:71:3)
    at runAndTransformResultsToJestFormat (C:\Users\user\Desktop\Kiro\AWS project\FinanceFarmSimulator\node_modules\jest-circus\build\legacy-code-todo-rewrite\jestAdapterInit.js:122:21)
    at jestAdapter (C:\Users\user\Desktop\Kiro\AWS project\FinanceFarmSimulator\node_modules\jest-circus\build\legacy-code-todo-rewrite\jestAdapter.js:79:19)
    at runTestInternal (C:\Users\user\Desktop\Kiro\AWS project\FinanceFarmSimulator\node_modules\jest-runner\build\runTest.js:367:16)
    at runTest (C:\Users\user\Desktop\Kiro\AWS project\FinanceFarmSimulator\node_modules\jest-runner\build\runTest.js:444:34)</failure>
    </testcase>
    <testcase classname="ParentalControlService processDueAllowances should handle errors gracefully and continue processing" name="ParentalControlService processDueAllowances should handle errors gracefully and continue processing" time="0.003">
      <failure>TypeError: Cannot read properties of undefined (reading &apos;mockReturnValue&apos;)
    at Object.mockReturnValue (C:\Users\user\Desktop\Kiro\AWS project\FinanceFarmSimulator\src\services\__tests__\ParentalControlService.test.ts:144:42)
    at Promise.then.completed (C:\Users\user\Desktop\Kiro\AWS project\FinanceFarmSimulator\node_modules\jest-circus\build\utils.js:298:28)
    at new Promise (&lt;anonymous&gt;)
    at callAsyncCircusFn (C:\Users\user\Desktop\Kiro\AWS project\FinanceFarmSimulator\node_modules\jest-circus\build\utils.js:231:10)
    at _callCircusHook (C:\Users\user\Desktop\Kiro\AWS project\FinanceFarmSimulator\node_modules\jest-circus\build\run.js:281:40)
    at _runTest (C:\Users\user\Desktop\Kiro\AWS project\FinanceFarmSimulator\node_modules\jest-circus\build\run.js:246:5)
    at _runTestsForDescribeBlock (C:\Users\user\Desktop\Kiro\AWS project\FinanceFarmSimulator\node_modules\jest-circus\build\run.js:126:9)
    at _runTestsForDescribeBlock (C:\Users\user\Desktop\Kiro\AWS project\FinanceFarmSimulator\node_modules\jest-circus\build\run.js:121:9)
    at _runTestsForDescribeBlock (C:\Users\user\Desktop\Kiro\AWS project\FinanceFarmSimulator\node_modules\jest-circus\build\run.js:121:9)
    at run (C:\Users\user\Desktop\Kiro\AWS project\FinanceFarmSimulator\node_modules\jest-circus\build\run.js:71:3)
    at runAndTransformResultsToJestFormat (C:\Users\user\Desktop\Kiro\AWS project\FinanceFarmSimulator\node_modules\jest-circus\build\legacy-code-todo-rewrite\jestAdapterInit.js:122:21)
    at jestAdapter (C:\Users\user\Desktop\Kiro\AWS project\FinanceFarmSimulator\node_modules\jest-circus\build\legacy-code-todo-rewrite\jestAdapter.js:79:19)
    at runTestInternal (C:\Users\user\Desktop\Kiro\AWS project\FinanceFarmSimulator\node_modules\jest-runner\build\runTest.js:367:16)
    at runTest (C:\Users\user\Desktop\Kiro\AWS project\FinanceFarmSimulator\node_modules\jest-runner\build\runTest.js:444:34)</failure>
    </testcase>
  </testsuite>
  <testsuite name="AuthService" errors="0" failures="16" skipped="0" timestamp="2025-09-29T19:07:28" time="1.915" tests="20">
    <testcase classname="AuthService register should successfully register a new adult user" name="AuthService register should successfully register a new adult user" time="0.011">
      <failure>TypeError: (0 , _firebase.getFirebaseAuth) is not a function
    at AuthService.&lt;anonymous&gt; (C:\Users\user\Desktop\Kiro\AWS project\FinanceFarmSimulator\src\services\AuthService.ts:76:24)
    at Generator.next (&lt;anonymous&gt;)
    at asyncGeneratorStep (C:\Users\user\Desktop\Kiro\AWS project\FinanceFarmSimulator\node_modules\@babel\runtime\helpers\asyncToGenerator.js:3:17)
    at _next (C:\Users\user\Desktop\Kiro\AWS project\FinanceFarmSimulator\node_modules\@babel\runtime\helpers\asyncToGenerator.js:17:9)
    at C:\Users\user\Desktop\Kiro\AWS project\FinanceFarmSimulator\node_modules\@babel\runtime\helpers\asyncToGenerator.js:22:7
    at new Promise (&lt;anonymous&gt;)
    at AuthService.&lt;anonymous&gt; (C:\Users\user\Desktop\Kiro\AWS project\FinanceFarmSimulator\node_modules\@babel\runtime\helpers\asyncToGenerator.js:14:12)
    at AuthService.apply [as register] (C:\Users\user\Desktop\Kiro\AWS project\FinanceFarmSimulator\src\services\AuthService.ts:64:17)
    at Object.register (C:\Users\user\Desktop\Kiro\AWS project\FinanceFarmSimulator\src\services\__tests__\AuthService.test.ts:96:40)
    at Generator.next (&lt;anonymous&gt;)
    at asyncGeneratorStep (C:\Users\user\Desktop\Kiro\AWS project\FinanceFarmSimulator\node_modules\@babel\runtime\helpers\asyncToGenerator.js:3:17)
    at _next (C:\Users\user\Desktop\Kiro\AWS project\FinanceFarmSimulator\node_modules\@babel\runtime\helpers\asyncToGenerator.js:17:9)
    at C:\Users\user\Desktop\Kiro\AWS project\FinanceFarmSimulator\node_modules\@babel\runtime\helpers\asyncToGenerator.js:22:7
    at new Promise (&lt;anonymous&gt;)
    at Object.&lt;anonymous&gt; (C:\Users\user\Desktop\Kiro\AWS project\FinanceFarmSimulator\node_modules\@babel\runtime\helpers\asyncToGenerator.js:14:12)
    at Promise.then.completed (C:\Users\user\Desktop\Kiro\AWS project\FinanceFarmSimulator\node_modules\jest-circus\build\utils.js:298:28)
    at new Promise (&lt;anonymous&gt;)
    at callAsyncCircusFn (C:\Users\user\Desktop\Kiro\AWS project\FinanceFarmSimulator\node_modules\jest-circus\build\utils.js:231:10)
    at _callCircusTest (C:\Users\user\Desktop\Kiro\AWS project\FinanceFarmSimulator\node_modules\jest-circus\build\run.js:316:40)
    at _runTest (C:\Users\user\Desktop\Kiro\AWS project\FinanceFarmSimulator\node_modules\jest-circus\build\run.js:252:3)
    at _runTestsForDescribeBlock (C:\Users\user\Desktop\Kiro\AWS project\FinanceFarmSimulator\node_modules\jest-circus\build\run.js:126:9)
    at _runTestsForDescribeBlock (C:\Users\user\Desktop\Kiro\AWS project\FinanceFarmSimulator\node_modules\jest-circus\build\run.js:121:9)
    at _runTestsForDescribeBlock (C:\Users\user\Desktop\Kiro\AWS project\FinanceFarmSimulator\node_modules\jest-circus\build\run.js:121:9)
    at run (C:\Users\user\Desktop\Kiro\AWS project\FinanceFarmSimulator\node_modules\jest-circus\build\run.js:71:3)
    at runAndTransformResultsToJestFormat (C:\Users\user\Desktop\Kiro\AWS project\FinanceFarmSimulator\node_modules\jest-circus\build\legacy-code-todo-rewrite\jestAdapterInit.js:122:21)
    at jestAdapter (C:\Users\user\Desktop\Kiro\AWS project\FinanceFarmSimulator\node_modules\jest-circus\build\legacy-code-todo-rewrite\jestAdapter.js:79:19)
    at runTestInternal (C:\Users\user\Desktop\Kiro\AWS project\FinanceFarmSimulator\node_modules\jest-runner\build\runTest.js:367:16)
    at runTest (C:\Users\user\Desktop\Kiro\AWS project\FinanceFarmSimulator\node_modules\jest-runner\build\runTest.js:444:34)</failure>
    </testcase>
    <testcase classname="AuthService register should throw error for child user without parent account" name="AuthService register should throw error for child user without parent account" time="0.021">
    </testcase>
    <testcase classname="AuthService register should successfully register a child user with parent account" name="AuthService register should successfully register a child user with parent account" time="0.009">
      <failure>TypeError: (0 , _firebase.getFirebaseAuth) is not a function
    at AuthService.&lt;anonymous&gt; (C:\Users\user\Desktop\Kiro\AWS project\FinanceFarmSimulator\src\services\AuthService.ts:76:24)
    at Generator.next (&lt;anonymous&gt;)
    at asyncGeneratorStep (C:\Users\user\Desktop\Kiro\AWS project\FinanceFarmSimulator\node_modules\@babel\runtime\helpers\asyncToGenerator.js:3:17)
    at _next (C:\Users\user\Desktop\Kiro\AWS project\FinanceFarmSimulator\node_modules\@babel\runtime\helpers\asyncToGenerator.js:17:9)
    at C:\Users\user\Desktop\Kiro\AWS project\FinanceFarmSimulator\node_modules\@babel\runtime\helpers\asyncToGenerator.js:22:7
    at new Promise (&lt;anonymous&gt;)
    at AuthService.&lt;anonymous&gt; (C:\Users\user\Desktop\Kiro\AWS project\FinanceFarmSimulator\node_modules\@babel\runtime\helpers\asyncToGenerator.js:14:12)
    at AuthService.apply [as register] (C:\Users\user\Desktop\Kiro\AWS project\FinanceFarmSimulator\src\services\AuthService.ts:64:17)
    at Object.register (C:\Users\user\Desktop\Kiro\AWS project\FinanceFarmSimulator\src\services\__tests__\AuthService.test.ts:146:40)
    at Generator.next (&lt;anonymous&gt;)
    at asyncGeneratorStep (C:\Users\user\Desktop\Kiro\AWS project\FinanceFarmSimulator\node_modules\@babel\runtime\helpers\asyncToGenerator.js:3:17)
    at _next (C:\Users\user\Desktop\Kiro\AWS project\FinanceFarmSimulator\node_modules\@babel\runtime\helpers\asyncToGenerator.js:17:9)
    at C:\Users\user\Desktop\Kiro\AWS project\FinanceFarmSimulator\node_modules\@babel\runtime\helpers\asyncToGenerator.js:22:7
    at new Promise (&lt;anonymous&gt;)
    at Object.&lt;anonymous&gt; (C:\Users\user\Desktop\Kiro\AWS project\FinanceFarmSimulator\node_modules\@babel\runtime\helpers\asyncToGenerator.js:14:12)
    at Promise.then.completed (C:\Users\user\Desktop\Kiro\AWS project\FinanceFarmSimulator\node_modules\jest-circus\build\utils.js:298:28)
    at new Promise (&lt;anonymous&gt;)
    at callAsyncCircusFn (C:\Users\user\Desktop\Kiro\AWS project\FinanceFarmSimulator\node_modules\jest-circus\build\utils.js:231:10)
    at _callCircusTest (C:\Users\user\Desktop\Kiro\AWS project\FinanceFarmSimulator\node_modules\jest-circus\build\run.js:316:40)
    at _runTest (C:\Users\user\Desktop\Kiro\AWS project\FinanceFarmSimulator\node_modules\jest-circus\build\run.js:252:3)
    at _runTestsForDescribeBlock (C:\Users\user\Desktop\Kiro\AWS project\FinanceFarmSimulator\node_modules\jest-circus\build\run.js:126:9)
    at _runTestsForDescribeBlock (C:\Users\user\Desktop\Kiro\AWS project\FinanceFarmSimulator\node_modules\jest-circus\build\run.js:121:9)
    at _runTestsForDescribeBlock (C:\Users\user\Desktop\Kiro\AWS project\FinanceFarmSimulator\node_modules\jest-circus\build\run.js:121:9)
    at run (C:\Users\user\Desktop\Kiro\AWS project\FinanceFarmSimulator\node_modules\jest-circus\build\run.js:71:3)
    at runAndTransformResultsToJestFormat (C:\Users\user\Desktop\Kiro\AWS project\FinanceFarmSimulator\node_modules\jest-circus\build\legacy-code-todo-rewrite\jestAdapterInit.js:122:21)
    at jestAdapter (C:\Users\user\Desktop\Kiro\AWS project\FinanceFarmSimulator\node_modules\jest-circus\build\legacy-code-todo-rewrite\jestAdapter.js:79:19)
    at runTestInternal (C:\Users\user\Desktop\Kiro\AWS project\FinanceFarmSimulator\node_modules\jest-runner\build\runTest.js:367:16)
    at runTest (C:\Users\user\Desktop\Kiro\AWS project\FinanceFarmSimulator\node_modules\jest-runner\build\runTest.js:444:34)</failure>
    </testcase>
    <testcase classname="AuthService register should handle registration errors" name="AuthService register should handle registration errors" time="0.05">
      <failure>Error: expect(received).rejects.toThrow(expected)

Expected substring: &quot;An account with this email already exists&quot;
Received message:   &quot;(0 , _firebase.getFirebaseAuth) is not a function&quot;

      74 |       // Create Firebase user
      75 |       const userCredential = await createUserWithEmailAndPassword(
    &gt; 76 |         getFirebaseAuth(),
         |                        ^
      77 |         validatedCredentials.email,
      78 |         validatedCredentials.password
      79 |       );

      at AuthService.&lt;anonymous&gt; (src/services/AuthService.ts:76:24)
      at asyncGeneratorStep (node_modules/@babel/runtime/helpers/asyncToGenerator.js:3:17)
      at _next (node_modules/@babel/runtime/helpers/asyncToGenerator.js:17:9)
      at node_modules/@babel/runtime/helpers/asyncToGenerator.js:22:7
      at AuthService.&lt;anonymous&gt; (node_modules/@babel/runtime/helpers/asyncToGenerator.js:14:12)
      at AuthService.apply [as register] (src/services/AuthService.ts:64:17)
      at Object.register (src/services/__tests__/AuthService.test.ts:160:32)
      at asyncGeneratorStep (node_modules/@babel/runtime/helpers/asyncToGenerator.js:3:17)
      at _next (node_modules/@babel/runtime/helpers/asyncToGenerator.js:17:9)
      at node_modules/@babel/runtime/helpers/asyncToGenerator.js:22:7
      at Object.&lt;anonymous&gt; (node_modules/@babel/runtime/helpers/asyncToGenerator.js:14:12)
    at Object.toThrow (C:\Users\user\Desktop\Kiro\AWS project\FinanceFarmSimulator\node_modules\@jest\expect\node_modules\expect\build\index.js:218:22)
    at Object.toThrow (C:\Users\user\Desktop\Kiro\AWS project\FinanceFarmSimulator\src\services\__tests__\AuthService.test.ts:160:75)
    at Generator.next (&lt;anonymous&gt;)
    at asyncGeneratorStep (C:\Users\user\Desktop\Kiro\AWS project\FinanceFarmSimulator\node_modules\@babel\runtime\helpers\asyncToGenerator.js:3:17)
    at _next (C:\Users\user\Desktop\Kiro\AWS project\FinanceFarmSimulator\node_modules\@babel\runtime\helpers\asyncToGenerator.js:17:9)
    at C:\Users\user\Desktop\Kiro\AWS project\FinanceFarmSimulator\node_modules\@babel\runtime\helpers\asyncToGenerator.js:22:7
    at new Promise (&lt;anonymous&gt;)
    at Object.&lt;anonymous&gt; (C:\Users\user\Desktop\Kiro\AWS project\FinanceFarmSimulator\node_modules\@babel\runtime\helpers\asyncToGenerator.js:14:12)
    at Promise.then.completed (C:\Users\user\Desktop\Kiro\AWS project\FinanceFarmSimulator\node_modules\jest-circus\build\utils.js:298:28)
    at new Promise (&lt;anonymous&gt;)
    at callAsyncCircusFn (C:\Users\user\Desktop\Kiro\AWS project\FinanceFarmSimulator\node_modules\jest-circus\build\utils.js:231:10)
    at _callCircusTest (C:\Users\user\Desktop\Kiro\AWS project\FinanceFarmSimulator\node_modules\jest-circus\build\run.js:316:40)
    at _runTest (C:\Users\user\Desktop\Kiro\AWS project\FinanceFarmSimulator\node_modules\jest-circus\build\run.js:252:3)
    at _runTestsForDescribeBlock (C:\Users\user\Desktop\Kiro\AWS project\FinanceFarmSimulator\node_modules\jest-circus\build\run.js:126:9)
    at _runTestsForDescribeBlock (C:\Users\user\Desktop\Kiro\AWS project\FinanceFarmSimulator\node_modules\jest-circus\build\run.js:121:9)
    at _runTestsForDescribeBlock (C:\Users\user\Desktop\Kiro\AWS project\FinanceFarmSimulator\node_modules\jest-circus\build\run.js:121:9)
    at run (C:\Users\user\Desktop\Kiro\AWS project\FinanceFarmSimulator\node_modules\jest-circus\build\run.js:71:3)
    at runAndTransformResultsToJestFormat (C:\Users\user\Desktop\Kiro\AWS project\FinanceFarmSimulator\node_modules\jest-circus\build\legacy-code-todo-rewrite\jestAdapterInit.js:122:21)
    at jestAdapter (C:\Users\user\Desktop\Kiro\AWS project\FinanceFarmSimulator\node_modules\jest-circus\build\legacy-code-todo-rewrite\jestAdapter.js:79:19)
    at runTestInternal (C:\Users\user\Desktop\Kiro\AWS project\FinanceFarmSimulator\node_modules\jest-runner\build\runTest.js:367:16)
    at runTest (C:\Users\user\Desktop\Kiro\AWS project\FinanceFarmSimulator\node_modules\jest-runner\build\runTest.js:444:34)</failure>
    </testcase>
    <testcase classname="AuthService login should successfully login a user" name="AuthService login should successfully login a user" time="0.007">
      <failure>TypeError: (0 , _firebase.getFirebaseAuth) is not a function
    at AuthService.&lt;anonymous&gt; (C:\Users\user\Desktop\Kiro\AWS project\FinanceFarmSimulator\src\services\AuthService.ts:128:24)
    at Generator.next (&lt;anonymous&gt;)
    at asyncGeneratorStep (C:\Users\user\Desktop\Kiro\AWS project\FinanceFarmSimulator\node_modules\@babel\runtime\helpers\asyncToGenerator.js:3:17)
    at _next (C:\Users\user\Desktop\Kiro\AWS project\FinanceFarmSimulator\node_modules\@babel\runtime\helpers\asyncToGenerator.js:17:9)
    at C:\Users\user\Desktop\Kiro\AWS project\FinanceFarmSimulator\node_modules\@babel\runtime\helpers\asyncToGenerator.js:22:7
    at new Promise (&lt;anonymous&gt;)
    at AuthService.&lt;anonymous&gt; (C:\Users\user\Desktop\Kiro\AWS project\FinanceFarmSimulator\node_modules\@babel\runtime\helpers\asyncToGenerator.js:14:12)
    at AuthService.apply (C:\Users\user\Desktop\Kiro\AWS project\FinanceFarmSimulator\src\services\AuthService.ts:121:14)
    at Object.login (C:\Users\user\Desktop\Kiro\AWS project\FinanceFarmSimulator\src\services\__tests__\AuthService.test.ts:182:40)
    at Generator.next (&lt;anonymous&gt;)
    at asyncGeneratorStep (C:\Users\user\Desktop\Kiro\AWS project\FinanceFarmSimulator\node_modules\@babel\runtime\helpers\asyncToGenerator.js:3:17)
    at _next (C:\Users\user\Desktop\Kiro\AWS project\FinanceFarmSimulator\node_modules\@babel\runtime\helpers\asyncToGenerator.js:17:9)
    at C:\Users\user\Desktop\Kiro\AWS project\FinanceFarmSimulator\node_modules\@babel\runtime\helpers\asyncToGenerator.js:22:7
    at new Promise (&lt;anonymous&gt;)
    at Object.&lt;anonymous&gt; (C:\Users\user\Desktop\Kiro\AWS project\FinanceFarmSimulator\node_modules\@babel\runtime\helpers\asyncToGenerator.js:14:12)
    at Promise.then.completed (C:\Users\user\Desktop\Kiro\AWS project\FinanceFarmSimulator\node_modules\jest-circus\build\utils.js:298:28)
    at new Promise (&lt;anonymous&gt;)
    at callAsyncCircusFn (C:\Users\user\Desktop\Kiro\AWS project\FinanceFarmSimulator\node_modules\jest-circus\build\utils.js:231:10)
    at _callCircusTest (C:\Users\user\Desktop\Kiro\AWS project\FinanceFarmSimulator\node_modules\jest-circus\build\run.js:316:40)
    at _runTest (C:\Users\user\Desktop\Kiro\AWS project\FinanceFarmSimulator\node_modules\jest-circus\build\run.js:252:3)
    at _runTestsForDescribeBlock (C:\Users\user\Desktop\Kiro\AWS project\FinanceFarmSimulator\node_modules\jest-circus\build\run.js:126:9)
    at _runTestsForDescribeBlock (C:\Users\user\Desktop\Kiro\AWS project\FinanceFarmSimulator\node_modules\jest-circus\build\run.js:121:9)
    at _runTestsForDescribeBlock (C:\Users\user\Desktop\Kiro\AWS project\FinanceFarmSimulator\node_modules\jest-circus\build\run.js:121:9)
    at run (C:\Users\user\Desktop\Kiro\AWS project\FinanceFarmSimulator\node_modules\jest-circus\build\run.js:71:3)
    at runAndTransformResultsToJestFormat (C:\Users\user\Desktop\Kiro\AWS project\FinanceFarmSimulator\node_modules\jest-circus\build\legacy-code-todo-rewrite\jestAdapterInit.js:122:21)
    at jestAdapter (C:\Users\user\Desktop\Kiro\AWS project\FinanceFarmSimulator\node_modules\jest-circus\build\legacy-code-todo-rewrite\jestAdapter.js:79:19)
    at runTestInternal (C:\Users\user\Desktop\Kiro\AWS project\FinanceFarmSimulator\node_modules\jest-runner\build\runTest.js:367:16)
    at runTest (C:\Users\user\Desktop\Kiro\AWS project\FinanceFarmSimulator\node_modules\jest-runner\build\runTest.js:444:34)</failure>
    </testcase>
    <testcase classname="AuthService login should throw error if user profile not found" name="AuthService login should throw error if user profile not found" time="0.054">
      <failure>Error: expect(received).rejects.toThrow(expected)

Expected substring: &quot;User profile not found&quot;
Received message:   &quot;(0 , _firebase.getFirebaseAuth) is not a function&quot;

      126 |       // Sign in with Firebase
      127 |       const userCredential = await signInWithEmailAndPassword(
    &gt; 128 |         getFirebaseAuth(),
          |                        ^
      129 |         validatedCredentials.email,
      130 |         validatedCredentials.password
      131 |       );

      at AuthService.&lt;anonymous&gt; (src/services/AuthService.ts:128:24)
      at asyncGeneratorStep (node_modules/@babel/runtime/helpers/asyncToGenerator.js:3:17)
      at _next (node_modules/@babel/runtime/helpers/asyncToGenerator.js:17:9)
      at node_modules/@babel/runtime/helpers/asyncToGenerator.js:22:7
      at AuthService.&lt;anonymous&gt; (node_modules/@babel/runtime/helpers/asyncToGenerator.js:14:12)
      at AuthService.apply (src/services/AuthService.ts:121:14)
      at Object.login (src/services/__tests__/AuthService.test.ts:202:32)
      at asyncGeneratorStep (node_modules/@babel/runtime/helpers/asyncToGenerator.js:3:17)
      at _next (node_modules/@babel/runtime/helpers/asyncToGenerator.js:17:9)
      at node_modules/@babel/runtime/helpers/asyncToGenerator.js:22:7
      at Object.&lt;anonymous&gt; (node_modules/@babel/runtime/helpers/asyncToGenerator.js:14:12)
    at Object.toThrow (C:\Users\user\Desktop\Kiro\AWS project\FinanceFarmSimulator\node_modules\@jest\expect\node_modules\expect\build\index.js:218:22)
    at Object.toThrow (C:\Users\user\Desktop\Kiro\AWS project\FinanceFarmSimulator\src\services\__tests__\AuthService.test.ts:202:69)
    at Generator.next (&lt;anonymous&gt;)
    at asyncGeneratorStep (C:\Users\user\Desktop\Kiro\AWS project\FinanceFarmSimulator\node_modules\@babel\runtime\helpers\asyncToGenerator.js:3:17)
    at _next (C:\Users\user\Desktop\Kiro\AWS project\FinanceFarmSimulator\node_modules\@babel\runtime\helpers\asyncToGenerator.js:17:9)
    at C:\Users\user\Desktop\Kiro\AWS project\FinanceFarmSimulator\node_modules\@babel\runtime\helpers\asyncToGenerator.js:22:7
    at new Promise (&lt;anonymous&gt;)
    at Object.&lt;anonymous&gt; (C:\Users\user\Desktop\Kiro\AWS project\FinanceFarmSimulator\node_modules\@babel\runtime\helpers\asyncToGenerator.js:14:12)
    at Promise.then.completed (C:\Users\user\Desktop\Kiro\AWS project\FinanceFarmSimulator\node_modules\jest-circus\build\utils.js:298:28)
    at new Promise (&lt;anonymous&gt;)
    at callAsyncCircusFn (C:\Users\user\Desktop\Kiro\AWS project\FinanceFarmSimulator\node_modules\jest-circus\build\utils.js:231:10)
    at _callCircusTest (C:\Users\user\Desktop\Kiro\AWS project\FinanceFarmSimulator\node_modules\jest-circus\build\run.js:316:40)
    at _runTest (C:\Users\user\Desktop\Kiro\AWS project\FinanceFarmSimulator\node_modules\jest-circus\build\run.js:252:3)
    at _runTestsForDescribeBlock (C:\Users\user\Desktop\Kiro\AWS project\FinanceFarmSimulator\node_modules\jest-circus\build\run.js:126:9)
    at _runTestsForDescribeBlock (C:\Users\user\Desktop\Kiro\AWS project\FinanceFarmSimulator\node_modules\jest-circus\build\run.js:121:9)
    at _runTestsForDescribeBlock (C:\Users\user\Desktop\Kiro\AWS project\FinanceFarmSimulator\node_modules\jest-circus\build\run.js:121:9)
    at run (C:\Users\user\Desktop\Kiro\AWS project\FinanceFarmSimulator\node_modules\jest-circus\build\run.js:71:3)
    at runAndTransformResultsToJestFormat (C:\Users\user\Desktop\Kiro\AWS project\FinanceFarmSimulator\node_modules\jest-circus\build\legacy-code-todo-rewrite\jestAdapterInit.js:122:21)
    at jestAdapter (C:\Users\user\Desktop\Kiro\AWS project\FinanceFarmSimulator\node_modules\jest-circus\build\legacy-code-todo-rewrite\jestAdapter.js:79:19)
    at runTestInternal (C:\Users\user\Desktop\Kiro\AWS project\FinanceFarmSimulator\node_modules\jest-runner\build\runTest.js:367:16)
    at runTest (C:\Users\user\Desktop\Kiro\AWS project\FinanceFarmSimulator\node_modules\jest-runner\build\runTest.js:444:34)</failure>
    </testcase>
    <testcase classname="AuthService login should handle login errors" name="AuthService login should handle login errors" time="0.051">
      <failure>Error: expect(received).rejects.toThrow(expected)

Expected substring: &quot;No account found with this email address&quot;
Received message:   &quot;(0 , _firebase.getFirebaseAuth) is not a function&quot;

      126 |       // Sign in with Firebase
      127 |       const userCredential = await signInWithEmailAndPassword(
    &gt; 128 |         getFirebaseAuth(),
          |                        ^
      129 |         validatedCredentials.email,
      130 |         validatedCredentials.password
      131 |       );

      at AuthService.&lt;anonymous&gt; (src/services/AuthService.ts:128:24)
      at asyncGeneratorStep (node_modules/@babel/runtime/helpers/asyncToGenerator.js:3:17)
      at _next (node_modules/@babel/runtime/helpers/asyncToGenerator.js:17:9)
      at node_modules/@babel/runtime/helpers/asyncToGenerator.js:22:7
      at AuthService.&lt;anonymous&gt; (node_modules/@babel/runtime/helpers/asyncToGenerator.js:14:12)
      at AuthService.apply (src/services/AuthService.ts:121:14)
      at Object.login (src/services/__tests__/AuthService.test.ts:215:32)
      at asyncGeneratorStep (node_modules/@babel/runtime/helpers/asyncToGenerator.js:3:17)
      at _next (node_modules/@babel/runtime/helpers/asyncToGenerator.js:17:9)
      at node_modules/@babel/runtime/helpers/asyncToGenerator.js:22:7
      at Object.&lt;anonymous&gt; (node_modules/@babel/runtime/helpers/asyncToGenerator.js:14:12)
    at Object.toThrow (C:\Users\user\Desktop\Kiro\AWS project\FinanceFarmSimulator\node_modules\@jest\expect\node_modules\expect\build\index.js:218:22)
    at Object.toThrow (C:\Users\user\Desktop\Kiro\AWS project\FinanceFarmSimulator\src\services\__tests__\AuthService.test.ts:215:69)
    at Generator.next (&lt;anonymous&gt;)
    at asyncGeneratorStep (C:\Users\user\Desktop\Kiro\AWS project\FinanceFarmSimulator\node_modules\@babel\runtime\helpers\asyncToGenerator.js:3:17)
    at _next (C:\Users\user\Desktop\Kiro\AWS project\FinanceFarmSimulator\node_modules\@babel\runtime\helpers\asyncToGenerator.js:17:9)
    at C:\Users\user\Desktop\Kiro\AWS project\FinanceFarmSimulator\node_modules\@babel\runtime\helpers\asyncToGenerator.js:22:7
    at new Promise (&lt;anonymous&gt;)
    at Object.&lt;anonymous&gt; (C:\Users\user\Desktop\Kiro\AWS project\FinanceFarmSimulator\node_modules\@babel\runtime\helpers\asyncToGenerator.js:14:12)
    at Promise.then.completed (C:\Users\user\Desktop\Kiro\AWS project\FinanceFarmSimulator\node_modules\jest-circus\build\utils.js:298:28)
    at new Promise (&lt;anonymous&gt;)
    at callAsyncCircusFn (C:\Users\user\Desktop\Kiro\AWS project\FinanceFarmSimulator\node_modules\jest-circus\build\utils.js:231:10)
    at _callCircusTest (C:\Users\user\Desktop\Kiro\AWS project\FinanceFarmSimulator\node_modules\jest-circus\build\run.js:316:40)
    at _runTest (C:\Users\user\Desktop\Kiro\AWS project\FinanceFarmSimulator\node_modules\jest-circus\build\run.js:252:3)
    at _runTestsForDescribeBlock (C:\Users\user\Desktop\Kiro\AWS project\FinanceFarmSimulator\node_modules\jest-circus\build\run.js:126:9)
    at _runTestsForDescribeBlock (C:\Users\user\Desktop\Kiro\AWS project\FinanceFarmSimulator\node_modules\jest-circus\build\run.js:121:9)
    at _runTestsForDescribeBlock (C:\Users\user\Desktop\Kiro\AWS project\FinanceFarmSimulator\node_modules\jest-circus\build\run.js:121:9)
    at run (C:\Users\user\Desktop\Kiro\AWS project\FinanceFarmSimulator\node_modules\jest-circus\build\run.js:71:3)
    at runAndTransformResultsToJestFormat (C:\Users\user\Desktop\Kiro\AWS project\FinanceFarmSimulator\node_modules\jest-circus\build\legacy-code-todo-rewrite\jestAdapterInit.js:122:21)
    at jestAdapter (C:\Users\user\Desktop\Kiro\AWS project\FinanceFarmSimulator\node_modules\jest-circus\build\legacy-code-todo-rewrite\jestAdapter.js:79:19)
    at runTestInternal (C:\Users\user\Desktop\Kiro\AWS project\FinanceFarmSimulator\node_modules\jest-runner\build\runTest.js:367:16)
    at runTest (C:\Users\user\Desktop\Kiro\AWS project\FinanceFarmSimulator\node_modules\jest-runner\build\runTest.js:444:34)</failure>
    </testcase>
    <testcase classname="AuthService logout should successfully logout a user" name="AuthService logout should successfully logout a user" time="0.002">
      <failure>TypeError: (0 , _firebase.getFirebaseAuth) is not a function
    at AuthService.&lt;anonymous&gt; (C:\Users\user\Desktop\Kiro\AWS project\FinanceFarmSimulator\src\services\AuthService.ts:190:36)
    at Generator.next (&lt;anonymous&gt;)
    at asyncGeneratorStep (C:\Users\user\Desktop\Kiro\AWS project\FinanceFarmSimulator\node_modules\@babel\runtime\helpers\asyncToGenerator.js:3:17)
    at _next (C:\Users\user\Desktop\Kiro\AWS project\FinanceFarmSimulator\node_modules\@babel\runtime\helpers\asyncToGenerator.js:17:9)
    at C:\Users\user\Desktop\Kiro\AWS project\FinanceFarmSimulator\node_modules\@babel\runtime\helpers\asyncToGenerator.js:22:7
    at new Promise (&lt;anonymous&gt;)
    at AuthService.&lt;anonymous&gt; (C:\Users\user\Desktop\Kiro\AWS project\FinanceFarmSimulator\node_modules\@babel\runtime\helpers\asyncToGenerator.js:14:12)
    at AuthService.apply [as logout] (C:\Users\user\Desktop\Kiro\AWS project\FinanceFarmSimulator\src\services\AuthService.ts:188:15)
    at Object.logout (C:\Users\user\Desktop\Kiro\AWS project\FinanceFarmSimulator\src\services\__tests__\AuthService.test.ts:229:25)
    at Generator.next (&lt;anonymous&gt;)
    at asyncGeneratorStep (C:\Users\user\Desktop\Kiro\AWS project\FinanceFarmSimulator\node_modules\@babel\runtime\helpers\asyncToGenerator.js:3:17)
    at _next (C:\Users\user\Desktop\Kiro\AWS project\FinanceFarmSimulator\node_modules\@babel\runtime\helpers\asyncToGenerator.js:17:9)
    at C:\Users\user\Desktop\Kiro\AWS project\FinanceFarmSimulator\node_modules\@babel\runtime\helpers\asyncToGenerator.js:22:7
    at new Promise (&lt;anonymous&gt;)
    at Object.&lt;anonymous&gt; (C:\Users\user\Desktop\Kiro\AWS project\FinanceFarmSimulator\node_modules\@babel\runtime\helpers\asyncToGenerator.js:14:12)
    at Promise.then.completed (C:\Users\user\Desktop\Kiro\AWS project\FinanceFarmSimulator\node_modules\jest-circus\build\utils.js:298:28)
    at new Promise (&lt;anonymous&gt;)
    at callAsyncCircusFn (C:\Users\user\Desktop\Kiro\AWS project\FinanceFarmSimulator\node_modules\jest-circus\build\utils.js:231:10)
    at _callCircusTest (C:\Users\user\Desktop\Kiro\AWS project\FinanceFarmSimulator\node_modules\jest-circus\build\run.js:316:40)
    at _runTest (C:\Users\user\Desktop\Kiro\AWS project\FinanceFarmSimulator\node_modules\jest-circus\build\run.js:252:3)
    at _runTestsForDescribeBlock (C:\Users\user\Desktop\Kiro\AWS project\FinanceFarmSimulator\node_modules\jest-circus\build\run.js:126:9)
    at _runTestsForDescribeBlock (C:\Users\user\Desktop\Kiro\AWS project\FinanceFarmSimulator\node_modules\jest-circus\build\run.js:121:9)
    at _runTestsForDescribeBlock (C:\Users\user\Desktop\Kiro\AWS project\FinanceFarmSimulator\node_modules\jest-circus\build\run.js:121:9)
    at run (C:\Users\user\Desktop\Kiro\AWS project\FinanceFarmSimulator\node_modules\jest-circus\build\run.js:71:3)
    at runAndTransformResultsToJestFormat (C:\Users\user\Desktop\Kiro\AWS project\FinanceFarmSimulator\node_modules\jest-circus\build\legacy-code-todo-rewrite\jestAdapterInit.js:122:21)
    at jestAdapter (C:\Users\user\Desktop\Kiro\AWS project\FinanceFarmSimulator\node_modules\jest-circus\build\legacy-code-todo-rewrite\jestAdapter.js:79:19)
    at runTestInternal (C:\Users\user\Desktop\Kiro\AWS project\FinanceFarmSimulator\node_modules\jest-runner\build\runTest.js:367:16)
    at runTest (C:\Users\user\Desktop\Kiro\AWS project\FinanceFarmSimulator\node_modules\jest-runner\build\runTest.js:444:34)</failure>
    </testcase>
    <testcase classname="AuthService getCurrentUser should return null when no user is authenticated" name="AuthService getCurrentUser should return null when no user is authenticated" time="0.312">
    </testcase>
    <testcase classname="AuthService getCurrentUser should return user from stored session if valid" name="AuthService getCurrentUser should return user from stored session if valid" time="0.01">
      <failure>Error: expect(received).not.toBeNull()

Received: null
    at Object.toBeNull (C:\Users\user\Desktop\Kiro\AWS project\FinanceFarmSimulator\src\services\__tests__\AuthService.test.ts:266:26)
    at Generator.next (&lt;anonymous&gt;)
    at asyncGeneratorStep (C:\Users\user\Desktop\Kiro\AWS project\FinanceFarmSimulator\node_modules\@babel\runtime\helpers\asyncToGenerator.js:3:17)
    at _next (C:\Users\user\Desktop\Kiro\AWS project\FinanceFarmSimulator\node_modules\@babel\runtime\helpers\asyncToGenerator.js:17:9)</failure>
    </testcase>
    <testcase classname="AuthService updateUserProfile should successfully update user profile" name="AuthService updateUserProfile should successfully update user profile" time="0.008">
      <failure>TypeError: (0 , _firebase.getFirebaseFirestore) is not a function
    at AuthService.&lt;anonymous&gt; (C:\Users\user\Desktop\Kiro\AWS project\FinanceFarmSimulator\src\services\AuthService.ts:252:47)
    at Generator.next (&lt;anonymous&gt;)
    at asyncGeneratorStep (C:\Users\user\Desktop\Kiro\AWS project\FinanceFarmSimulator\node_modules\@babel\runtime\helpers\asyncToGenerator.js:3:17)
    at _next (C:\Users\user\Desktop\Kiro\AWS project\FinanceFarmSimulator\node_modules\@babel\runtime\helpers\asyncToGenerator.js:17:9)
    at C:\Users\user\Desktop\Kiro\AWS project\FinanceFarmSimulator\node_modules\@babel\runtime\helpers\asyncToGenerator.js:22:7
    at new Promise (&lt;anonymous&gt;)
    at AuthService.&lt;anonymous&gt; (C:\Users\user\Desktop\Kiro\AWS project\FinanceFarmSimulator\node_modules\@babel\runtime\helpers\asyncToGenerator.js:14:12)
    at AuthService.apply [as updateUserProfile] (C:\Users\user\Desktop\Kiro\AWS project\FinanceFarmSimulator\src\services\AuthService.ts:247:26)
    at Object.updateUserProfile (C:\Users\user\Desktop\Kiro\AWS project\FinanceFarmSimulator\src\services\__tests__\AuthService.test.ts:292:25)
    at Generator.next (&lt;anonymous&gt;)
    at asyncGeneratorStep (C:\Users\user\Desktop\Kiro\AWS project\FinanceFarmSimulator\node_modules\@babel\runtime\helpers\asyncToGenerator.js:3:17)
    at _next (C:\Users\user\Desktop\Kiro\AWS project\FinanceFarmSimulator\node_modules\@babel\runtime\helpers\asyncToGenerator.js:17:9)
    at C:\Users\user\Desktop\Kiro\AWS project\FinanceFarmSimulator\node_modules\@babel\runtime\helpers\asyncToGenerator.js:22:7
    at new Promise (&lt;anonymous&gt;)
    at Object.&lt;anonymous&gt; (C:\Users\user\Desktop\Kiro\AWS project\FinanceFarmSimulator\node_modules\@babel\runtime\helpers\asyncToGenerator.js:14:12)
    at Promise.then.completed (C:\Users\user\Desktop\Kiro\AWS project\FinanceFarmSimulator\node_modules\jest-circus\build\utils.js:298:28)
    at new Promise (&lt;anonymous&gt;)
    at callAsyncCircusFn (C:\Users\user\Desktop\Kiro\AWS project\FinanceFarmSimulator\node_modules\jest-circus\build\utils.js:231:10)
    at _callCircusTest (C:\Users\user\Desktop\Kiro\AWS project\FinanceFarmSimulator\node_modules\jest-circus\build\run.js:316:40)
    at _runTest (C:\Users\user\Desktop\Kiro\AWS project\FinanceFarmSimulator\node_modules\jest-circus\build\run.js:252:3)
    at _runTestsForDescribeBlock (C:\Users\user\Desktop\Kiro\AWS project\FinanceFarmSimulator\node_modules\jest-circus\build\run.js:126:9)
    at _runTestsForDescribeBlock (C:\Users\user\Desktop\Kiro\AWS project\FinanceFarmSimulator\node_modules\jest-circus\build\run.js:121:9)
    at _runTestsForDescribeBlock (C:\Users\user\Desktop\Kiro\AWS project\FinanceFarmSimulator\node_modules\jest-circus\build\run.js:121:9)
    at run (C:\Users\user\Desktop\Kiro\AWS project\FinanceFarmSimulator\node_modules\jest-circus\build\run.js:71:3)
    at runAndTransformResultsToJestFormat (C:\Users\user\Desktop\Kiro\AWS project\FinanceFarmSimulator\node_modules\jest-circus\build\legacy-code-todo-rewrite\jestAdapterInit.js:122:21)
    at jestAdapter (C:\Users\user\Desktop\Kiro\AWS project\FinanceFarmSimulator\node_modules\jest-circus\build\legacy-code-todo-rewrite\jestAdapter.js:79:19)
    at runTestInternal (C:\Users\user\Desktop\Kiro\AWS project\FinanceFarmSimulator\node_modules\jest-runner\build\runTest.js:367:16)
    at runTest (C:\Users\user\Desktop\Kiro\AWS project\FinanceFarmSimulator\node_modules\jest-runner\build\runTest.js:444:34)</failure>
    </testcase>
    <testcase classname="AuthService changePassword should successfully change password" name="AuthService changePassword should successfully change password" time="0.005">
      <failure>TypeError: (0 , _firebase.getFirebaseAuth) is not a function
    at AuthService.&lt;anonymous&gt; (C:\Users\user\Desktop\Kiro\AWS project\FinanceFarmSimulator\src\services\AuthService.ts:270:43)
    at Generator.next (&lt;anonymous&gt;)
    at asyncGeneratorStep (C:\Users\user\Desktop\Kiro\AWS project\FinanceFarmSimulator\node_modules\@babel\runtime\helpers\asyncToGenerator.js:3:17)
    at _next (C:\Users\user\Desktop\Kiro\AWS project\FinanceFarmSimulator\node_modules\@babel\runtime\helpers\asyncToGenerator.js:17:9)
    at C:\Users\user\Desktop\Kiro\AWS project\FinanceFarmSimulator\node_modules\@babel\runtime\helpers\asyncToGenerator.js:22:7
    at new Promise (&lt;anonymous&gt;)
    at AuthService.&lt;anonymous&gt; (C:\Users\user\Desktop\Kiro\AWS project\FinanceFarmSimulator\node_modules\@babel\runtime\helpers\asyncToGenerator.js:14:12)
    at AuthService.apply [as changePassword] (C:\Users\user\Desktop\Kiro\AWS project\FinanceFarmSimulator\src\services\AuthService.ts:268:23)
    at Object.changePassword (C:\Users\user\Desktop\Kiro\AWS project\FinanceFarmSimulator\src\services\__tests__\AuthService.test.ts:308:25)
    at Generator.next (&lt;anonymous&gt;)
    at asyncGeneratorStep (C:\Users\user\Desktop\Kiro\AWS project\FinanceFarmSimulator\node_modules\@babel\runtime\helpers\asyncToGenerator.js:3:17)
    at _next (C:\Users\user\Desktop\Kiro\AWS project\FinanceFarmSimulator\node_modules\@babel\runtime\helpers\asyncToGenerator.js:17:9)
    at C:\Users\user\Desktop\Kiro\AWS project\FinanceFarmSimulator\node_modules\@babel\runtime\helpers\asyncToGenerator.js:22:7
    at new Promise (&lt;anonymous&gt;)
    at Object.&lt;anonymous&gt; (C:\Users\user\Desktop\Kiro\AWS project\FinanceFarmSimulator\node_modules\@babel\runtime\helpers\asyncToGenerator.js:14:12)
    at Promise.then.completed (C:\Users\user\Desktop\Kiro\AWS project\FinanceFarmSimulator\node_modules\jest-circus\build\utils.js:298:28)
    at new Promise (&lt;anonymous&gt;)
    at callAsyncCircusFn (C:\Users\user\Desktop\Kiro\AWS project\FinanceFarmSimulator\node_modules\jest-circus\build\utils.js:231:10)
    at _callCircusTest (C:\Users\user\Desktop\Kiro\AWS project\FinanceFarmSimulator\node_modules\jest-circus\build\run.js:316:40)
    at _runTest (C:\Users\user\Desktop\Kiro\AWS project\FinanceFarmSimulator\node_modules\jest-circus\build\run.js:252:3)
    at _runTestsForDescribeBlock (C:\Users\user\Desktop\Kiro\AWS project\FinanceFarmSimulator\node_modules\jest-circus\build\run.js:126:9)
    at _runTestsForDescribeBlock (C:\Users\user\Desktop\Kiro\AWS project\FinanceFarmSimulator\node_modules\jest-circus\build\run.js:121:9)
    at _runTestsForDescribeBlock (C:\Users\user\Desktop\Kiro\AWS project\FinanceFarmSimulator\node_modules\jest-circus\build\run.js:121:9)
    at run (C:\Users\user\Desktop\Kiro\AWS project\FinanceFarmSimulator\node_modules\jest-circus\build\run.js:71:3)
    at runAndTransformResultsToJestFormat (C:\Users\user\Desktop\Kiro\AWS project\FinanceFarmSimulator\node_modules\jest-circus\build\legacy-code-todo-rewrite\jestAdapterInit.js:122:21)
    at jestAdapter (C:\Users\user\Desktop\Kiro\AWS project\FinanceFarmSimulator\node_modules\jest-circus\build\legacy-code-todo-rewrite\jestAdapter.js:79:19)
    at runTestInternal (C:\Users\user\Desktop\Kiro\AWS project\FinanceFarmSimulator\node_modules\jest-runner\build\runTest.js:367:16)
    at runTest (C:\Users\user\Desktop\Kiro\AWS project\FinanceFarmSimulator\node_modules\jest-runner\build\runTest.js:444:34)</failure>
    </testcase>
    <testcase classname="AuthService changePassword should throw error when no user is authenticated" name="AuthService changePassword should throw error when no user is authenticated" time="0.015">
      <failure>Error: expect(received).rejects.toThrow(expected)

Expected substring: &quot;No authenticated user found&quot;
Received message:   &quot;(0 , _firebase.getFirebaseAuth) is not a function&quot;

      268 |   async changePassword(currentPassword: string, newPassword: string): Promise&lt;void&gt; {
      269 |     try {
    &gt; 270 |       const firebaseUser = getFirebaseAuth().currentUser;
          |                                           ^
      271 |       if (!firebaseUser || !firebaseUser.email) {
      272 |         throw new Error(&apos;No authenticated user found&apos;);
      273 |       }

      at AuthService.&lt;anonymous&gt; (src/services/AuthService.ts:270:43)
      at asyncGeneratorStep (node_modules/@babel/runtime/helpers/asyncToGenerator.js:3:17)
      at _next (node_modules/@babel/runtime/helpers/asyncToGenerator.js:17:9)
      at node_modules/@babel/runtime/helpers/asyncToGenerator.js:22:7
      at AuthService.&lt;anonymous&gt; (node_modules/@babel/runtime/helpers/asyncToGenerator.js:14:12)
      at AuthService.apply [as changePassword] (src/services/AuthService.ts:268:23)
      at Object.changePassword (src/services/__tests__/AuthService.test.ts:319:32)
      at asyncGeneratorStep (node_modules/@babel/runtime/helpers/asyncToGenerator.js:3:17)
      at _next (node_modules/@babel/runtime/helpers/asyncToGenerator.js:17:9)
      at node_modules/@babel/runtime/helpers/asyncToGenerator.js:22:7
      at Object.&lt;anonymous&gt; (node_modules/@babel/runtime/helpers/asyncToGenerator.js:14:12)
    at Object.toThrow (C:\Users\user\Desktop\Kiro\AWS project\FinanceFarmSimulator\node_modules\@jest\expect\node_modules\expect\build\index.js:218:22)
    at Object.toThrow (C:\Users\user\Desktop\Kiro\AWS project\FinanceFarmSimulator\src\services\__tests__\AuthService.test.ts:319:86)
    at Generator.next (&lt;anonymous&gt;)
    at asyncGeneratorStep (C:\Users\user\Desktop\Kiro\AWS project\FinanceFarmSimulator\node_modules\@babel\runtime\helpers\asyncToGenerator.js:3:17)
    at _next (C:\Users\user\Desktop\Kiro\AWS project\FinanceFarmSimulator\node_modules\@babel\runtime\helpers\asyncToGenerator.js:17:9)
    at C:\Users\user\Desktop\Kiro\AWS project\FinanceFarmSimulator\node_modules\@babel\runtime\helpers\asyncToGenerator.js:22:7
    at new Promise (&lt;anonymous&gt;)
    at Object.&lt;anonymous&gt; (C:\Users\user\Desktop\Kiro\AWS project\FinanceFarmSimulator\node_modules\@babel\runtime\helpers\asyncToGenerator.js:14:12)
    at Promise.then.completed (C:\Users\user\Desktop\Kiro\AWS project\FinanceFarmSimulator\node_modules\jest-circus\build\utils.js:298:28)
    at new Promise (&lt;anonymous&gt;)
    at callAsyncCircusFn (C:\Users\user\Desktop\Kiro\AWS project\FinanceFarmSimulator\node_modules\jest-circus\build\utils.js:231:10)
    at _callCircusTest (C:\Users\user\Desktop\Kiro\AWS project\FinanceFarmSimulator\node_modules\jest-circus\build\run.js:316:40)
    at _runTest (C:\Users\user\Desktop\Kiro\AWS project\FinanceFarmSimulator\node_modules\jest-circus\build\run.js:252:3)
    at _runTestsForDescribeBlock (C:\Users\user\Desktop\Kiro\AWS project\FinanceFarmSimulator\node_modules\jest-circus\build\run.js:126:9)
    at _runTestsForDescribeBlock (C:\Users\user\Desktop\Kiro\AWS project\FinanceFarmSimulator\node_modules\jest-circus\build\run.js:121:9)
    at _runTestsForDescribeBlock (C:\Users\user\Desktop\Kiro\AWS project\FinanceFarmSimulator\node_modules\jest-circus\build\run.js:121:9)
    at run (C:\Users\user\Desktop\Kiro\AWS project\FinanceFarmSimulator\node_modules\jest-circus\build\run.js:71:3)
    at runAndTransformResultsToJestFormat (C:\Users\user\Desktop\Kiro\AWS project\FinanceFarmSimulator\node_modules\jest-circus\build\legacy-code-todo-rewrite\jestAdapterInit.js:122:21)
    at jestAdapter (C:\Users\user\Desktop\Kiro\AWS project\FinanceFarmSimulator\node_modules\jest-circus\build\legacy-code-todo-rewrite\jestAdapter.js:79:19)
    at runTestInternal (C:\Users\user\Desktop\Kiro\AWS project\FinanceFarmSimulator\node_modules\jest-runner\build\runTest.js:367:16)
    at runTest (C:\Users\user\Desktop\Kiro\AWS project\FinanceFarmSimulator\node_modules\jest-runner\build\runTest.js:444:34)</failure>
    </testcase>
    <testcase classname="AuthService resetPassword should successfully send password reset email" name="AuthService resetPassword should successfully send password reset email" time="0.003">
      <failure>TypeError: (0 , _firebase.getFirebaseAuth) is not a function
    at AuthService.&lt;anonymous&gt; (C:\Users\user\Desktop\Kiro\AWS project\FinanceFarmSimulator\src\services\AuthService.ts:291:51)
    at Generator.next (&lt;anonymous&gt;)
    at asyncGeneratorStep (C:\Users\user\Desktop\Kiro\AWS project\FinanceFarmSimulator\node_modules\@babel\runtime\helpers\asyncToGenerator.js:3:17)
    at _next (C:\Users\user\Desktop\Kiro\AWS project\FinanceFarmSimulator\node_modules\@babel\runtime\helpers\asyncToGenerator.js:17:9)
    at C:\Users\user\Desktop\Kiro\AWS project\FinanceFarmSimulator\node_modules\@babel\runtime\helpers\asyncToGenerator.js:22:7
    at new Promise (&lt;anonymous&gt;)
    at AuthService.&lt;anonymous&gt; (C:\Users\user\Desktop\Kiro\AWS project\FinanceFarmSimulator\node_modules\@babel\runtime\helpers\asyncToGenerator.js:14:12)
    at AuthService.apply [as resetPassword] (C:\Users\user\Desktop\Kiro\AWS project\FinanceFarmSimulator\src\services\AuthService.ts:289:22)
    at Object.resetPassword (C:\Users\user\Desktop\Kiro\AWS project\FinanceFarmSimulator\src\services\__tests__\AuthService.test.ts:331:25)
    at Generator.next (&lt;anonymous&gt;)
    at asyncGeneratorStep (C:\Users\user\Desktop\Kiro\AWS project\FinanceFarmSimulator\node_modules\@babel\runtime\helpers\asyncToGenerator.js:3:17)
    at _next (C:\Users\user\Desktop\Kiro\AWS project\FinanceFarmSimulator\node_modules\@babel\runtime\helpers\asyncToGenerator.js:17:9)
    at C:\Users\user\Desktop\Kiro\AWS project\FinanceFarmSimulator\node_modules\@babel\runtime\helpers\asyncToGenerator.js:22:7
    at new Promise (&lt;anonymous&gt;)
    at Object.&lt;anonymous&gt; (C:\Users\user\Desktop\Kiro\AWS project\FinanceFarmSimulator\node_modules\@babel\runtime\helpers\asyncToGenerator.js:14:12)
    at Promise.then.completed (C:\Users\user\Desktop\Kiro\AWS project\FinanceFarmSimulator\node_modules\jest-circus\build\utils.js:298:28)
    at new Promise (&lt;anonymous&gt;)
    at callAsyncCircusFn (C:\Users\user\Desktop\Kiro\AWS project\FinanceFarmSimulator\node_modules\jest-circus\build\utils.js:231:10)
    at _callCircusTest (C:\Users\user\Desktop\Kiro\AWS project\FinanceFarmSimulator\node_modules\jest-circus\build\run.js:316:40)
    at _runTest (C:\Users\user\Desktop\Kiro\AWS project\FinanceFarmSimulator\node_modules\jest-circus\build\run.js:252:3)
    at _runTestsForDescribeBlock (C:\Users\user\Desktop\Kiro\AWS project\FinanceFarmSimulator\node_modules\jest-circus\build\run.js:126:9)
    at _runTestsForDescribeBlock (C:\Users\user\Desktop\Kiro\AWS project\FinanceFarmSimulator\node_modules\jest-circus\build\run.js:121:9)
    at _runTestsForDescribeBlock (C:\Users\user\Desktop\Kiro\AWS project\FinanceFarmSimulator\node_modules\jest-circus\build\run.js:121:9)
    at run (C:\Users\user\Desktop\Kiro\AWS project\FinanceFarmSimulator\node_modules\jest-circus\build\run.js:71:3)
    at runAndTransformResultsToJestFormat (C:\Users\user\Desktop\Kiro\AWS project\FinanceFarmSimulator\node_modules\jest-circus\build\legacy-code-todo-rewrite\jestAdapterInit.js:122:21)
    at jestAdapter (C:\Users\user\Desktop\Kiro\AWS project\FinanceFarmSimulator\node_modules\jest-circus\build\legacy-code-todo-rewrite\jestAdapter.js:79:19)
    at runTestInternal (C:\Users\user\Desktop\Kiro\AWS project\FinanceFarmSimulator\node_modules\jest-runner\build\runTest.js:367:16)
    at runTest (C:\Users\user\Desktop\Kiro\AWS project\FinanceFarmSimulator\node_modules\jest-runner\build\runTest.js:444:34)</failure>
    </testcase>
    <testcase classname="AuthService verifyEmail should successfully send email verification" name="AuthService verifyEmail should successfully send email verification" time="0.009">
      <failure>TypeError: (0 , _firebase.getFirebaseAuth) is not a function
    at AuthService.&lt;anonymous&gt; (C:\Users\user\Desktop\Kiro\AWS project\FinanceFarmSimulator\src\services\AuthService.ts:302:43)
    at Generator.next (&lt;anonymous&gt;)
    at asyncGeneratorStep (C:\Users\user\Desktop\Kiro\AWS project\FinanceFarmSimulator\node_modules\@babel\runtime\helpers\asyncToGenerator.js:3:17)
    at _next (C:\Users\user\Desktop\Kiro\AWS project\FinanceFarmSimulator\node_modules\@babel\runtime\helpers\asyncToGenerator.js:17:9)
    at C:\Users\user\Desktop\Kiro\AWS project\FinanceFarmSimulator\node_modules\@babel\runtime\helpers\asyncToGenerator.js:22:7
    at new Promise (&lt;anonymous&gt;)
    at AuthService.&lt;anonymous&gt; (C:\Users\user\Desktop\Kiro\AWS project\FinanceFarmSimulator\node_modules\@babel\runtime\helpers\asyncToGenerator.js:14:12)
    at AuthService.apply [as verifyEmail] (C:\Users\user\Desktop\Kiro\AWS project\FinanceFarmSimulator\src\services\AuthService.ts:300:20)
    at Object.verifyEmail (C:\Users\user\Desktop\Kiro\AWS project\FinanceFarmSimulator\src\services\__tests__\AuthService.test.ts:345:25)
    at Generator.next (&lt;anonymous&gt;)
    at asyncGeneratorStep (C:\Users\user\Desktop\Kiro\AWS project\FinanceFarmSimulator\node_modules\@babel\runtime\helpers\asyncToGenerator.js:3:17)
    at _next (C:\Users\user\Desktop\Kiro\AWS project\FinanceFarmSimulator\node_modules\@babel\runtime\helpers\asyncToGenerator.js:17:9)
    at C:\Users\user\Desktop\Kiro\AWS project\FinanceFarmSimulator\node_modules\@babel\runtime\helpers\asyncToGenerator.js:22:7
    at new Promise (&lt;anonymous&gt;)
    at Object.&lt;anonymous&gt; (C:\Users\user\Desktop\Kiro\AWS project\FinanceFarmSimulator\node_modules\@babel\runtime\helpers\asyncToGenerator.js:14:12)
    at Promise.then.completed (C:\Users\user\Desktop\Kiro\AWS project\FinanceFarmSimulator\node_modules\jest-circus\build\utils.js:298:28)
    at new Promise (&lt;anonymous&gt;)
    at callAsyncCircusFn (C:\Users\user\Desktop\Kiro\AWS project\FinanceFarmSimulator\node_modules\jest-circus\build\utils.js:231:10)
    at _callCircusTest (C:\Users\user\Desktop\Kiro\AWS project\FinanceFarmSimulator\node_modules\jest-circus\build\run.js:316:40)
    at _runTest (C:\Users\user\Desktop\Kiro\AWS project\FinanceFarmSimulator\node_modules\jest-circus\build\run.js:252:3)
    at _runTestsForDescribeBlock (C:\Users\user\Desktop\Kiro\AWS project\FinanceFarmSimulator\node_modules\jest-circus\build\run.js:126:9)
    at _runTestsForDescribeBlock (C:\Users\user\Desktop\Kiro\AWS project\FinanceFarmSimulator\node_modules\jest-circus\build\run.js:121:9)
    at _runTestsForDescribeBlock (C:\Users\user\Desktop\Kiro\AWS project\FinanceFarmSimulator\node_modules\jest-circus\build\run.js:121:9)
    at run (C:\Users\user\Desktop\Kiro\AWS project\FinanceFarmSimulator\node_modules\jest-circus\build\run.js:71:3)
    at runAndTransformResultsToJestFormat (C:\Users\user\Desktop\Kiro\AWS project\FinanceFarmSimulator\node_modules\jest-circus\build\legacy-code-todo-rewrite\jestAdapterInit.js:122:21)
    at jestAdapter (C:\Users\user\Desktop\Kiro\AWS project\FinanceFarmSimulator\node_modules\jest-circus\build\legacy-code-todo-rewrite\jestAdapter.js:79:19)
    at runTestInternal (C:\Users\user\Desktop\Kiro\AWS project\FinanceFarmSimulator\node_modules\jest-runner\build\runTest.js:367:16)
    at runTest (C:\Users\user\Desktop\Kiro\AWS project\FinanceFarmSimulator\node_modules\jest-runner\build\runTest.js:444:34)</failure>
    </testcase>
    <testcase classname="AuthService verifyEmail should throw error when no user is authenticated" name="AuthService verifyEmail should throw error when no user is authenticated" time="0.051">
      <failure>Error: expect(received).rejects.toThrow(expected)

Expected substring: &quot;No authenticated user found&quot;
Received message:   &quot;(0 , _firebase.getFirebaseAuth) is not a function&quot;

      300 |   async verifyEmail(): Promise&lt;void&gt; {
      301 |     try {
    &gt; 302 |       const firebaseUser = getFirebaseAuth().currentUser;
          |                                           ^
      303 |       if (!firebaseUser) {
      304 |         throw new Error(&apos;No authenticated user found&apos;);
      305 |       }

      at AuthService.&lt;anonymous&gt; (src/services/AuthService.ts:302:43)
      at asyncGeneratorStep (node_modules/@babel/runtime/helpers/asyncToGenerator.js:3:17)
      at _next (node_modules/@babel/runtime/helpers/asyncToGenerator.js:17:9)
      at node_modules/@babel/runtime/helpers/asyncToGenerator.js:22:7
      at AuthService.&lt;anonymous&gt; (node_modules/@babel/runtime/helpers/asyncToGenerator.js:14:12)
      at AuthService.apply [as verifyEmail] (src/services/AuthService.ts:300:20)
      at Object.verifyEmail (src/services/__tests__/AuthService.test.ts:355:32)
      at asyncGeneratorStep (node_modules/@babel/runtime/helpers/asyncToGenerator.js:3:17)
      at _next (node_modules/@babel/runtime/helpers/asyncToGenerator.js:17:9)
      at node_modules/@babel/runtime/helpers/asyncToGenerator.js:22:7
      at Object.&lt;anonymous&gt; (node_modules/@babel/runtime/helpers/asyncToGenerator.js:14:12)
    at Object.toThrow (C:\Users\user\Desktop\Kiro\AWS project\FinanceFarmSimulator\node_modules\@jest\expect\node_modules\expect\build\index.js:218:22)
    at Object.toThrow (C:\Users\user\Desktop\Kiro\AWS project\FinanceFarmSimulator\src\services\__tests__\AuthService.test.ts:355:55)
    at Generator.next (&lt;anonymous&gt;)
    at asyncGeneratorStep (C:\Users\user\Desktop\Kiro\AWS project\FinanceFarmSimulator\node_modules\@babel\runtime\helpers\asyncToGenerator.js:3:17)
    at _next (C:\Users\user\Desktop\Kiro\AWS project\FinanceFarmSimulator\node_modules\@babel\runtime\helpers\asyncToGenerator.js:17:9)
    at C:\Users\user\Desktop\Kiro\AWS project\FinanceFarmSimulator\node_modules\@babel\runtime\helpers\asyncToGenerator.js:22:7
    at new Promise (&lt;anonymous&gt;)
    at Object.&lt;anonymous&gt; (C:\Users\user\Desktop\Kiro\AWS project\FinanceFarmSimulator\node_modules\@babel\runtime\helpers\asyncToGenerator.js:14:12)
    at Promise.then.completed (C:\Users\user\Desktop\Kiro\AWS project\FinanceFarmSimulator\node_modules\jest-circus\build\utils.js:298:28)
    at new Promise (&lt;anonymous&gt;)
    at callAsyncCircusFn (C:\Users\user\Desktop\Kiro\AWS project\FinanceFarmSimulator\node_modules\jest-circus\build\utils.js:231:10)
    at _callCircusTest (C:\Users\user\Desktop\Kiro\AWS project\FinanceFarmSimulator\node_modules\jest-circus\build\run.js:316:40)
    at _runTest (C:\Users\user\Desktop\Kiro\AWS project\FinanceFarmSimulator\node_modules\jest-circus\build\run.js:252:3)
    at _runTestsForDescribeBlock (C:\Users\user\Desktop\Kiro\AWS project\FinanceFarmSimulator\node_modules\jest-circus\build\run.js:126:9)
    at _runTestsForDescribeBlock (C:\Users\user\Desktop\Kiro\AWS project\FinanceFarmSimulator\node_modules\jest-circus\build\run.js:121:9)
    at _runTestsForDescribeBlock (C:\Users\user\Desktop\Kiro\AWS project\FinanceFarmSimulator\node_modules\jest-circus\build\run.js:121:9)
    at run (C:\Users\user\Desktop\Kiro\AWS project\FinanceFarmSimulator\node_modules\jest-circus\build\run.js:71:3)
    at runAndTransformResultsToJestFormat (C:\Users\user\Desktop\Kiro\AWS project\FinanceFarmSimulator\node_modules\jest-circus\build\legacy-code-todo-rewrite\jestAdapterInit.js:122:21)
    at jestAdapter (C:\Users\user\Desktop\Kiro\AWS project\FinanceFarmSimulator\node_modules\jest-circus\build\legacy-code-todo-rewrite\jestAdapter.js:79:19)
    at runTestInternal (C:\Users\user\Desktop\Kiro\AWS project\FinanceFarmSimulator\node_modules\jest-runner\build\runTest.js:367:16)
    at runTest (C:\Users\user\Desktop\Kiro\AWS project\FinanceFarmSimulator\node_modules\jest-runner\build\runTest.js:444:34)</failure>
    </testcase>
    <testcase classname="AuthService linkChildAccount should successfully link child account to parent" name="AuthService linkChildAccount should successfully link child account to parent" time="0.014">
      <failure>TypeError: (0 , _firebase.getFirebaseFirestore) is not a function
    at AuthService.&lt;anonymous&gt; (C:\Users\user\Desktop\Kiro\AWS project\FinanceFarmSimulator\src\services\AuthService.ts:319:47)
    at Generator.next (&lt;anonymous&gt;)
    at asyncGeneratorStep (C:\Users\user\Desktop\Kiro\AWS project\FinanceFarmSimulator\node_modules\@babel\runtime\helpers\asyncToGenerator.js:3:17)
    at _next (C:\Users\user\Desktop\Kiro\AWS project\FinanceFarmSimulator\node_modules\@babel\runtime\helpers\asyncToGenerator.js:17:9)
    at C:\Users\user\Desktop\Kiro\AWS project\FinanceFarmSimulator\node_modules\@babel\runtime\helpers\asyncToGenerator.js:22:7
    at new Promise (&lt;anonymous&gt;)
    at AuthService.&lt;anonymous&gt; (C:\Users\user\Desktop\Kiro\AWS project\FinanceFarmSimulator\node_modules\@babel\runtime\helpers\asyncToGenerator.js:14:12)
    at AuthService.apply [as linkChildAccount] (C:\Users\user\Desktop\Kiro\AWS project\FinanceFarmSimulator\src\services\AuthService.ts:316:25)
    at Object.linkChildAccount (C:\Users\user\Desktop\Kiro\AWS project\FinanceFarmSimulator\src\services\__tests__\AuthService.test.ts:367:25)
    at Generator.next (&lt;anonymous&gt;)
    at asyncGeneratorStep (C:\Users\user\Desktop\Kiro\AWS project\FinanceFarmSimulator\node_modules\@babel\runtime\helpers\asyncToGenerator.js:3:17)
    at _next (C:\Users\user\Desktop\Kiro\AWS project\FinanceFarmSimulator\node_modules\@babel\runtime\helpers\asyncToGenerator.js:17:9)
    at C:\Users\user\Desktop\Kiro\AWS project\FinanceFarmSimulator\node_modules\@babel\runtime\helpers\asyncToGenerator.js:22:7
    at new Promise (&lt;anonymous&gt;)
    at Object.&lt;anonymous&gt; (C:\Users\user\Desktop\Kiro\AWS project\FinanceFarmSimulator\node_modules\@babel\runtime\helpers\asyncToGenerator.js:14:12)
    at Promise.then.completed (C:\Users\user\Desktop\Kiro\AWS project\FinanceFarmSimulator\node_modules\jest-circus\build\utils.js:298:28)
    at new Promise (&lt;anonymous&gt;)
    at callAsyncCircusFn (C:\Users\user\Desktop\Kiro\AWS project\FinanceFarmSimulator\node_modules\jest-circus\build\utils.js:231:10)
    at _callCircusTest (C:\Users\user\Desktop\Kiro\AWS project\FinanceFarmSimulator\node_modules\jest-circus\build\run.js:316:40)
    at _runTest (C:\Users\user\Desktop\Kiro\AWS project\FinanceFarmSimulator\node_modules\jest-circus\build\run.js:252:3)
    at _runTestsForDescribeBlock (C:\Users\user\Desktop\Kiro\AWS project\FinanceFarmSimulator\node_modules\jest-circus\build\run.js:126:9)
    at _runTestsForDescribeBlock (C:\Users\user\Desktop\Kiro\AWS project\FinanceFarmSimulator\node_modules\jest-circus\build\run.js:121:9)
    at _runTestsForDescribeBlock (C:\Users\user\Desktop\Kiro\AWS project\FinanceFarmSimulator\node_modules\jest-circus\build\run.js:121:9)
    at run (C:\Users\user\Desktop\Kiro\AWS project\FinanceFarmSimulator\node_modules\jest-circus\build\run.js:71:3)
    at runAndTransformResultsToJestFormat (C:\Users\user\Desktop\Kiro\AWS project\FinanceFarmSimulator\node_modules\jest-circus\build\legacy-code-todo-rewrite\jestAdapterInit.js:122:21)
    at jestAdapter (C:\Users\user\Desktop\Kiro\AWS project\FinanceFarmSimulator\node_modules\jest-circus\build\legacy-code-todo-rewrite\jestAdapter.js:79:19)
    at runTestInternal (C:\Users\user\Desktop\Kiro\AWS project\FinanceFarmSimulator\node_modules\jest-runner\build\runTest.js:367:16)
    at runTest (C:\Users\user\Desktop\Kiro\AWS project\FinanceFarmSimulator\node_modules\jest-runner\build\runTest.js:444:34)</failure>
    </testcase>
    <testcase classname="AuthService socialLogin should throw error for unsupported provider" name="AuthService socialLogin should throw error for unsupported provider" time="0.068">
    </testcase>
    <testcase classname="AuthService socialLogin should throw error indicating platform-specific setup needed" name="AuthService socialLogin should throw error indicating platform-specific setup needed" time="0.01">
    </testcase>
    <testcase classname="AuthService error handling should handle various Firebase auth error codes" name="AuthService error handling should handle various Firebase auth error codes" time="0.009">
      <failure>Error: expect(received).rejects.toThrow(expected)

Expected substring: &quot;Incorrect password&quot;
Received message:   &quot;(0 , _firebase.getFirebaseAuth) is not a function&quot;

      126 |       // Sign in with Firebase
      127 |       const userCredential = await signInWithEmailAndPassword(
    &gt; 128 |         getFirebaseAuth(),
          |                        ^
      129 |         validatedCredentials.email,
      130 |         validatedCredentials.password
      131 |       );

      at AuthService.&lt;anonymous&gt; (src/services/AuthService.ts:128:24)
      at asyncGeneratorStep (node_modules/@babel/runtime/helpers/asyncToGenerator.js:3:17)
      at _next (node_modules/@babel/runtime/helpers/asyncToGenerator.js:17:9)
      at node_modules/@babel/runtime/helpers/asyncToGenerator.js:22:7
      at AuthService.&lt;anonymous&gt; (node_modules/@babel/runtime/helpers/asyncToGenerator.js:14:12)
      at AuthService.apply (src/services/AuthService.ts:121:14)
      at Object.login (src/services/__tests__/AuthService.test.ts:406:34)
      at asyncGeneratorStep (node_modules/@babel/runtime/helpers/asyncToGenerator.js:3:17)
      at _next (node_modules/@babel/runtime/helpers/asyncToGenerator.js:17:9)
      at node_modules/@babel/runtime/helpers/asyncToGenerator.js:22:7
      at Object.&lt;anonymous&gt; (node_modules/@babel/runtime/helpers/asyncToGenerator.js:14:12)
    at Object.toThrow (C:\Users\user\Desktop\Kiro\AWS project\FinanceFarmSimulator\node_modules\@jest\expect\node_modules\expect\build\index.js:218:22)
    at Object.toThrow (C:\Users\user\Desktop\Kiro\AWS project\FinanceFarmSimulator\src\services\__tests__\AuthService.test.ts:406:71)
    at Generator.next (&lt;anonymous&gt;)
    at asyncGeneratorStep (C:\Users\user\Desktop\Kiro\AWS project\FinanceFarmSimulator\node_modules\@babel\runtime\helpers\asyncToGenerator.js:3:17)
    at _next (C:\Users\user\Desktop\Kiro\AWS project\FinanceFarmSimulator\node_modules\@babel\runtime\helpers\asyncToGenerator.js:17:9)
    at C:\Users\user\Desktop\Kiro\AWS project\FinanceFarmSimulator\node_modules\@babel\runtime\helpers\asyncToGenerator.js:22:7
    at new Promise (&lt;anonymous&gt;)
    at Object.&lt;anonymous&gt; (C:\Users\user\Desktop\Kiro\AWS project\FinanceFarmSimulator\node_modules\@babel\runtime\helpers\asyncToGenerator.js:14:12)
    at Promise.then.completed (C:\Users\user\Desktop\Kiro\AWS project\FinanceFarmSimulator\node_modules\jest-circus\build\utils.js:298:28)
    at new Promise (&lt;anonymous&gt;)
    at callAsyncCircusFn (C:\Users\user\Desktop\Kiro\AWS project\FinanceFarmSimulator\node_modules\jest-circus\build\utils.js:231:10)
    at _callCircusTest (C:\Users\user\Desktop\Kiro\AWS project\FinanceFarmSimulator\node_modules\jest-circus\build\run.js:316:40)
    at _runTest (C:\Users\user\Desktop\Kiro\AWS project\FinanceFarmSimulator\node_modules\jest-circus\build\run.js:252:3)
    at _runTestsForDescribeBlock (C:\Users\user\Desktop\Kiro\AWS project\FinanceFarmSimulator\node_modules\jest-circus\build\run.js:126:9)
    at _runTestsForDescribeBlock (C:\Users\user\Desktop\Kiro\AWS project\FinanceFarmSimulator\node_modules\jest-circus\build\run.js:121:9)
    at _runTestsForDescribeBlock (C:\Users\user\Desktop\Kiro\AWS project\FinanceFarmSimulator\node_modules\jest-circus\build\run.js:121:9)
    at run (C:\Users\user\Desktop\Kiro\AWS project\FinanceFarmSimulator\node_modules\jest-circus\build\run.js:71:3)
    at runAndTransformResultsToJestFormat (C:\Users\user\Desktop\Kiro\AWS project\FinanceFarmSimulator\node_modules\jest-circus\build\legacy-code-todo-rewrite\jestAdapterInit.js:122:21)
    at jestAdapter (C:\Users\user\Desktop\Kiro\AWS project\FinanceFarmSimulator\node_modules\jest-circus\build\legacy-code-todo-rewrite\jestAdapter.js:79:19)
    at runTestInternal (C:\Users\user\Desktop\Kiro\AWS project\FinanceFarmSimulator\node_modules\jest-runner\build\runTest.js:367:16)
    at runTest (C:\Users\user\Desktop\Kiro\AWS project\FinanceFarmSimulator\node_modules\jest-runner\build\runTest.js:444:34)</failure>
    </testcase>
  </testsuite>
  <testsuite name="Performance Optimization Services" errors="0" failures="1" skipped="0" timestamp="2025-09-29T19:07:31" time="4.428" tests="27">
    <testcase classname="Performance Optimization Services AssetLoaderService should initialize without errors" name="Performance Optimization Services AssetLoaderService should initialize without errors" time="0.012">
    </testcase>
    <testcase classname="Performance Optimization Services AssetLoaderService should handle cache size limits" name="Performance Optimization Services AssetLoaderService should handle cache size limits" time="0.009">
    </testcase>
    <testcase classname="Performance Optimization Services AssetLoaderService should provide cache statistics" name="Performance Optimization Services AssetLoaderService should provide cache statistics" time="0.007">
    </testcase>
    <testcase classname="Performance Optimization Services AssetLoaderService should clear cache successfully" name="Performance Optimization Services AssetLoaderService should clear cache successfully" time="0.007">
    </testcase>
    <testcase classname="Performance Optimization Services AssetLoaderService should handle asset loading failures gracefully" name="Performance Optimization Services AssetLoaderService should handle asset loading failures gracefully" time="0.008">
    </testcase>
    <testcase classname="Performance Optimization Services ImageCompressionService should initialize compression service" name="Performance Optimization Services ImageCompressionService should initialize compression service" time="0.004">
    </testcase>
    <testcase classname="Performance Optimization Services ImageCompressionService should provide optimal compression settings" name="Performance Optimization Services ImageCompressionService should provide optimal compression settings" time="0.016">
    </testcase>
    <testcase classname="Performance Optimization Services ImageCompressionService should handle compression failures gracefully" name="Performance Optimization Services ImageCompressionService should handle compression failures gracefully" time="0.151">
      <failure>Error: expect(received).rejects.toThrow(expected)

Expected substring: &quot;Compression failed&quot;
Received message:   &quot;Original image does not exist&quot;

      71 |       const originalInfo = await FileSystem.getInfoAsync(imageUri);
      72 |       if (!originalInfo.exists) {
    &gt; 73 |         throw new Error(&apos;Original image does not exist&apos;);
         |               ^
      74 |       }
      75 |
      76 |       // Compress the image

      at ImageCompressionService.&lt;anonymous&gt; (src/services/ImageCompressionService.ts:73:15)
      at asyncGeneratorStep (node_modules/@babel/runtime/helpers/asyncToGenerator.js:3:17)
      at _next (node_modules/@babel/runtime/helpers/asyncToGenerator.js:17:9)
    at Object.toThrow (C:\Users\user\Desktop\Kiro\AWS project\FinanceFarmSimulator\node_modules\@jest\expect\node_modules\expect\build\index.js:218:22)
    at Object.toThrow (C:\Users\user\Desktop\Kiro\AWS project\FinanceFarmSimulator\src\services\__tests__\PerformanceOptimization.test.ts:137:17)
    at Generator.next (&lt;anonymous&gt;)
    at asyncGeneratorStep (C:\Users\user\Desktop\Kiro\AWS project\FinanceFarmSimulator\node_modules\@babel\runtime\helpers\asyncToGenerator.js:3:17)
    at _next (C:\Users\user\Desktop\Kiro\AWS project\FinanceFarmSimulator\node_modules\@babel\runtime\helpers\asyncToGenerator.js:17:9)
    at C:\Users\user\Desktop\Kiro\AWS project\FinanceFarmSimulator\node_modules\@babel\runtime\helpers\asyncToGenerator.js:22:7
    at new Promise (&lt;anonymous&gt;)
    at Object.&lt;anonymous&gt; (C:\Users\user\Desktop\Kiro\AWS project\FinanceFarmSimulator\node_modules\@babel\runtime\helpers\asyncToGenerator.js:14:12)
    at Promise.then.completed (C:\Users\user\Desktop\Kiro\AWS project\FinanceFarmSimulator\node_modules\jest-circus\build\utils.js:298:28)
    at new Promise (&lt;anonymous&gt;)
    at callAsyncCircusFn (C:\Users\user\Desktop\Kiro\AWS project\FinanceFarmSimulator\node_modules\jest-circus\build\utils.js:231:10)
    at _callCircusTest (C:\Users\user\Desktop\Kiro\AWS project\FinanceFarmSimulator\node_modules\jest-circus\build\run.js:316:40)
    at _runTest (C:\Users\user\Desktop\Kiro\AWS project\FinanceFarmSimulator\node_modules\jest-circus\build\run.js:252:3)
    at _runTestsForDescribeBlock (C:\Users\user\Desktop\Kiro\AWS project\FinanceFarmSimulator\node_modules\jest-circus\build\run.js:126:9)
    at _runTestsForDescribeBlock (C:\Users\user\Desktop\Kiro\AWS project\FinanceFarmSimulator\node_modules\jest-circus\build\run.js:121:9)
    at _runTestsForDescribeBlock (C:\Users\user\Desktop\Kiro\AWS project\FinanceFarmSimulator\node_modules\jest-circus\build\run.js:121:9)
    at run (C:\Users\user\Desktop\Kiro\AWS project\FinanceFarmSimulator\node_modules\jest-circus\build\run.js:71:3)
    at runAndTransformResultsToJestFormat (C:\Users\user\Desktop\Kiro\AWS project\FinanceFarmSimulator\node_modules\jest-circus\build\legacy-code-todo-rewrite\jestAdapterInit.js:122:21)
    at jestAdapter (C:\Users\user\Desktop\Kiro\AWS project\FinanceFarmSimulator\node_modules\jest-circus\build\legacy-code-todo-rewrite\jestAdapter.js:79:19)
    at runTestInternal (C:\Users\user\Desktop\Kiro\AWS project\FinanceFarmSimulator\node_modules\jest-runner\build\runTest.js:367:16)
    at runTest (C:\Users\user\Desktop\Kiro\AWS project\FinanceFarmSimulator\node_modules\jest-runner\build\runTest.js:444:34)</failure>
    </testcase>
    <testcase classname="Performance Optimization Services ImageCompressionService should provide cache statistics" name="Performance Optimization Services ImageCompressionService should provide cache statistics" time="0.016">
    </testcase>
    <testcase classname="Performance Optimization Services ImageCompressionService should clear cache successfully" name="Performance Optimization Services ImageCompressionService should clear cache successfully" time="0.007">
    </testcase>
    <testcase classname="Performance Optimization Services BackgroundProcessingService should initialize background processing" name="Performance Optimization Services BackgroundProcessingService should initialize background processing" time="0.01">
    </testcase>
    <testcase classname="Performance Optimization Services BackgroundProcessingService should schedule tasks successfully" name="Performance Optimization Services BackgroundProcessingService should schedule tasks successfully" time="0.007">
    </testcase>
    <testcase classname="Performance Optimization Services BackgroundProcessingService should provide queue statistics" name="Performance Optimization Services BackgroundProcessingService should provide queue statistics" time="0.005">
    </testcase>
    <testcase classname="Performance Optimization Services BackgroundProcessingService should clear queue successfully" name="Performance Optimization Services BackgroundProcessingService should clear queue successfully" time="0.008">
    </testcase>
    <testcase classname="Performance Optimization Services BackgroundProcessingService should handle task processing errors gracefully" name="Performance Optimization Services BackgroundProcessingService should handle task processing errors gracefully" time="0.117">
    </testcase>
    <testcase classname="Performance Optimization Services PerformanceMonitoringService should initialize performance monitoring" name="Performance Optimization Services PerformanceMonitoringService should initialize performance monitoring" time="0.016">
    </testcase>
    <testcase classname="Performance Optimization Services PerformanceMonitoringService should generate performance reports" name="Performance Optimization Services PerformanceMonitoringService should generate performance reports" time="0.027">
    </testcase>
    <testcase classname="Performance Optimization Services PerformanceMonitoringService should track render measurements" name="Performance Optimization Services PerformanceMonitoringService should track render measurements" time="0.022">
    </testcase>
    <testcase classname="Performance Optimization Services PerformanceMonitoringService should provide metrics data" name="Performance Optimization Services PerformanceMonitoringService should provide metrics data" time="0.011">
    </testcase>
    <testcase classname="Performance Optimization Services PerformanceMonitoringService should clear metrics successfully" name="Performance Optimization Services PerformanceMonitoringService should clear metrics successfully" time="0.005">
    </testcase>
    <testcase classname="Performance Optimization Services PerformanceMonitoringService should handle monitoring start/stop" name="Performance Optimization Services PerformanceMonitoringService should handle monitoring start/stop" time="0.007">
    </testcase>
    <testcase classname="Performance Optimization Services Performance Integration Tests should handle multiple services initialization" name="Performance Optimization Services Performance Integration Tests should handle multiple services initialization" time="0.009">
    </testcase>
    <testcase classname="Performance Optimization Services Performance Integration Tests should handle memory pressure scenarios" name="Performance Optimization Services Performance Integration Tests should handle memory pressure scenarios" time="0.064">
    </testcase>
    <testcase classname="Performance Optimization Services Performance Integration Tests should maintain performance under load" name="Performance Optimization Services Performance Integration Tests should maintain performance under load" time="0.513">
    </testcase>
    <testcase classname="Performance Optimization Services Performance Benchmarks should benchmark asset loading performance" name="Performance Optimization Services Performance Benchmarks should benchmark asset loading performance" time="0.139">
    </testcase>
    <testcase classname="Performance Optimization Services Performance Benchmarks should benchmark compression performance" name="Performance Optimization Services Performance Benchmarks should benchmark compression performance" time="0.006">
    </testcase>
    <testcase classname="Performance Optimization Services Performance Benchmarks should benchmark background processing performance" name="Performance Optimization Services Performance Benchmarks should benchmark background processing performance" time="0.014">
    </testcase>
  </testsuite>
  <testsuite name="SecureStorageService" errors="0" failures="11" skipped="0" timestamp="2025-09-29T19:07:38" time="1.094" tests="20">
    <testcase classname="SecureStorageService Token Management should store token with encryption" name="SecureStorageService Token Management should store token with encryption" time="0.006">
      <failure>TypeError: Cannot read properties of undefined (reading &apos;encryptData&apos;)
    at Object.encryptData (C:\Users\user\Desktop\Kiro\AWS project\FinanceFarmSimulator\src\services\__tests__\SecureStorageService.test.ts:34:29)
    at Generator.next (&lt;anonymous&gt;)
    at asyncGeneratorStep (C:\Users\user\Desktop\Kiro\AWS project\FinanceFarmSimulator\node_modules\@babel\runtime\helpers\asyncToGenerator.js:3:17)
    at _next (C:\Users\user\Desktop\Kiro\AWS project\FinanceFarmSimulator\node_modules\@babel\runtime\helpers\asyncToGenerator.js:17:9)
    at C:\Users\user\Desktop\Kiro\AWS project\FinanceFarmSimulator\node_modules\@babel\runtime\helpers\asyncToGenerator.js:22:7
    at new Promise (&lt;anonymous&gt;)
    at Object.&lt;anonymous&gt; (C:\Users\user\Desktop\Kiro\AWS project\FinanceFarmSimulator\node_modules\@babel\runtime\helpers\asyncToGenerator.js:14:12)
    at Promise.then.completed (C:\Users\user\Desktop\Kiro\AWS project\FinanceFarmSimulator\node_modules\jest-circus\build\utils.js:298:28)
    at new Promise (&lt;anonymous&gt;)
    at callAsyncCircusFn (C:\Users\user\Desktop\Kiro\AWS project\FinanceFarmSimulator\node_modules\jest-circus\build\utils.js:231:10)
    at _callCircusTest (C:\Users\user\Desktop\Kiro\AWS project\FinanceFarmSimulator\node_modules\jest-circus\build\run.js:316:40)
    at _runTest (C:\Users\user\Desktop\Kiro\AWS project\FinanceFarmSimulator\node_modules\jest-circus\build\run.js:252:3)
    at _runTestsForDescribeBlock (C:\Users\user\Desktop\Kiro\AWS project\FinanceFarmSimulator\node_modules\jest-circus\build\run.js:126:9)
    at _runTestsForDescribeBlock (C:\Users\user\Desktop\Kiro\AWS project\FinanceFarmSimulator\node_modules\jest-circus\build\run.js:121:9)
    at _runTestsForDescribeBlock (C:\Users\user\Desktop\Kiro\AWS project\FinanceFarmSimulator\node_modules\jest-circus\build\run.js:121:9)
    at run (C:\Users\user\Desktop\Kiro\AWS project\FinanceFarmSimulator\node_modules\jest-circus\build\run.js:71:3)
    at runAndTransformResultsToJestFormat (C:\Users\user\Desktop\Kiro\AWS project\FinanceFarmSimulator\node_modules\jest-circus\build\legacy-code-todo-rewrite\jestAdapterInit.js:122:21)
    at jestAdapter (C:\Users\user\Desktop\Kiro\AWS project\FinanceFarmSimulator\node_modules\jest-circus\build\legacy-code-todo-rewrite\jestAdapter.js:79:19)
    at runTestInternal (C:\Users\user\Desktop\Kiro\AWS project\FinanceFarmSimulator\node_modules\jest-runner\build\runTest.js:367:16)
    at runTest (C:\Users\user\Desktop\Kiro\AWS project\FinanceFarmSimulator\node_modules\jest-runner\build\runTest.js:444:34)</failure>
    </testcase>
    <testcase classname="SecureStorageService Token Management should retrieve valid token" name="SecureStorageService Token Management should retrieve valid token" time="0.004">
      <failure>TypeError: Cannot read properties of undefined (reading &apos;decryptData&apos;)
    at Object.decryptData (C:\Users\user\Desktop\Kiro\AWS project\FinanceFarmSimulator\src\services\__tests__\SecureStorageService.test.ts:59:29)
    at Generator.next (&lt;anonymous&gt;)
    at asyncGeneratorStep (C:\Users\user\Desktop\Kiro\AWS project\FinanceFarmSimulator\node_modules\@babel\runtime\helpers\asyncToGenerator.js:3:17)
    at _next (C:\Users\user\Desktop\Kiro\AWS project\FinanceFarmSimulator\node_modules\@babel\runtime\helpers\asyncToGenerator.js:17:9)
    at C:\Users\user\Desktop\Kiro\AWS project\FinanceFarmSimulator\node_modules\@babel\runtime\helpers\asyncToGenerator.js:22:7
    at new Promise (&lt;anonymous&gt;)
    at Object.&lt;anonymous&gt; (C:\Users\user\Desktop\Kiro\AWS project\FinanceFarmSimulator\node_modules\@babel\runtime\helpers\asyncToGenerator.js:14:12)
    at Promise.then.completed (C:\Users\user\Desktop\Kiro\AWS project\FinanceFarmSimulator\node_modules\jest-circus\build\utils.js:298:28)
    at new Promise (&lt;anonymous&gt;)
    at callAsyncCircusFn (C:\Users\user\Desktop\Kiro\AWS project\FinanceFarmSimulator\node_modules\jest-circus\build\utils.js:231:10)
    at _callCircusTest (C:\Users\user\Desktop\Kiro\AWS project\FinanceFarmSimulator\node_modules\jest-circus\build\run.js:316:40)
    at _runTest (C:\Users\user\Desktop\Kiro\AWS project\FinanceFarmSimulator\node_modules\jest-circus\build\run.js:252:3)
    at _runTestsForDescribeBlock (C:\Users\user\Desktop\Kiro\AWS project\FinanceFarmSimulator\node_modules\jest-circus\build\run.js:126:9)
    at _runTestsForDescribeBlock (C:\Users\user\Desktop\Kiro\AWS project\FinanceFarmSimulator\node_modules\jest-circus\build\run.js:121:9)
    at _runTestsForDescribeBlock (C:\Users\user\Desktop\Kiro\AWS project\FinanceFarmSimulator\node_modules\jest-circus\build\run.js:121:9)
    at run (C:\Users\user\Desktop\Kiro\AWS project\FinanceFarmSimulator\node_modules\jest-circus\build\run.js:71:3)
    at runAndTransformResultsToJestFormat (C:\Users\user\Desktop\Kiro\AWS project\FinanceFarmSimulator\node_modules\jest-circus\build\legacy-code-todo-rewrite\jestAdapterInit.js:122:21)
    at jestAdapter (C:\Users\user\Desktop\Kiro\AWS project\FinanceFarmSimulator\node_modules\jest-circus\build\legacy-code-todo-rewrite\jestAdapter.js:79:19)
    at runTestInternal (C:\Users\user\Desktop\Kiro\AWS project\FinanceFarmSimulator\node_modules\jest-runner\build\runTest.js:367:16)
    at runTest (C:\Users\user\Desktop\Kiro\AWS project\FinanceFarmSimulator\node_modules\jest-runner\build\runTest.js:444:34)</failure>
    </testcase>
    <testcase classname="SecureStorageService Token Management should return null for expired token" name="SecureStorageService Token Management should return null for expired token" time="0.003">
      <failure>TypeError: Cannot read properties of undefined (reading &apos;decryptData&apos;)
    at Object.decryptData (C:\Users\user\Desktop\Kiro\AWS project\FinanceFarmSimulator\src\services\__tests__\SecureStorageService.test.ts:81:29)
    at Generator.next (&lt;anonymous&gt;)
    at asyncGeneratorStep (C:\Users\user\Desktop\Kiro\AWS project\FinanceFarmSimulator\node_modules\@babel\runtime\helpers\asyncToGenerator.js:3:17)
    at _next (C:\Users\user\Desktop\Kiro\AWS project\FinanceFarmSimulator\node_modules\@babel\runtime\helpers\asyncToGenerator.js:17:9)
    at C:\Users\user\Desktop\Kiro\AWS project\FinanceFarmSimulator\node_modules\@babel\runtime\helpers\asyncToGenerator.js:22:7
    at new Promise (&lt;anonymous&gt;)
    at Object.&lt;anonymous&gt; (C:\Users\user\Desktop\Kiro\AWS project\FinanceFarmSimulator\node_modules\@babel\runtime\helpers\asyncToGenerator.js:14:12)
    at Promise.then.completed (C:\Users\user\Desktop\Kiro\AWS project\FinanceFarmSimulator\node_modules\jest-circus\build\utils.js:298:28)
    at new Promise (&lt;anonymous&gt;)
    at callAsyncCircusFn (C:\Users\user\Desktop\Kiro\AWS project\FinanceFarmSimulator\node_modules\jest-circus\build\utils.js:231:10)
    at _callCircusTest (C:\Users\user\Desktop\Kiro\AWS project\FinanceFarmSimulator\node_modules\jest-circus\build\run.js:316:40)
    at _runTest (C:\Users\user\Desktop\Kiro\AWS project\FinanceFarmSimulator\node_modules\jest-circus\build\run.js:252:3)
    at _runTestsForDescribeBlock (C:\Users\user\Desktop\Kiro\AWS project\FinanceFarmSimulator\node_modules\jest-circus\build\run.js:126:9)
    at _runTestsForDescribeBlock (C:\Users\user\Desktop\Kiro\AWS project\FinanceFarmSimulator\node_modules\jest-circus\build\run.js:121:9)
    at _runTestsForDescribeBlock (C:\Users\user\Desktop\Kiro\AWS project\FinanceFarmSimulator\node_modules\jest-circus\build\run.js:121:9)
    at run (C:\Users\user\Desktop\Kiro\AWS project\FinanceFarmSimulator\node_modules\jest-circus\build\run.js:71:3)
    at runAndTransformResultsToJestFormat (C:\Users\user\Desktop\Kiro\AWS project\FinanceFarmSimulator\node_modules\jest-circus\build\legacy-code-todo-rewrite\jestAdapterInit.js:122:21)
    at jestAdapter (C:\Users\user\Desktop\Kiro\AWS project\FinanceFarmSimulator\node_modules\jest-circus\build\legacy-code-todo-rewrite\jestAdapter.js:79:19)
    at runTestInternal (C:\Users\user\Desktop\Kiro\AWS project\FinanceFarmSimulator\node_modules\jest-runner\build\runTest.js:367:16)
    at runTest (C:\Users\user\Desktop\Kiro\AWS project\FinanceFarmSimulator\node_modules\jest-runner\build\runTest.js:444:34)</failure>
    </testcase>
    <testcase classname="SecureStorageService Token Management should return null for non-existent token" name="SecureStorageService Token Management should return null for non-existent token" time="0.004">
    </testcase>
    <testcase classname="SecureStorageService Token Management should handle token retrieval errors gracefully" name="SecureStorageService Token Management should handle token retrieval errors gracefully" time="0.012">
    </testcase>
    <testcase classname="SecureStorageService Token Management should remove token" name="SecureStorageService Token Management should remove token" time="0.007">
    </testcase>
    <testcase classname="SecureStorageService Token Management should validate token existence" name="SecureStorageService Token Management should validate token existence" time="0.032">
      <failure>TypeError: Cannot read properties of undefined (reading &apos;decryptData&apos;)
    at Object.decryptData (C:\Users\user\Desktop\Kiro\AWS project\FinanceFarmSimulator\src\services\__tests__\SecureStorageService.test.ts:125:29)
    at Generator.next (&lt;anonymous&gt;)
    at asyncGeneratorStep (C:\Users\user\Desktop\Kiro\AWS project\FinanceFarmSimulator\node_modules\@babel\runtime\helpers\asyncToGenerator.js:3:17)
    at _next (C:\Users\user\Desktop\Kiro\AWS project\FinanceFarmSimulator\node_modules\@babel\runtime\helpers\asyncToGenerator.js:17:9)
    at C:\Users\user\Desktop\Kiro\AWS project\FinanceFarmSimulator\node_modules\@babel\runtime\helpers\asyncToGenerator.js:22:7
    at new Promise (&lt;anonymous&gt;)
    at Object.&lt;anonymous&gt; (C:\Users\user\Desktop\Kiro\AWS project\FinanceFarmSimulator\node_modules\@babel\runtime\helpers\asyncToGenerator.js:14:12)
    at Promise.then.completed (C:\Users\user\Desktop\Kiro\AWS project\FinanceFarmSimulator\node_modules\jest-circus\build\utils.js:298:28)
    at new Promise (&lt;anonymous&gt;)
    at callAsyncCircusFn (C:\Users\user\Desktop\Kiro\AWS project\FinanceFarmSimulator\node_modules\jest-circus\build\utils.js:231:10)
    at _callCircusTest (C:\Users\user\Desktop\Kiro\AWS project\FinanceFarmSimulator\node_modules\jest-circus\build\run.js:316:40)
    at _runTest (C:\Users\user\Desktop\Kiro\AWS project\FinanceFarmSimulator\node_modules\jest-circus\build\run.js:252:3)
    at _runTestsForDescribeBlock (C:\Users\user\Desktop\Kiro\AWS project\FinanceFarmSimulator\node_modules\jest-circus\build\run.js:126:9)
    at _runTestsForDescribeBlock (C:\Users\user\Desktop\Kiro\AWS project\FinanceFarmSimulator\node_modules\jest-circus\build\run.js:121:9)
    at _runTestsForDescribeBlock (C:\Users\user\Desktop\Kiro\AWS project\FinanceFarmSimulator\node_modules\jest-circus\build\run.js:121:9)
    at run (C:\Users\user\Desktop\Kiro\AWS project\FinanceFarmSimulator\node_modules\jest-circus\build\run.js:71:3)
    at runAndTransformResultsToJestFormat (C:\Users\user\Desktop\Kiro\AWS project\FinanceFarmSimulator\node_modules\jest-circus\build\legacy-code-todo-rewrite\jestAdapterInit.js:122:21)
    at jestAdapter (C:\Users\user\Desktop\Kiro\AWS project\FinanceFarmSimulator\node_modules\jest-circus\build\legacy-code-todo-rewrite\jestAdapter.js:79:19)
    at runTestInternal (C:\Users\user\Desktop\Kiro\AWS project\FinanceFarmSimulator\node_modules\jest-runner\build\runTest.js:367:16)
    at runTest (C:\Users\user\Desktop\Kiro\AWS project\FinanceFarmSimulator\node_modules\jest-runner\build\runTest.js:444:34)</failure>
    </testcase>
    <testcase classname="SecureStorageService Credentials Management should store user credentials securely" name="SecureStorageService Credentials Management should store user credentials securely" time="0.009">
      <failure>TypeError: Cannot read properties of undefined (reading &apos;encryptData&apos;)
    at Object.encryptData (C:\Users\user\Desktop\Kiro\AWS project\FinanceFarmSimulator\src\services\__tests__\SecureStorageService.test.ts:148:29)
    at Generator.next (&lt;anonymous&gt;)
    at asyncGeneratorStep (C:\Users\user\Desktop\Kiro\AWS project\FinanceFarmSimulator\node_modules\@babel\runtime\helpers\asyncToGenerator.js:3:17)
    at _next (C:\Users\user\Desktop\Kiro\AWS project\FinanceFarmSimulator\node_modules\@babel\runtime\helpers\asyncToGenerator.js:17:9)
    at C:\Users\user\Desktop\Kiro\AWS project\FinanceFarmSimulator\node_modules\@babel\runtime\helpers\asyncToGenerator.js:22:7
    at new Promise (&lt;anonymous&gt;)
    at Object.&lt;anonymous&gt; (C:\Users\user\Desktop\Kiro\AWS project\FinanceFarmSimulator\node_modules\@babel\runtime\helpers\asyncToGenerator.js:14:12)
    at Promise.then.completed (C:\Users\user\Desktop\Kiro\AWS project\FinanceFarmSimulator\node_modules\jest-circus\build\utils.js:298:28)
    at new Promise (&lt;anonymous&gt;)
    at callAsyncCircusFn (C:\Users\user\Desktop\Kiro\AWS project\FinanceFarmSimulator\node_modules\jest-circus\build\utils.js:231:10)
    at _callCircusTest (C:\Users\user\Desktop\Kiro\AWS project\FinanceFarmSimulator\node_modules\jest-circus\build\run.js:316:40)
    at _runTest (C:\Users\user\Desktop\Kiro\AWS project\FinanceFarmSimulator\node_modules\jest-circus\build\run.js:252:3)
    at _runTestsForDescribeBlock (C:\Users\user\Desktop\Kiro\AWS project\FinanceFarmSimulator\node_modules\jest-circus\build\run.js:126:9)
    at _runTestsForDescribeBlock (C:\Users\user\Desktop\Kiro\AWS project\FinanceFarmSimulator\node_modules\jest-circus\build\run.js:121:9)
    at _runTestsForDescribeBlock (C:\Users\user\Desktop\Kiro\AWS project\FinanceFarmSimulator\node_modules\jest-circus\build\run.js:121:9)
    at run (C:\Users\user\Desktop\Kiro\AWS project\FinanceFarmSimulator\node_modules\jest-circus\build\run.js:71:3)
    at runAndTransformResultsToJestFormat (C:\Users\user\Desktop\Kiro\AWS project\FinanceFarmSimulator\node_modules\jest-circus\build\legacy-code-todo-rewrite\jestAdapterInit.js:122:21)
    at jestAdapter (C:\Users\user\Desktop\Kiro\AWS project\FinanceFarmSimulator\node_modules\jest-circus\build\legacy-code-todo-rewrite\jestAdapter.js:79:19)
    at runTestInternal (C:\Users\user\Desktop\Kiro\AWS project\FinanceFarmSimulator\node_modules\jest-runner\build\runTest.js:367:16)
    at runTest (C:\Users\user\Desktop\Kiro\AWS project\FinanceFarmSimulator\node_modules\jest-runner\build\runTest.js:444:34)</failure>
    </testcase>
    <testcase classname="SecureStorageService Credentials Management should retrieve user credentials" name="SecureStorageService Credentials Management should retrieve user credentials" time="0.003">
      <failure>TypeError: Cannot read properties of undefined (reading &apos;decryptData&apos;)
    at Object.decryptData (C:\Users\user\Desktop\Kiro\AWS project\FinanceFarmSimulator\src\services\__tests__\SecureStorageService.test.ts:177:29)
    at Generator.next (&lt;anonymous&gt;)
    at asyncGeneratorStep (C:\Users\user\Desktop\Kiro\AWS project\FinanceFarmSimulator\node_modules\@babel\runtime\helpers\asyncToGenerator.js:3:17)
    at _next (C:\Users\user\Desktop\Kiro\AWS project\FinanceFarmSimulator\node_modules\@babel\runtime\helpers\asyncToGenerator.js:17:9)
    at C:\Users\user\Desktop\Kiro\AWS project\FinanceFarmSimulator\node_modules\@babel\runtime\helpers\asyncToGenerator.js:22:7
    at new Promise (&lt;anonymous&gt;)
    at Object.&lt;anonymous&gt; (C:\Users\user\Desktop\Kiro\AWS project\FinanceFarmSimulator\node_modules\@babel\runtime\helpers\asyncToGenerator.js:14:12)
    at Promise.then.completed (C:\Users\user\Desktop\Kiro\AWS project\FinanceFarmSimulator\node_modules\jest-circus\build\utils.js:298:28)
    at new Promise (&lt;anonymous&gt;)
    at callAsyncCircusFn (C:\Users\user\Desktop\Kiro\AWS project\FinanceFarmSimulator\node_modules\jest-circus\build\utils.js:231:10)
    at _callCircusTest (C:\Users\user\Desktop\Kiro\AWS project\FinanceFarmSimulator\node_modules\jest-circus\build\run.js:316:40)
    at _runTest (C:\Users\user\Desktop\Kiro\AWS project\FinanceFarmSimulator\node_modules\jest-circus\build\run.js:252:3)
    at _runTestsForDescribeBlock (C:\Users\user\Desktop\Kiro\AWS project\FinanceFarmSimulator\node_modules\jest-circus\build\run.js:126:9)
    at _runTestsForDescribeBlock (C:\Users\user\Desktop\Kiro\AWS project\FinanceFarmSimulator\node_modules\jest-circus\build\run.js:121:9)
    at _runTestsForDescribeBlock (C:\Users\user\Desktop\Kiro\AWS project\FinanceFarmSimulator\node_modules\jest-circus\build\run.js:121:9)
    at run (C:\Users\user\Desktop\Kiro\AWS project\FinanceFarmSimulator\node_modules\jest-circus\build\run.js:71:3)
    at runAndTransformResultsToJestFormat (C:\Users\user\Desktop\Kiro\AWS project\FinanceFarmSimulator\node_modules\jest-circus\build\legacy-code-todo-rewrite\jestAdapterInit.js:122:21)
    at jestAdapter (C:\Users\user\Desktop\Kiro\AWS project\FinanceFarmSimulator\node_modules\jest-circus\build\legacy-code-todo-rewrite\jestAdapter.js:79:19)
    at runTestInternal (C:\Users\user\Desktop\Kiro\AWS project\FinanceFarmSimulator\node_modules\jest-runner\build\runTest.js:367:16)
    at runTest (C:\Users\user\Desktop\Kiro\AWS project\FinanceFarmSimulator\node_modules\jest-runner\build\runTest.js:444:34)</failure>
    </testcase>
    <testcase classname="SecureStorageService Credentials Management should return null for non-existent credentials" name="SecureStorageService Credentials Management should return null for non-existent credentials" time="0.004">
    </testcase>
    <testcase classname="SecureStorageService Financial Data Management should store financial data with encryption" name="SecureStorageService Financial Data Management should store financial data with encryption" time="0.005">
      <failure>TypeError: Cannot read properties of undefined (reading &apos;encryptData&apos;)
    at Object.encryptData (C:\Users\user\Desktop\Kiro\AWS project\FinanceFarmSimulator\src\services\__tests__\SecureStorageService.test.ts:207:29)
    at Generator.next (&lt;anonymous&gt;)
    at asyncGeneratorStep (C:\Users\user\Desktop\Kiro\AWS project\FinanceFarmSimulator\node_modules\@babel\runtime\helpers\asyncToGenerator.js:3:17)
    at _next (C:\Users\user\Desktop\Kiro\AWS project\FinanceFarmSimulator\node_modules\@babel\runtime\helpers\asyncToGenerator.js:17:9)
    at C:\Users\user\Desktop\Kiro\AWS project\FinanceFarmSimulator\node_modules\@babel\runtime\helpers\asyncToGenerator.js:22:7
    at new Promise (&lt;anonymous&gt;)
    at Object.&lt;anonymous&gt; (C:\Users\user\Desktop\Kiro\AWS project\FinanceFarmSimulator\node_modules\@babel\runtime\helpers\asyncToGenerator.js:14:12)
    at Promise.then.completed (C:\Users\user\Desktop\Kiro\AWS project\FinanceFarmSimulator\node_modules\jest-circus\build\utils.js:298:28)
    at new Promise (&lt;anonymous&gt;)
    at callAsyncCircusFn (C:\Users\user\Desktop\Kiro\AWS project\FinanceFarmSimulator\node_modules\jest-circus\build\utils.js:231:10)
    at _callCircusTest (C:\Users\user\Desktop\Kiro\AWS project\FinanceFarmSimulator\node_modules\jest-circus\build\run.js:316:40)
    at _runTest (C:\Users\user\Desktop\Kiro\AWS project\FinanceFarmSimulator\node_modules\jest-circus\build\run.js:252:3)
    at _runTestsForDescribeBlock (C:\Users\user\Desktop\Kiro\AWS project\FinanceFarmSimulator\node_modules\jest-circus\build\run.js:126:9)
    at _runTestsForDescribeBlock (C:\Users\user\Desktop\Kiro\AWS project\FinanceFarmSimulator\node_modules\jest-circus\build\run.js:121:9)
    at _runTestsForDescribeBlock (C:\Users\user\Desktop\Kiro\AWS project\FinanceFarmSimulator\node_modules\jest-circus\build\run.js:121:9)
    at run (C:\Users\user\Desktop\Kiro\AWS project\FinanceFarmSimulator\node_modules\jest-circus\build\run.js:71:3)
    at runAndTransformResultsToJestFormat (C:\Users\user\Desktop\Kiro\AWS project\FinanceFarmSimulator\node_modules\jest-circus\build\legacy-code-todo-rewrite\jestAdapterInit.js:122:21)
    at jestAdapter (C:\Users\user\Desktop\Kiro\AWS project\FinanceFarmSimulator\node_modules\jest-circus\build\legacy-code-todo-rewrite\jestAdapter.js:79:19)
    at runTestInternal (C:\Users\user\Desktop\Kiro\AWS project\FinanceFarmSimulator\node_modules\jest-runner\build\runTest.js:367:16)
    at runTest (C:\Users\user\Desktop\Kiro\AWS project\FinanceFarmSimulator\node_modules\jest-runner\build\runTest.js:444:34)</failure>
    </testcase>
    <testcase classname="SecureStorageService Financial Data Management should retrieve financial data" name="SecureStorageService Financial Data Management should retrieve financial data" time="0.003">
      <failure>TypeError: Cannot read properties of undefined (reading &apos;decryptData&apos;)
    at Object.decryptData (C:\Users\user\Desktop\Kiro\AWS project\FinanceFarmSimulator\src\services\__tests__\SecureStorageService.test.ts:235:29)
    at Generator.next (&lt;anonymous&gt;)
    at asyncGeneratorStep (C:\Users\user\Desktop\Kiro\AWS project\FinanceFarmSimulator\node_modules\@babel\runtime\helpers\asyncToGenerator.js:3:17)
    at _next (C:\Users\user\Desktop\Kiro\AWS project\FinanceFarmSimulator\node_modules\@babel\runtime\helpers\asyncToGenerator.js:17:9)
    at C:\Users\user\Desktop\Kiro\AWS project\FinanceFarmSimulator\node_modules\@babel\runtime\helpers\asyncToGenerator.js:22:7
    at new Promise (&lt;anonymous&gt;)
    at Object.&lt;anonymous&gt; (C:\Users\user\Desktop\Kiro\AWS project\FinanceFarmSimulator\node_modules\@babel\runtime\helpers\asyncToGenerator.js:14:12)
    at Promise.then.completed (C:\Users\user\Desktop\Kiro\AWS project\FinanceFarmSimulator\node_modules\jest-circus\build\utils.js:298:28)
    at new Promise (&lt;anonymous&gt;)
    at callAsyncCircusFn (C:\Users\user\Desktop\Kiro\AWS project\FinanceFarmSimulator\node_modules\jest-circus\build\utils.js:231:10)
    at _callCircusTest (C:\Users\user\Desktop\Kiro\AWS project\FinanceFarmSimulator\node_modules\jest-circus\build\run.js:316:40)
    at _runTest (C:\Users\user\Desktop\Kiro\AWS project\FinanceFarmSimulator\node_modules\jest-circus\build\run.js:252:3)
    at _runTestsForDescribeBlock (C:\Users\user\Desktop\Kiro\AWS project\FinanceFarmSimulator\node_modules\jest-circus\build\run.js:126:9)
    at _runTestsForDescribeBlock (C:\Users\user\Desktop\Kiro\AWS project\FinanceFarmSimulator\node_modules\jest-circus\build\run.js:121:9)
    at _runTestsForDescribeBlock (C:\Users\user\Desktop\Kiro\AWS project\FinanceFarmSimulator\node_modules\jest-circus\build\run.js:121:9)
    at run (C:\Users\user\Desktop\Kiro\AWS project\FinanceFarmSimulator\node_modules\jest-circus\build\run.js:71:3)
    at runAndTransformResultsToJestFormat (C:\Users\user\Desktop\Kiro\AWS project\FinanceFarmSimulator\node_modules\jest-circus\build\legacy-code-todo-rewrite\jestAdapterInit.js:122:21)
    at jestAdapter (C:\Users\user\Desktop\Kiro\AWS project\FinanceFarmSimulator\node_modules\jest-circus\build\legacy-code-todo-rewrite\jestAdapter.js:79:19)
    at runTestInternal (C:\Users\user\Desktop\Kiro\AWS project\FinanceFarmSimulator\node_modules\jest-runner\build\runTest.js:367:16)
    at runTest (C:\Users\user\Desktop\Kiro\AWS project\FinanceFarmSimulator\node_modules\jest-runner\build\runTest.js:444:34)</failure>
    </testcase>
    <testcase classname="SecureStorageService Token Refresh should refresh token when close to expiration" name="SecureStorageService Token Refresh should refresh token when close to expiration" time="0.006">
      <failure>TypeError: Cannot read properties of undefined (reading &apos;decryptData&apos;)
    at Object.decryptData (C:\Users\user\Desktop\Kiro\AWS project\FinanceFarmSimulator\src\services\__tests__\SecureStorageService.test.ts:258:29)
    at Generator.next (&lt;anonymous&gt;)
    at asyncGeneratorStep (C:\Users\user\Desktop\Kiro\AWS project\FinanceFarmSimulator\node_modules\@babel\runtime\helpers\asyncToGenerator.js:3:17)
    at _next (C:\Users\user\Desktop\Kiro\AWS project\FinanceFarmSimulator\node_modules\@babel\runtime\helpers\asyncToGenerator.js:17:9)
    at C:\Users\user\Desktop\Kiro\AWS project\FinanceFarmSimulator\node_modules\@babel\runtime\helpers\asyncToGenerator.js:22:7
    at new Promise (&lt;anonymous&gt;)
    at Object.&lt;anonymous&gt; (C:\Users\user\Desktop\Kiro\AWS project\FinanceFarmSimulator\node_modules\@babel\runtime\helpers\asyncToGenerator.js:14:12)
    at Promise.then.completed (C:\Users\user\Desktop\Kiro\AWS project\FinanceFarmSimulator\node_modules\jest-circus\build\utils.js:298:28)
    at new Promise (&lt;anonymous&gt;)
    at callAsyncCircusFn (C:\Users\user\Desktop\Kiro\AWS project\FinanceFarmSimulator\node_modules\jest-circus\build\utils.js:231:10)
    at _callCircusTest (C:\Users\user\Desktop\Kiro\AWS project\FinanceFarmSimulator\node_modules\jest-circus\build\run.js:316:40)
    at _runTest (C:\Users\user\Desktop\Kiro\AWS project\FinanceFarmSimulator\node_modules\jest-circus\build\run.js:252:3)
    at _runTestsForDescribeBlock (C:\Users\user\Desktop\Kiro\AWS project\FinanceFarmSimulator\node_modules\jest-circus\build\run.js:126:9)
    at _runTestsForDescribeBlock (C:\Users\user\Desktop\Kiro\AWS project\FinanceFarmSimulator\node_modules\jest-circus\build\run.js:121:9)
    at _runTestsForDescribeBlock (C:\Users\user\Desktop\Kiro\AWS project\FinanceFarmSimulator\node_modules\jest-circus\build\run.js:121:9)
    at run (C:\Users\user\Desktop\Kiro\AWS project\FinanceFarmSimulator\node_modules\jest-circus\build\run.js:71:3)
    at runAndTransformResultsToJestFormat (C:\Users\user\Desktop\Kiro\AWS project\FinanceFarmSimulator\node_modules\jest-circus\build\legacy-code-todo-rewrite\jestAdapterInit.js:122:21)
    at jestAdapter (C:\Users\user\Desktop\Kiro\AWS project\FinanceFarmSimulator\node_modules\jest-circus\build\legacy-code-todo-rewrite\jestAdapter.js:79:19)
    at runTestInternal (C:\Users\user\Desktop\Kiro\AWS project\FinanceFarmSimulator\node_modules\jest-runner\build\runTest.js:367:16)
    at runTest (C:\Users\user\Desktop\Kiro\AWS project\FinanceFarmSimulator\node_modules\jest-runner\build\runTest.js:444:34)</failure>
    </testcase>
    <testcase classname="SecureStorageService Token Refresh should not refresh token when not close to expiration" name="SecureStorageService Token Refresh should not refresh token when not close to expiration" time="0.003">
      <failure>TypeError: Cannot read properties of undefined (reading &apos;decryptData&apos;)
    at Object.decryptData (C:\Users\user\Desktop\Kiro\AWS project\FinanceFarmSimulator\src\services\__tests__\SecureStorageService.test.ts:292:29)
    at Generator.next (&lt;anonymous&gt;)
    at asyncGeneratorStep (C:\Users\user\Desktop\Kiro\AWS project\FinanceFarmSimulator\node_modules\@babel\runtime\helpers\asyncToGenerator.js:3:17)
    at _next (C:\Users\user\Desktop\Kiro\AWS project\FinanceFarmSimulator\node_modules\@babel\runtime\helpers\asyncToGenerator.js:17:9)
    at C:\Users\user\Desktop\Kiro\AWS project\FinanceFarmSimulator\node_modules\@babel\runtime\helpers\asyncToGenerator.js:22:7
    at new Promise (&lt;anonymous&gt;)
    at Object.&lt;anonymous&gt; (C:\Users\user\Desktop\Kiro\AWS project\FinanceFarmSimulator\node_modules\@babel\runtime\helpers\asyncToGenerator.js:14:12)
    at Promise.then.completed (C:\Users\user\Desktop\Kiro\AWS project\FinanceFarmSimulator\node_modules\jest-circus\build\utils.js:298:28)
    at new Promise (&lt;anonymous&gt;)
    at callAsyncCircusFn (C:\Users\user\Desktop\Kiro\AWS project\FinanceFarmSimulator\node_modules\jest-circus\build\utils.js:231:10)
    at _callCircusTest (C:\Users\user\Desktop\Kiro\AWS project\FinanceFarmSimulator\node_modules\jest-circus\build\run.js:316:40)
    at _runTest (C:\Users\user\Desktop\Kiro\AWS project\FinanceFarmSimulator\node_modules\jest-circus\build\run.js:252:3)
    at _runTestsForDescribeBlock (C:\Users\user\Desktop\Kiro\AWS project\FinanceFarmSimulator\node_modules\jest-circus\build\run.js:126:9)
    at _runTestsForDescribeBlock (C:\Users\user\Desktop\Kiro\AWS project\FinanceFarmSimulator\node_modules\jest-circus\build\run.js:121:9)
    at _runTestsForDescribeBlock (C:\Users\user\Desktop\Kiro\AWS project\FinanceFarmSimulator\node_modules\jest-circus\build\run.js:121:9)
    at run (C:\Users\user\Desktop\Kiro\AWS project\FinanceFarmSimulator\node_modules\jest-circus\build\run.js:71:3)
    at runAndTransformResultsToJestFormat (C:\Users\user\Desktop\Kiro\AWS project\FinanceFarmSimulator\node_modules\jest-circus\build\legacy-code-todo-rewrite\jestAdapterInit.js:122:21)
    at jestAdapter (C:\Users\user\Desktop\Kiro\AWS project\FinanceFarmSimulator\node_modules\jest-circus\build\legacy-code-todo-rewrite\jestAdapter.js:79:19)
    at runTestInternal (C:\Users\user\Desktop\Kiro\AWS project\FinanceFarmSimulator\node_modules\jest-runner\build\runTest.js:367:16)
    at runTest (C:\Users\user\Desktop\Kiro\AWS project\FinanceFarmSimulator\node_modules\jest-runner\build\runTest.js:444:34)</failure>
    </testcase>
    <testcase classname="SecureStorageService Data Cleanup should clear all secure data" name="SecureStorageService Data Cleanup should clear all secure data" time="0.004">
    </testcase>
    <testcase classname="SecureStorageService Data Cleanup should get storage statistics" name="SecureStorageService Data Cleanup should get storage statistics" time="0.012">
    </testcase>
    <testcase classname="SecureStorageService Configuration should update storage configuration" name="SecureStorageService Configuration should update storage configuration" time="0.004">
    </testcase>
    <testcase classname="SecureStorageService Error Handling should handle storage errors when storing tokens" name="SecureStorageService Error Handling should handle storage errors when storing tokens" time="0.035">
    </testcase>
    <testcase classname="SecureStorageService Error Handling should handle encryption errors when storing credentials" name="SecureStorageService Error Handling should handle encryption errors when storing credentials" time="0.003">
      <failure>TypeError: Cannot read properties of undefined (reading &apos;encryptData&apos;)
    at Object.encryptData (C:\Users\user\Desktop\Kiro\AWS project\FinanceFarmSimulator\src\services\__tests__\SecureStorageService.test.ts:368:29)
    at Generator.next (&lt;anonymous&gt;)
    at asyncGeneratorStep (C:\Users\user\Desktop\Kiro\AWS project\FinanceFarmSimulator\node_modules\@babel\runtime\helpers\asyncToGenerator.js:3:17)
    at _next (C:\Users\user\Desktop\Kiro\AWS project\FinanceFarmSimulator\node_modules\@babel\runtime\helpers\asyncToGenerator.js:17:9)
    at C:\Users\user\Desktop\Kiro\AWS project\FinanceFarmSimulator\node_modules\@babel\runtime\helpers\asyncToGenerator.js:22:7
    at new Promise (&lt;anonymous&gt;)
    at Object.&lt;anonymous&gt; (C:\Users\user\Desktop\Kiro\AWS project\FinanceFarmSimulator\node_modules\@babel\runtime\helpers\asyncToGenerator.js:14:12)
    at Promise.then.completed (C:\Users\user\Desktop\Kiro\AWS project\FinanceFarmSimulator\node_modules\jest-circus\build\utils.js:298:28)
    at new Promise (&lt;anonymous&gt;)
    at callAsyncCircusFn (C:\Users\user\Desktop\Kiro\AWS project\FinanceFarmSimulator\node_modules\jest-circus\build\utils.js:231:10)
    at _callCircusTest (C:\Users\user\Desktop\Kiro\AWS project\FinanceFarmSimulator\node_modules\jest-circus\build\run.js:316:40)
    at _runTest (C:\Users\user\Desktop\Kiro\AWS project\FinanceFarmSimulator\node_modules\jest-circus\build\run.js:252:3)
    at _runTestsForDescribeBlock (C:\Users\user\Desktop\Kiro\AWS project\FinanceFarmSimulator\node_modules\jest-circus\build\run.js:126:9)
    at _runTestsForDescribeBlock (C:\Users\user\Desktop\Kiro\AWS project\FinanceFarmSimulator\node_modules\jest-circus\build\run.js:121:9)
    at _runTestsForDescribeBlock (C:\Users\user\Desktop\Kiro\AWS project\FinanceFarmSimulator\node_modules\jest-circus\build\run.js:121:9)
    at run (C:\Users\user\Desktop\Kiro\AWS project\FinanceFarmSimulator\node_modules\jest-circus\build\run.js:71:3)
    at runAndTransformResultsToJestFormat (C:\Users\user\Desktop\Kiro\AWS project\FinanceFarmSimulator\node_modules\jest-circus\build\legacy-code-todo-rewrite\jestAdapterInit.js:122:21)
    at jestAdapter (C:\Users\user\Desktop\Kiro\AWS project\FinanceFarmSimulator\node_modules\jest-circus\build\legacy-code-todo-rewrite\jestAdapter.js:79:19)
    at runTestInternal (C:\Users\user\Desktop\Kiro\AWS project\FinanceFarmSimulator\node_modules\jest-runner\build\runTest.js:367:16)
    at runTest (C:\Users\user\Desktop\Kiro\AWS project\FinanceFarmSimulator\node_modules\jest-runner\build\runTest.js:444:34)</failure>
    </testcase>
    <testcase classname="SecureStorageService Singleton Pattern should return same instance" name="SecureStorageService Singleton Pattern should return same instance" time="0.005">
    </testcase>
  </testsuite>
  <testsuite name="ConflictResolutionService" errors="0" failures="6" skipped="0" timestamp="2025-09-29T19:07:39" time="2.192" tests="21">
    <testcase classname="ConflictResolutionService getInstance should return singleton instance" name="ConflictResolutionService getInstance should return singleton instance" time="0.007">
    </testcase>
    <testcase classname="ConflictResolutionService detectConflict should return null when no conflict exists" name="ConflictResolutionService detectConflict should return null when no conflict exists" time="0.004">
    </testcase>
    <testcase classname="ConflictResolutionService detectConflict should detect UPDATE_UPDATE conflict" name="ConflictResolutionService detectConflict should detect UPDATE_UPDATE conflict" time="0.007">
    </testcase>
    <testcase classname="ConflictResolutionService detectConflict should detect DELETE_UPDATE conflict" name="ConflictResolutionService detectConflict should detect DELETE_UPDATE conflict" time="0.003">
    </testcase>
    <testcase classname="ConflictResolutionService detectConflict should detect UPDATE_DELETE conflict" name="ConflictResolutionService detectConflict should detect UPDATE_DELETE conflict" time="0.004">
    </testcase>
    <testcase classname="ConflictResolutionService resolveConflict should resolve conflict using local data" name="ConflictResolutionService resolveConflict should resolve conflict using local data" time="0.113">
      <failure>TypeError: Cannot read properties of undefined (reading &apos;toISOString&apos;)
    at ConflictResolutionService.toISOString (C:\Users\user\Desktop\Kiro\AWS project\FinanceFarmSimulator\src\services\ConflictResolutionService.ts:251:38)
    at Generator.next (&lt;anonymous&gt;)
    at asyncGeneratorStep (C:\Users\user\Desktop\Kiro\AWS project\FinanceFarmSimulator\node_modules\@babel\runtime\helpers\asyncToGenerator.js:3:17)
    at _next (C:\Users\user\Desktop\Kiro\AWS project\FinanceFarmSimulator\node_modules\@babel\runtime\helpers\asyncToGenerator.js:17:9)
    at C:\Users\user\Desktop\Kiro\AWS project\FinanceFarmSimulator\node_modules\@babel\runtime\helpers\asyncToGenerator.js:22:7
    at new Promise (&lt;anonymous&gt;)
    at ConflictResolutionService.&lt;anonymous&gt; (C:\Users\user\Desktop\Kiro\AWS project\FinanceFarmSimulator\node_modules\@babel\runtime\helpers\asyncToGenerator.js:14:12)
    at ConflictResolutionService.apply [as applyResolution] (C:\Users\user\Desktop\Kiro\AWS project\FinanceFarmSimulator\src\services\ConflictResolutionService.ts:232:32)
    at ConflictResolutionService.applyResolution (C:\Users\user\Desktop\Kiro\AWS project\FinanceFarmSimulator\src\services\ConflictResolutionService.ts:119:16)
    at Generator.next (&lt;anonymous&gt;)
    at asyncGeneratorStep (C:\Users\user\Desktop\Kiro\AWS project\FinanceFarmSimulator\node_modules\@babel\runtime\helpers\asyncToGenerator.js:3:17)
    at _next (C:\Users\user\Desktop\Kiro\AWS project\FinanceFarmSimulator\node_modules\@babel\runtime\helpers\asyncToGenerator.js:17:9)
    at C:\Users\user\Desktop\Kiro\AWS project\FinanceFarmSimulator\node_modules\@babel\runtime\helpers\asyncToGenerator.js:22:7
    at new Promise (&lt;anonymous&gt;)
    at ConflictResolutionService.&lt;anonymous&gt; (C:\Users\user\Desktop\Kiro\AWS project\FinanceFarmSimulator\node_modules\@babel\runtime\helpers\asyncToGenerator.js:14:12)
    at ConflictResolutionService.apply [as resolveConflict] (C:\Users\user\Desktop\Kiro\AWS project\FinanceFarmSimulator\src\services\ConflictResolutionService.ts:82:31)
    at Object.resolveConflict (C:\Users\user\Desktop\Kiro\AWS project\FinanceFarmSimulator\src\services\__tests__\ConflictResolutionService.test.ts:126:44)
    at Generator.next (&lt;anonymous&gt;)
    at asyncGeneratorStep (C:\Users\user\Desktop\Kiro\AWS project\FinanceFarmSimulator\node_modules\@babel\runtime\helpers\asyncToGenerator.js:3:17)
    at _next (C:\Users\user\Desktop\Kiro\AWS project\FinanceFarmSimulator\node_modules\@babel\runtime\helpers\asyncToGenerator.js:17:9)
    at C:\Users\user\Desktop\Kiro\AWS project\FinanceFarmSimulator\node_modules\@babel\runtime\helpers\asyncToGenerator.js:22:7
    at new Promise (&lt;anonymous&gt;)
    at Object.&lt;anonymous&gt; (C:\Users\user\Desktop\Kiro\AWS project\FinanceFarmSimulator\node_modules\@babel\runtime\helpers\asyncToGenerator.js:14:12)
    at Promise.then.completed (C:\Users\user\Desktop\Kiro\AWS project\FinanceFarmSimulator\node_modules\jest-circus\build\utils.js:298:28)
    at new Promise (&lt;anonymous&gt;)
    at callAsyncCircusFn (C:\Users\user\Desktop\Kiro\AWS project\FinanceFarmSimulator\node_modules\jest-circus\build\utils.js:231:10)
    at _callCircusTest (C:\Users\user\Desktop\Kiro\AWS project\FinanceFarmSimulator\node_modules\jest-circus\build\run.js:316:40)
    at _runTest (C:\Users\user\Desktop\Kiro\AWS project\FinanceFarmSimulator\node_modules\jest-circus\build\run.js:252:3)
    at _runTestsForDescribeBlock (C:\Users\user\Desktop\Kiro\AWS project\FinanceFarmSimulator\node_modules\jest-circus\build\run.js:126:9)
    at _runTestsForDescribeBlock (C:\Users\user\Desktop\Kiro\AWS project\FinanceFarmSimulator\node_modules\jest-circus\build\run.js:121:9)
    at _runTestsForDescribeBlock (C:\Users\user\Desktop\Kiro\AWS project\FinanceFarmSimulator\node_modules\jest-circus\build\run.js:121:9)
    at run (C:\Users\user\Desktop\Kiro\AWS project\FinanceFarmSimulator\node_modules\jest-circus\build\run.js:71:3)
    at runAndTransformResultsToJestFormat (C:\Users\user\Desktop\Kiro\AWS project\FinanceFarmSimulator\node_modules\jest-circus\build\legacy-code-todo-rewrite\jestAdapterInit.js:122:21)
    at jestAdapter (C:\Users\user\Desktop\Kiro\AWS project\FinanceFarmSimulator\node_modules\jest-circus\build\legacy-code-todo-rewrite\jestAdapter.js:79:19)
    at runTestInternal (C:\Users\user\Desktop\Kiro\AWS project\FinanceFarmSimulator\node_modules\jest-runner\build\runTest.js:367:16)
    at runTest (C:\Users\user\Desktop\Kiro\AWS project\FinanceFarmSimulator\node_modules\jest-runner\build\runTest.js:444:34)</failure>
    </testcase>
    <testcase classname="ConflictResolutionService resolveConflict should resolve conflict using remote data" name="ConflictResolutionService resolveConflict should resolve conflict using remote data" time="0.012">
      <failure>TypeError: Cannot read properties of undefined (reading &apos;toISOString&apos;)
    at ConflictResolutionService.toISOString (C:\Users\user\Desktop\Kiro\AWS project\FinanceFarmSimulator\src\services\ConflictResolutionService.ts:251:38)
    at Generator.next (&lt;anonymous&gt;)
    at asyncGeneratorStep (C:\Users\user\Desktop\Kiro\AWS project\FinanceFarmSimulator\node_modules\@babel\runtime\helpers\asyncToGenerator.js:3:17)
    at _next (C:\Users\user\Desktop\Kiro\AWS project\FinanceFarmSimulator\node_modules\@babel\runtime\helpers\asyncToGenerator.js:17:9)
    at C:\Users\user\Desktop\Kiro\AWS project\FinanceFarmSimulator\node_modules\@babel\runtime\helpers\asyncToGenerator.js:22:7
    at new Promise (&lt;anonymous&gt;)
    at ConflictResolutionService.&lt;anonymous&gt; (C:\Users\user\Desktop\Kiro\AWS project\FinanceFarmSimulator\node_modules\@babel\runtime\helpers\asyncToGenerator.js:14:12)
    at ConflictResolutionService.apply [as applyResolution] (C:\Users\user\Desktop\Kiro\AWS project\FinanceFarmSimulator\src\services\ConflictResolutionService.ts:232:32)
    at ConflictResolutionService.applyResolution (C:\Users\user\Desktop\Kiro\AWS project\FinanceFarmSimulator\src\services\ConflictResolutionService.ts:119:16)
    at Generator.next (&lt;anonymous&gt;)
    at asyncGeneratorStep (C:\Users\user\Desktop\Kiro\AWS project\FinanceFarmSimulator\node_modules\@babel\runtime\helpers\asyncToGenerator.js:3:17)
    at _next (C:\Users\user\Desktop\Kiro\AWS project\FinanceFarmSimulator\node_modules\@babel\runtime\helpers\asyncToGenerator.js:17:9)
    at C:\Users\user\Desktop\Kiro\AWS project\FinanceFarmSimulator\node_modules\@babel\runtime\helpers\asyncToGenerator.js:22:7
    at new Promise (&lt;anonymous&gt;)
    at ConflictResolutionService.&lt;anonymous&gt; (C:\Users\user\Desktop\Kiro\AWS project\FinanceFarmSimulator\node_modules\@babel\runtime\helpers\asyncToGenerator.js:14:12)
    at ConflictResolutionService.apply [as resolveConflict] (C:\Users\user\Desktop\Kiro\AWS project\FinanceFarmSimulator\src\services\ConflictResolutionService.ts:82:31)
    at Object.resolveConflict (C:\Users\user\Desktop\Kiro\AWS project\FinanceFarmSimulator\src\services\__tests__\ConflictResolutionService.test.ts:138:44)
    at Generator.next (&lt;anonymous&gt;)
    at asyncGeneratorStep (C:\Users\user\Desktop\Kiro\AWS project\FinanceFarmSimulator\node_modules\@babel\runtime\helpers\asyncToGenerator.js:3:17)
    at _next (C:\Users\user\Desktop\Kiro\AWS project\FinanceFarmSimulator\node_modules\@babel\runtime\helpers\asyncToGenerator.js:17:9)
    at C:\Users\user\Desktop\Kiro\AWS project\FinanceFarmSimulator\node_modules\@babel\runtime\helpers\asyncToGenerator.js:22:7
    at new Promise (&lt;anonymous&gt;)
    at Object.&lt;anonymous&gt; (C:\Users\user\Desktop\Kiro\AWS project\FinanceFarmSimulator\node_modules\@babel\runtime\helpers\asyncToGenerator.js:14:12)
    at Promise.then.completed (C:\Users\user\Desktop\Kiro\AWS project\FinanceFarmSimulator\node_modules\jest-circus\build\utils.js:298:28)
    at new Promise (&lt;anonymous&gt;)
    at callAsyncCircusFn (C:\Users\user\Desktop\Kiro\AWS project\FinanceFarmSimulator\node_modules\jest-circus\build\utils.js:231:10)
    at _callCircusTest (C:\Users\user\Desktop\Kiro\AWS project\FinanceFarmSimulator\node_modules\jest-circus\build\run.js:316:40)
    at _runTest (C:\Users\user\Desktop\Kiro\AWS project\FinanceFarmSimulator\node_modules\jest-circus\build\run.js:252:3)
    at _runTestsForDescribeBlock (C:\Users\user\Desktop\Kiro\AWS project\FinanceFarmSimulator\node_modules\jest-circus\build\run.js:126:9)
    at _runTestsForDescribeBlock (C:\Users\user\Desktop\Kiro\AWS project\FinanceFarmSimulator\node_modules\jest-circus\build\run.js:121:9)
    at _runTestsForDescribeBlock (C:\Users\user\Desktop\Kiro\AWS project\FinanceFarmSimulator\node_modules\jest-circus\build\run.js:121:9)
    at run (C:\Users\user\Desktop\Kiro\AWS project\FinanceFarmSimulator\node_modules\jest-circus\build\run.js:71:3)
    at runAndTransformResultsToJestFormat (C:\Users\user\Desktop\Kiro\AWS project\FinanceFarmSimulator\node_modules\jest-circus\build\legacy-code-todo-rewrite\jestAdapterInit.js:122:21)
    at jestAdapter (C:\Users\user\Desktop\Kiro\AWS project\FinanceFarmSimulator\node_modules\jest-circus\build\legacy-code-todo-rewrite\jestAdapter.js:79:19)
    at runTestInternal (C:\Users\user\Desktop\Kiro\AWS project\FinanceFarmSimulator\node_modules\jest-runner\build\runTest.js:367:16)
    at runTest (C:\Users\user\Desktop\Kiro\AWS project\FinanceFarmSimulator\node_modules\jest-runner\build\runTest.js:444:34)</failure>
    </testcase>
    <testcase classname="ConflictResolutionService resolveConflict should resolve conflict using manual data" name="ConflictResolutionService resolveConflict should resolve conflict using manual data" time="0.01">
      <failure>TypeError: Cannot read properties of undefined (reading &apos;toISOString&apos;)
    at ConflictResolutionService.toISOString (C:\Users\user\Desktop\Kiro\AWS project\FinanceFarmSimulator\src\services\ConflictResolutionService.ts:251:38)
    at Generator.next (&lt;anonymous&gt;)
    at asyncGeneratorStep (C:\Users\user\Desktop\Kiro\AWS project\FinanceFarmSimulator\node_modules\@babel\runtime\helpers\asyncToGenerator.js:3:17)
    at _next (C:\Users\user\Desktop\Kiro\AWS project\FinanceFarmSimulator\node_modules\@babel\runtime\helpers\asyncToGenerator.js:17:9)
    at C:\Users\user\Desktop\Kiro\AWS project\FinanceFarmSimulator\node_modules\@babel\runtime\helpers\asyncToGenerator.js:22:7
    at new Promise (&lt;anonymous&gt;)
    at ConflictResolutionService.&lt;anonymous&gt; (C:\Users\user\Desktop\Kiro\AWS project\FinanceFarmSimulator\node_modules\@babel\runtime\helpers\asyncToGenerator.js:14:12)
    at ConflictResolutionService.apply [as applyResolution] (C:\Users\user\Desktop\Kiro\AWS project\FinanceFarmSimulator\src\services\ConflictResolutionService.ts:232:32)
    at ConflictResolutionService.applyResolution (C:\Users\user\Desktop\Kiro\AWS project\FinanceFarmSimulator\src\services\ConflictResolutionService.ts:119:16)
    at Generator.next (&lt;anonymous&gt;)
    at asyncGeneratorStep (C:\Users\user\Desktop\Kiro\AWS project\FinanceFarmSimulator\node_modules\@babel\runtime\helpers\asyncToGenerator.js:3:17)
    at _next (C:\Users\user\Desktop\Kiro\AWS project\FinanceFarmSimulator\node_modules\@babel\runtime\helpers\asyncToGenerator.js:17:9)
    at C:\Users\user\Desktop\Kiro\AWS project\FinanceFarmSimulator\node_modules\@babel\runtime\helpers\asyncToGenerator.js:22:7
    at new Promise (&lt;anonymous&gt;)
    at ConflictResolutionService.&lt;anonymous&gt; (C:\Users\user\Desktop\Kiro\AWS project\FinanceFarmSimulator\node_modules\@babel\runtime\helpers\asyncToGenerator.js:14:12)
    at ConflictResolutionService.apply [as resolveConflict] (C:\Users\user\Desktop\Kiro\AWS project\FinanceFarmSimulator\src\services\ConflictResolutionService.ts:82:31)
    at Object.resolveConflict (C:\Users\user\Desktop\Kiro\AWS project\FinanceFarmSimulator\src\services\__tests__\ConflictResolutionService.test.ts:152:44)
    at Generator.next (&lt;anonymous&gt;)
    at asyncGeneratorStep (C:\Users\user\Desktop\Kiro\AWS project\FinanceFarmSimulator\node_modules\@babel\runtime\helpers\asyncToGenerator.js:3:17)
    at _next (C:\Users\user\Desktop\Kiro\AWS project\FinanceFarmSimulator\node_modules\@babel\runtime\helpers\asyncToGenerator.js:17:9)
    at C:\Users\user\Desktop\Kiro\AWS project\FinanceFarmSimulator\node_modules\@babel\runtime\helpers\asyncToGenerator.js:22:7
    at new Promise (&lt;anonymous&gt;)
    at Object.&lt;anonymous&gt; (C:\Users\user\Desktop\Kiro\AWS project\FinanceFarmSimulator\node_modules\@babel\runtime\helpers\asyncToGenerator.js:14:12)
    at Promise.then.completed (C:\Users\user\Desktop\Kiro\AWS project\FinanceFarmSimulator\node_modules\jest-circus\build\utils.js:298:28)
    at new Promise (&lt;anonymous&gt;)
    at callAsyncCircusFn (C:\Users\user\Desktop\Kiro\AWS project\FinanceFarmSimulator\node_modules\jest-circus\build\utils.js:231:10)
    at _callCircusTest (C:\Users\user\Desktop\Kiro\AWS project\FinanceFarmSimulator\node_modules\jest-circus\build\run.js:316:40)
    at _runTest (C:\Users\user\Desktop\Kiro\AWS project\FinanceFarmSimulator\node_modules\jest-circus\build\run.js:252:3)
    at _runTestsForDescribeBlock (C:\Users\user\Desktop\Kiro\AWS project\FinanceFarmSimulator\node_modules\jest-circus\build\run.js:126:9)
    at _runTestsForDescribeBlock (C:\Users\user\Desktop\Kiro\AWS project\FinanceFarmSimulator\node_modules\jest-circus\build\run.js:121:9)
    at _runTestsForDescribeBlock (C:\Users\user\Desktop\Kiro\AWS project\FinanceFarmSimulator\node_modules\jest-circus\build\run.js:121:9)
    at run (C:\Users\user\Desktop\Kiro\AWS project\FinanceFarmSimulator\node_modules\jest-circus\build\run.js:71:3)
    at runAndTransformResultsToJestFormat (C:\Users\user\Desktop\Kiro\AWS project\FinanceFarmSimulator\node_modules\jest-circus\build\legacy-code-todo-rewrite\jestAdapterInit.js:122:21)
    at jestAdapter (C:\Users\user\Desktop\Kiro\AWS project\FinanceFarmSimulator\node_modules\jest-circus\build\legacy-code-todo-rewrite\jestAdapter.js:79:19)
    at runTestInternal (C:\Users\user\Desktop\Kiro\AWS project\FinanceFarmSimulator\node_modules\jest-runner\build\runTest.js:367:16)
    at runTest (C:\Users\user\Desktop\Kiro\AWS project\FinanceFarmSimulator\node_modules\jest-runner\build\runTest.js:444:34)</failure>
    </testcase>
    <testcase classname="ConflictResolutionService resolveConflict should throw error for non-existent conflict" name="ConflictResolutionService resolveConflict should throw error for non-existent conflict" time="0.007">
    </testcase>
    <testcase classname="ConflictResolutionService resolveConflict should throw error for manual resolution without data" name="ConflictResolutionService resolveConflict should throw error for manual resolution without data" time="0.004">
    </testcase>
    <testcase classname="ConflictResolutionService autoMergeData should merge savings_goals data correctly" name="ConflictResolutionService autoMergeData should merge savings_goals data correctly" time="0.005">
    </testcase>
    <testcase classname="ConflictResolutionService autoMergeData should merge income data with streak handling" name="ConflictResolutionService autoMergeData should merge income data with streak handling" time="0.006">
    </testcase>
    <testcase classname="ConflictResolutionService resolveAllConflicts should resolve all conflicts using USE_LOCAL strategy" name="ConflictResolutionService resolveAllConflicts should resolve all conflicts using USE_LOCAL strategy" time="0.034">
      <failure>Error: expect(received).toHaveLength(expected)

Expected length: 0
Received length: 2
Received array:  [{&quot;conflictType&quot;: &quot;UPDATE_UPDATE&quot;, &quot;id&quot;: &quot;savings_goals_1_1759172861660&quot;, &quot;localData&quot;: {&quot;id&quot;: &quot;1&quot;, &quot;name&quot;: &quot;Local 1&quot;}, &quot;remoteData&quot;: {&quot;id&quot;: &quot;1&quot;, &quot;name&quot;: &quot;Remote 1&quot;}, &quot;table&quot;: &quot;savings_goals&quot;, &quot;timestamp&quot;: 1759172861660, &quot;userId&quot;: &quot;user1&quot;}, {&quot;conflictType&quot;: &quot;UPDATE_UPDATE&quot;, &quot;id&quot;: &quot;expenses_2_1759172861660&quot;, &quot;localData&quot;: {&quot;amount&quot;: 100, &quot;id&quot;: &quot;2&quot;}, &quot;remoteData&quot;: {&quot;amount&quot;: 200, &quot;id&quot;: &quot;2&quot;}, &quot;table&quot;: &quot;expenses&quot;, &quot;timestamp&quot;: 1759172861660, &quot;userId&quot;: &quot;user1&quot;}]
    at Object.toHaveLength (C:\Users\user\Desktop\Kiro\AWS project\FinanceFarmSimulator\src\services\__tests__\ConflictResolutionService.test.ts:282:53)
    at Generator.next (&lt;anonymous&gt;)
    at asyncGeneratorStep (C:\Users\user\Desktop\Kiro\AWS project\FinanceFarmSimulator\node_modules\@babel\runtime\helpers\asyncToGenerator.js:3:17)
    at _next (C:\Users\user\Desktop\Kiro\AWS project\FinanceFarmSimulator\node_modules\@babel\runtime\helpers\asyncToGenerator.js:17:9)</failure>
    </testcase>
    <testcase classname="ConflictResolutionService resolveAllConflicts should resolve all conflicts using USE_REMOTE strategy" name="ConflictResolutionService resolveAllConflicts should resolve all conflicts using USE_REMOTE strategy" time="0.024">
      <failure>Error: expect(received).toHaveLength(expected)

Expected length: 0
Received length: 2
Received array:  [{&quot;conflictType&quot;: &quot;UPDATE_UPDATE&quot;, &quot;id&quot;: &quot;savings_goals_1_1759172861708&quot;, &quot;localData&quot;: {&quot;id&quot;: &quot;1&quot;, &quot;name&quot;: &quot;Local 1&quot;}, &quot;remoteData&quot;: {&quot;id&quot;: &quot;1&quot;, &quot;name&quot;: &quot;Remote 1&quot;}, &quot;table&quot;: &quot;savings_goals&quot;, &quot;timestamp&quot;: 1759172861708, &quot;userId&quot;: &quot;user1&quot;}, {&quot;conflictType&quot;: &quot;UPDATE_UPDATE&quot;, &quot;id&quot;: &quot;expenses_2_1759172861708&quot;, &quot;localData&quot;: {&quot;amount&quot;: 100, &quot;id&quot;: &quot;2&quot;}, &quot;remoteData&quot;: {&quot;amount&quot;: 200, &quot;id&quot;: &quot;2&quot;}, &quot;table&quot;: &quot;expenses&quot;, &quot;timestamp&quot;: 1759172861708, &quot;userId&quot;: &quot;user1&quot;}]
    at Object.toHaveLength (C:\Users\user\Desktop\Kiro\AWS project\FinanceFarmSimulator\src\services\__tests__\ConflictResolutionService.test.ts:290:53)
    at Generator.next (&lt;anonymous&gt;)
    at asyncGeneratorStep (C:\Users\user\Desktop\Kiro\AWS project\FinanceFarmSimulator\node_modules\@babel\runtime\helpers\asyncToGenerator.js:3:17)
    at _next (C:\Users\user\Desktop\Kiro\AWS project\FinanceFarmSimulator\node_modules\@babel\runtime\helpers\asyncToGenerator.js:17:9)</failure>
    </testcase>
    <testcase classname="ConflictResolutionService resolveAllConflicts should resolve all conflicts using AUTO_MERGE strategy" name="ConflictResolutionService resolveAllConflicts should resolve all conflicts using AUTO_MERGE strategy" time="0.008">
    </testcase>
    <testcase classname="ConflictResolutionService listeners should add and remove conflict listeners" name="ConflictResolutionService listeners should add and remove conflict listeners" time="0.006">
    </testcase>
    <testcase classname="ConflictResolutionService data equality check should detect equal objects" name="ConflictResolutionService data equality check should detect equal objects" time="0.004">
    </testcase>
    <testcase classname="ConflictResolutionService data equality check should detect different objects" name="ConflictResolutionService data equality check should detect different objects" time="0.006">
    </testcase>
    <testcase classname="ConflictResolutionService data equality check should ignore timestamp fields" name="ConflictResolutionService data equality check should ignore timestamp fields" time="0.003">
    </testcase>
    <testcase classname="ConflictResolutionService data equality check should handle nested objects" name="ConflictResolutionService data equality check should handle nested objects" time="0.002">
    </testcase>
    <testcase classname="ConflictResolutionService database operations should update savings_goals table correctly" name="ConflictResolutionService database operations should update savings_goals table correctly" time="0.008">
      <failure>TypeError: Cannot read properties of undefined (reading &apos;toISOString&apos;)
    at ConflictResolutionService.toISOString (C:\Users\user\Desktop\Kiro\AWS project\FinanceFarmSimulator\src\services\ConflictResolutionService.ts:251:38)
    at Generator.next (&lt;anonymous&gt;)
    at asyncGeneratorStep (C:\Users\user\Desktop\Kiro\AWS project\FinanceFarmSimulator\node_modules\@babel\runtime\helpers\asyncToGenerator.js:3:17)
    at _next (C:\Users\user\Desktop\Kiro\AWS project\FinanceFarmSimulator\node_modules\@babel\runtime\helpers\asyncToGenerator.js:17:9)
    at C:\Users\user\Desktop\Kiro\AWS project\FinanceFarmSimulator\node_modules\@babel\runtime\helpers\asyncToGenerator.js:22:7
    at new Promise (&lt;anonymous&gt;)
    at ConflictResolutionService.&lt;anonymous&gt; (C:\Users\user\Desktop\Kiro\AWS project\FinanceFarmSimulator\node_modules\@babel\runtime\helpers\asyncToGenerator.js:14:12)
    at ConflictResolutionService.apply [as applyResolution] (C:\Users\user\Desktop\Kiro\AWS project\FinanceFarmSimulator\src\services\ConflictResolutionService.ts:232:32)
    at ConflictResolutionService.applyResolution (C:\Users\user\Desktop\Kiro\AWS project\FinanceFarmSimulator\src\services\ConflictResolutionService.ts:119:16)
    at Generator.next (&lt;anonymous&gt;)
    at asyncGeneratorStep (C:\Users\user\Desktop\Kiro\AWS project\FinanceFarmSimulator\node_modules\@babel\runtime\helpers\asyncToGenerator.js:3:17)
    at _next (C:\Users\user\Desktop\Kiro\AWS project\FinanceFarmSimulator\node_modules\@babel\runtime\helpers\asyncToGenerator.js:17:9)
    at C:\Users\user\Desktop\Kiro\AWS project\FinanceFarmSimulator\node_modules\@babel\runtime\helpers\asyncToGenerator.js:22:7
    at new Promise (&lt;anonymous&gt;)
    at ConflictResolutionService.&lt;anonymous&gt; (C:\Users\user\Desktop\Kiro\AWS project\FinanceFarmSimulator\node_modules\@babel\runtime\helpers\asyncToGenerator.js:14:12)
    at ConflictResolutionService.apply [as resolveConflict] (C:\Users\user\Desktop\Kiro\AWS project\FinanceFarmSimulator\src\services\ConflictResolutionService.ts:82:31)
    at Object.resolveConflict (C:\Users\user\Desktop\Kiro\AWS project\FinanceFarmSimulator\src\services\__tests__\ConflictResolutionService.test.ts:380:29)
    at Generator.next (&lt;anonymous&gt;)
    at asyncGeneratorStep (C:\Users\user\Desktop\Kiro\AWS project\FinanceFarmSimulator\node_modules\@babel\runtime\helpers\asyncToGenerator.js:3:17)
    at _next (C:\Users\user\Desktop\Kiro\AWS project\FinanceFarmSimulator\node_modules\@babel\runtime\helpers\asyncToGenerator.js:17:9)</failure>
    </testcase>
  </testsuite>
  <testsuite name="Game Models" errors="0" failures="1" skipped="0" timestamp="2025-09-29T19:07:42" time="1.017" tests="28">
    <testcase classname="Game Models Position should validate valid positions" name="Game Models Position should validate valid positions" time="0.006">
    </testcase>
    <testcase classname="Game Models Position should require non-negative coordinates" name="Game Models Position should require non-negative coordinates" time="0.128">
    </testcase>
    <testcase classname="Game Models Crop should validate a valid crop" name="Game Models Crop should validate a valid crop" time="0.005">
    </testcase>
    <testcase classname="Game Models Crop should validate health points range" name="Game Models Crop should validate health points range" time="0.012">
    </testcase>
    <testcase classname="Game Models Crop should validate growth progress range" name="Game Models Crop should validate growth progress range" time="0.023">
    </testcase>
    <testcase classname="Game Models Crop should validate fertilizer boost range" name="Game Models Crop should validate fertilizer boost range" time="0.014">
    </testcase>
    <testcase classname="Game Models Crop should validate weed penalty range" name="Game Models Crop should validate weed penalty range" time="0.015">
    </testcase>
    <testcase classname="Game Models Crop should set default values" name="Game Models Crop should set default values" time="0.013">
    </testcase>
    <testcase classname="Game Models Decoration should validate a valid decoration" name="Game Models Decoration should validate a valid decoration" time="0.003">
    </testcase>
    <testcase classname="Game Models Decoration should require name" name="Game Models Decoration should require name" time="0.007">
    </testcase>
    <testcase classname="Game Models Decoration should validate cost is non-negative" name="Game Models Decoration should validate cost is non-negative" time="0.003">
    </testcase>
    <testcase classname="Game Models Decoration should set default values" name="Game Models Decoration should set default values" time="0.002">
    </testcase>
    <testcase classname="Game Models Farm should validate a valid farm" name="Game Models Farm should validate a valid farm" time="0.002">
    </testcase>
    <testcase classname="Game Models Farm should validate layout dimensions" name="Game Models Farm should validate layout dimensions" time="0.004">
    </testcase>
    <testcase classname="Game Models Farm should validate health score range" name="Game Models Farm should validate health score range" time="0.007">
    </testcase>
    <testcase classname="Game Models Farm should validate minimum level" name="Game Models Farm should validate minimum level" time="0.014">
    </testcase>
    <testcase classname="Game Models Farm should set default values" name="Game Models Farm should set default values" time="0.012">
    </testcase>
    <testcase classname="Game Models Reward should validate a valid reward" name="Game Models Reward should validate a valid reward" time="0.006">
    </testcase>
    <testcase classname="Game Models Reward should require title" name="Game Models Reward should require title" time="0.008">
    </testcase>
    <testcase classname="Game Models Reward should validate non-negative value" name="Game Models Reward should validate non-negative value" time="0.005">
    </testcase>
    <testcase classname="Game Models Reward should set default values" name="Game Models Reward should set default values" time="0.035">
    </testcase>
    <testcase classname="Game Models Achievement should validate a valid achievement" name="Game Models Achievement should validate a valid achievement" time="0.011">
    </testcase>
    <testcase classname="Game Models Achievement should require name" name="Game Models Achievement should require name" time="0.005">
    </testcase>
    <testcase classname="Game Models Achievement should validate progress is non-negative" name="Game Models Achievement should validate progress is non-negative" time="0.006">
    </testcase>
    <testcase classname="Game Models Achievement should validate target is positive" name="Game Models Achievement should validate target is positive" time="0.005">
    </testcase>
    <testcase classname="Game Models Achievement should set default values" name="Game Models Achievement should set default values" time="0.015">
    </testcase>
    <testcase classname="Game Models Input Validation should validate crop input" name="Game Models Input Validation should validate crop input" time="0.002">
    </testcase>
    <testcase classname="Game Models Input Validation should validate farm input" name="Game Models Input Validation should validate farm input" time="0.018">
      <failure>Error: expect(received).not.toThrow()

Error name:    &quot;TypeError&quot;
Error message: &quot;keyValidator._parse is not a function&quot;

      230 |
      231 | export const validateFarmInput = (data: unknown): FarmInput =&gt; {
    &gt; 232 |   return FarmInputSchema.parse(data);
          |                          ^
      233 | };
      234 |
      235 | export const validateDecorationInput = (data: unknown): DecorationInput =&gt; {

      at ZodObject._parse (node_modules/zod/v3/types.cjs:1983:37)
      at ZodObject._parseSync (node_modules/zod/v3/types.cjs:106:29)
      at ZodObject.safeParse (node_modules/zod/v3/types.cjs:135:29)
      at ZodObject.parse (node_modules/zod/v3/types.cjs:117:29)
      at parse (src/models/Game.ts:232:26)
      at src/models/__tests__/Game.test.ts:371:37
      at Object.&lt;anonymous&gt; (node_modules/@jest/expect/node_modules/expect/build/toThrowMatchers.js:74:11)
      at Object.throwingMatcher [as toThrow] (node_modules/@jest/expect/node_modules/expect/build/index.js:320:21)
      at Object.toThrow (src/models/__tests__/Game.test.ts:371:54)
    at Object.toThrow (C:\Users\user\Desktop\Kiro\AWS project\FinanceFarmSimulator\src\models\__tests__\Game.test.ts:371:54)
    at Promise.then.completed (C:\Users\user\Desktop\Kiro\AWS project\FinanceFarmSimulator\node_modules\jest-circus\build\utils.js:298:28)
    at new Promise (&lt;anonymous&gt;)
    at callAsyncCircusFn (C:\Users\user\Desktop\Kiro\AWS project\FinanceFarmSimulator\node_modules\jest-circus\build\utils.js:231:10)
    at _callCircusTest (C:\Users\user\Desktop\Kiro\AWS project\FinanceFarmSimulator\node_modules\jest-circus\build\run.js:316:40)
    at _runTest (C:\Users\user\Desktop\Kiro\AWS project\FinanceFarmSimulator\node_modules\jest-circus\build\run.js:252:3)
    at _runTestsForDescribeBlock (C:\Users\user\Desktop\Kiro\AWS project\FinanceFarmSimulator\node_modules\jest-circus\build\run.js:126:9)
    at _runTestsForDescribeBlock (C:\Users\user\Desktop\Kiro\AWS project\FinanceFarmSimulator\node_modules\jest-circus\build\run.js:121:9)
    at _runTestsForDescribeBlock (C:\Users\user\Desktop\Kiro\AWS project\FinanceFarmSimulator\node_modules\jest-circus\build\run.js:121:9)
    at run (C:\Users\user\Desktop\Kiro\AWS project\FinanceFarmSimulator\node_modules\jest-circus\build\run.js:71:3)
    at runAndTransformResultsToJestFormat (C:\Users\user\Desktop\Kiro\AWS project\FinanceFarmSimulator\node_modules\jest-circus\build\legacy-code-todo-rewrite\jestAdapterInit.js:122:21)
    at jestAdapter (C:\Users\user\Desktop\Kiro\AWS project\FinanceFarmSimulator\node_modules\jest-circus\build\legacy-code-todo-rewrite\jestAdapter.js:79:19)
    at runTestInternal (C:\Users\user\Desktop\Kiro\AWS project\FinanceFarmSimulator\node_modules\jest-runner\build\runTest.js:367:16)
    at runTest (C:\Users\user\Desktop\Kiro\AWS project\FinanceFarmSimulator\node_modules\jest-runner\build\runTest.js:444:34)</failure>
    </testcase>
  </testsuite>
  <testsuite name="DataCompressionService" errors="0" failures="0" skipped="0" timestamp="2025-09-29T19:07:43" time="1.373" tests="22">
    <testcase classname="DataCompressionService getInstance should return singleton instance" name="DataCompressionService getInstance should return singleton instance" time="0.007">
    </testcase>
    <testcase classname="DataCompressionService compressData should compress simple data successfully" name="DataCompressionService compressData should compress simple data successfully" time="0.012">
    </testcase>
    <testcase classname="DataCompressionService compressData should handle empty data" name="DataCompressionService compressData should handle empty data" time="0.004">
    </testcase>
    <testcase classname="DataCompressionService compressData should handle arrays" name="DataCompressionService compressData should handle arrays" time="0.003">
    </testcase>
    <testcase classname="DataCompressionService compressData should handle large data sets" name="DataCompressionService compressData should handle large data sets" time="0.01">
    </testcase>
    <testcase classname="DataCompressionService decompressData should decompress data successfully" name="DataCompressionService decompressData should decompress data successfully" time="0.013">
    </testcase>
    <testcase classname="DataCompressionService decompressData should detect corrupted data" name="DataCompressionService decompressData should detect corrupted data" time="0.071">
    </testcase>
    <testcase classname="DataCompressionService decompressData should work without checksum validation" name="DataCompressionService decompressData should work without checksum validation" time="0.009">
    </testcase>
    <testcase classname="DataCompressionService decompressData should handle invalid base64 data" name="DataCompressionService decompressData should handle invalid base64 data" time="0.008">
    </testcase>
    <testcase classname="DataCompressionService run-length encoding should encode repeated characters" name="DataCompressionService run-length encoding should encode repeated characters" time="0.004">
    </testcase>
    <testcase classname="DataCompressionService run-length encoding should handle short runs efficiently" name="DataCompressionService run-length encoding should handle short runs efficiently" time="0.005">
    </testcase>
    <testcase classname="DataCompressionService run-length encoding should handle empty string" name="DataCompressionService run-length encoding should handle empty string" time="0.004">
    </testcase>
    <testcase classname="DataCompressionService run-length encoding should decode correctly" name="DataCompressionService run-length encoding should decode correctly" time="0.005">
    </testcase>
    <testcase classname="DataCompressionService compressBatch should compress multiple items" name="DataCompressionService compressBatch should compress multiple items" time="0.02">
    </testcase>
    <testcase classname="DataCompressionService compressBatch should handle errors in batch compression" name="DataCompressionService compressBatch should handle errors in batch compression" time="0.017">
    </testcase>
    <testcase classname="DataCompressionService decompressBatch should decompress multiple items" name="DataCompressionService decompressBatch should decompress multiple items" time="0.007">
    </testcase>
    <testcase classname="DataCompressionService optimizeForSync should remove unnecessary fields" name="DataCompressionService optimizeForSync should remove unnecessary fields" time="0.005">
    </testcase>
    <testcase classname="DataCompressionService optimizeForSync should optimize arrays" name="DataCompressionService optimizeForSync should optimize arrays" time="0.005">
    </testcase>
    <testcase classname="DataCompressionService calculateCompressionStats should calculate statistics correctly" name="DataCompressionService calculateCompressionStats should calculate statistics correctly" time="0.014">
    </testcase>
    <testcase classname="DataCompressionService calculateCompressionStats should handle empty results" name="DataCompressionService calculateCompressionStats should handle empty results" time="0.014">
    </testcase>
    <testcase classname="DataCompressionService storage compression helpers should compress for storage with simple compression" name="DataCompressionService storage compression helpers should compress for storage with simple compression" time="0.004">
    </testcase>
    <testcase classname="DataCompressionService storage compression helpers should compress for storage with advanced compression" name="DataCompressionService storage compression helpers should compress for storage with advanced compression" time="0.009">
    </testcase>
  </testsuite>
  <testsuite name="authSlice" errors="0" failures="10" skipped="0" timestamp="2025-09-29T19:07:46" time="1.664" tests="20">
    <testcase classname="authSlice initial state should have correct initial state" name="authSlice initial state should have correct initial state" time="0.009">
    </testcase>
    <testcase classname="authSlice synchronous actions should handle setLoading" name="authSlice synchronous actions should handle setLoading" time="0.011">
    </testcase>
    <testcase classname="authSlice synchronous actions should handle setError" name="authSlice synchronous actions should handle setError" time="0.028">
    </testcase>
    <testcase classname="authSlice synchronous actions should handle clearError" name="authSlice synchronous actions should handle clearError" time="0.017">
    </testcase>
    <testcase classname="authSlice synchronous actions should handle setUser" name="authSlice synchronous actions should handle setUser" time="0.077">
    </testcase>
    <testcase classname="authSlice synchronous actions should handle setUser with null" name="authSlice synchronous actions should handle setUser with null" time="0.004">
    </testcase>
    <testcase classname="authSlice initializeAuth should handle successful initialization" name="authSlice initializeAuth should handle successful initialization" time="0.034">
      <failure>Error: expect(received).toEqual(expected) // deep equality

Expected: {&quot;createdAt&quot;: 2025-09-29T19:07:46.601Z, &quot;email&quot;: &quot;test@example.com&quot;, &quot;id&quot;: &quot;test-user-id&quot;, &quot;isActive&quot;: true, &quot;isEmailVerified&quot;: false, &quot;lastLoginAt&quot;: 2025-09-29T19:07:46.601Z, &quot;profile&quot;: {&quot;age&quot;: 25, &quot;currency&quot;: &quot;HKD&quot;, &quot;displayName&quot;: &quot;Test User&quot;, &quot;mode&quot;: &quot;adult&quot;, &quot;preferences&quot;: {&quot;hapticFeedback&quot;: true, &quot;language&quot;: &quot;en&quot;, &quot;notifications&quot;: true, &quot;soundEnabled&quot;: true, &quot;theme&quot;: &quot;auto&quot;}, &quot;timezone&quot;: &quot;Asia/Hong_Kong&quot;}}
Received: null
    at Object.toEqual (C:\Users\user\Desktop\Kiro\AWS project\FinanceFarmSimulator\src\store\slices\__tests__\authSlice.test.ts:111:26)
    at Generator.next (&lt;anonymous&gt;)
    at asyncGeneratorStep (C:\Users\user\Desktop\Kiro\AWS project\FinanceFarmSimulator\node_modules\@babel\runtime\helpers\asyncToGenerator.js:3:17)
    at _next (C:\Users\user\Desktop\Kiro\AWS project\FinanceFarmSimulator\node_modules\@babel\runtime\helpers\asyncToGenerator.js:17:9)</failure>
    </testcase>
    <testcase classname="authSlice initializeAuth should handle initialization with no user" name="authSlice initializeAuth should handle initialization with no user" time="0.017">
      <failure>Error: expect(received).toBeNull()

Received: &quot;Failed to initialize auth&quot;
    at Object.toBeNull (C:\Users\user\Desktop\Kiro\AWS project\FinanceFarmSimulator\src\store\slices\__tests__\authSlice.test.ts:127:27)
    at Generator.next (&lt;anonymous&gt;)
    at asyncGeneratorStep (C:\Users\user\Desktop\Kiro\AWS project\FinanceFarmSimulator\node_modules\@babel\runtime\helpers\asyncToGenerator.js:3:17)
    at _next (C:\Users\user\Desktop\Kiro\AWS project\FinanceFarmSimulator\node_modules\@babel\runtime\helpers\asyncToGenerator.js:17:9)</failure>
    </testcase>
    <testcase classname="authSlice initializeAuth should handle initialization error" name="authSlice initializeAuth should handle initialization error" time="0.021">
      <failure>Error: expect(received).toBe(expected) // Object.is equality

Expected: &quot;Initialization failed&quot;
Received: &quot;Failed to initialize auth&quot;
    at Object.toBe (C:\Users\user\Desktop\Kiro\AWS project\FinanceFarmSimulator\src\store\slices\__tests__\authSlice.test.ts:140:27)
    at Generator.next (&lt;anonymous&gt;)
    at asyncGeneratorStep (C:\Users\user\Desktop\Kiro\AWS project\FinanceFarmSimulator\node_modules\@babel\runtime\helpers\asyncToGenerator.js:3:17)
    at _next (C:\Users\user\Desktop\Kiro\AWS project\FinanceFarmSimulator\node_modules\@babel\runtime\helpers\asyncToGenerator.js:17:9)</failure>
    </testcase>
    <testcase classname="authSlice loginUser should handle successful login" name="authSlice loginUser should handle successful login" time="0.014">
      <failure>Error: expect(received).toBe(expected) // Object.is equality

Expected: true
Received: false
    at Object.toBe (C:\Users\user\Desktop\Kiro\AWS project\FinanceFarmSimulator\src\store\slices\__tests__\authSlice.test.ts:158:37)
    at Generator.next (&lt;anonymous&gt;)
    at asyncGeneratorStep (C:\Users\user\Desktop\Kiro\AWS project\FinanceFarmSimulator\node_modules\@babel\runtime\helpers\asyncToGenerator.js:3:17)
    at _next (C:\Users\user\Desktop\Kiro\AWS project\FinanceFarmSimulator\node_modules\@babel\runtime\helpers\asyncToGenerator.js:17:9)</failure>
    </testcase>
    <testcase classname="authSlice loginUser should handle login error" name="authSlice loginUser should handle login error" time="0.035">
      <failure>Error: expect(received).toBe(expected) // Object.is equality

Expected: &quot;Invalid credentials&quot;
Received: &quot;Login failed&quot;
    at Object.toBe (C:\Users\user\Desktop\Kiro\AWS project\FinanceFarmSimulator\src\store\slices\__tests__\authSlice.test.ts:174:27)
    at Generator.next (&lt;anonymous&gt;)
    at asyncGeneratorStep (C:\Users\user\Desktop\Kiro\AWS project\FinanceFarmSimulator\node_modules\@babel\runtime\helpers\asyncToGenerator.js:3:17)
    at _next (C:\Users\user\Desktop\Kiro\AWS project\FinanceFarmSimulator\node_modules\@babel\runtime\helpers\asyncToGenerator.js:17:9)</failure>
    </testcase>
    <testcase classname="authSlice loginUser should set loading state during login" name="authSlice loginUser should set loading state during login" time="0.007">
    </testcase>
    <testcase classname="authSlice registerUser should handle successful registration" name="authSlice registerUser should handle successful registration" time="0.009">
      <failure>Error: expect(received).toBe(expected) // Object.is equality

Expected: true
Received: false
    at Object.toBe (C:\Users\user\Desktop\Kiro\AWS project\FinanceFarmSimulator\src\store\slices\__tests__\authSlice.test.ts:205:37)
    at Generator.next (&lt;anonymous&gt;)
    at asyncGeneratorStep (C:\Users\user\Desktop\Kiro\AWS project\FinanceFarmSimulator\node_modules\@babel\runtime\helpers\asyncToGenerator.js:3:17)
    at _next (C:\Users\user\Desktop\Kiro\AWS project\FinanceFarmSimulator\node_modules\@babel\runtime\helpers\asyncToGenerator.js:17:9)</failure>
    </testcase>
    <testcase classname="authSlice registerUser should handle registration error" name="authSlice registerUser should handle registration error" time="0.009">
      <failure>Error: expect(received).toBe(expected) // Object.is equality

Expected: &quot;Email already exists&quot;
Received: &quot;Registration failed&quot;
    at Object.toBe (C:\Users\user\Desktop\Kiro\AWS project\FinanceFarmSimulator\src\store\slices\__tests__\authSlice.test.ts:221:27)
    at Generator.next (&lt;anonymous&gt;)
    at asyncGeneratorStep (C:\Users\user\Desktop\Kiro\AWS project\FinanceFarmSimulator\node_modules\@babel\runtime\helpers\asyncToGenerator.js:3:17)
    at _next (C:\Users\user\Desktop\Kiro\AWS project\FinanceFarmSimulator\node_modules\@babel\runtime\helpers\asyncToGenerator.js:17:9)</failure>
    </testcase>
    <testcase classname="authSlice logoutUser should handle successful logout" name="authSlice logoutUser should handle successful logout" time="0.033">
      <failure>Error: expect(received).toBe(expected) // Object.is equality

Expected: false
Received: true
    at Object.toBe (C:\Users\user\Desktop\Kiro\AWS project\FinanceFarmSimulator\src\store\slices\__tests__\authSlice.test.ts:237:37)
    at Generator.next (&lt;anonymous&gt;)
    at asyncGeneratorStep (C:\Users\user\Desktop\Kiro\AWS project\FinanceFarmSimulator\node_modules\@babel\runtime\helpers\asyncToGenerator.js:3:17)
    at _next (C:\Users\user\Desktop\Kiro\AWS project\FinanceFarmSimulator\node_modules\@babel\runtime\helpers\asyncToGenerator.js:17:9)</failure>
    </testcase>
    <testcase classname="authSlice logoutUser should handle logout error" name="authSlice logoutUser should handle logout error" time="0.007">
    </testcase>
    <testcase classname="authSlice updateProfile should handle successful profile update" name="authSlice updateProfile should handle successful profile update" time="0.015">
      <failure>Error: expect(received).toEqual(expected) // deep equality

Expected: {&quot;createdAt&quot;: 2025-09-29T19:07:46.601Z, &quot;email&quot;: &quot;test@example.com&quot;, &quot;id&quot;: &quot;test-user-id&quot;, &quot;isActive&quot;: true, &quot;isEmailVerified&quot;: false, &quot;lastLoginAt&quot;: 2025-09-29T19:07:46.601Z, &quot;profile&quot;: {&quot;age&quot;: 25, &quot;currency&quot;: &quot;HKD&quot;, &quot;displayName&quot;: &quot;Updated Name&quot;, &quot;mode&quot;: &quot;adult&quot;, &quot;preferences&quot;: {&quot;hapticFeedback&quot;: true, &quot;language&quot;: &quot;en&quot;, &quot;notifications&quot;: true, &quot;soundEnabled&quot;: true, &quot;theme&quot;: &quot;auto&quot;}, &quot;timezone&quot;: &quot;Asia/Hong_Kong&quot;}}
Received: null
    at Object.toEqual (C:\Users\user\Desktop\Kiro\AWS project\FinanceFarmSimulator\src\store\slices\__tests__\authSlice.test.ts:271:26)
    at Generator.next (&lt;anonymous&gt;)
    at asyncGeneratorStep (C:\Users\user\Desktop\Kiro\AWS project\FinanceFarmSimulator\node_modules\@babel\runtime\helpers\asyncToGenerator.js:3:17)
    at _next (C:\Users\user\Desktop\Kiro\AWS project\FinanceFarmSimulator\node_modules\@babel\runtime\helpers\asyncToGenerator.js:17:9)</failure>
    </testcase>
    <testcase classname="authSlice updateProfile should handle profile update error" name="authSlice updateProfile should handle profile update error" time="0.02">
    </testcase>
    <testcase classname="authSlice loading states should set loading to true when async actions are pending" name="authSlice loading states should set loading to true when async actions are pending" time="0.005">
    </testcase>
    <testcase classname="authSlice error handling should preserve existing state when errors occur" name="authSlice error handling should preserve existing state when errors occur" time="0.052">
      <failure>Error: expect(received).toBe(expected) // Object.is equality

Expected: &quot;Update failed&quot;
Received: &quot;Profile update failed&quot;
    at Object.toBe (C:\Users\user\Desktop\Kiro\AWS project\FinanceFarmSimulator\src\store\slices\__tests__\authSlice.test.ts:313:27)
    at Generator.next (&lt;anonymous&gt;)
    at asyncGeneratorStep (C:\Users\user\Desktop\Kiro\AWS project\FinanceFarmSimulator\node_modules\@babel\runtime\helpers\asyncToGenerator.js:3:17)
    at _next (C:\Users\user\Desktop\Kiro\AWS project\FinanceFarmSimulator\node_modules\@babel\runtime\helpers\asyncToGenerator.js:17:9)</failure>
    </testcase>
  </testsuite>
  <testsuite name="childModeHelpers" errors="0" failures="2" skipped="0" timestamp="2025-09-29T19:07:48" time="1.125" tests="38">
    <testcase classname="childModeHelpers formatChildFriendlyNumber formats whole numbers without decimals" name="childModeHelpers formatChildFriendlyNumber formats whole numbers without decimals" time="0.005">
    </testcase>
    <testcase classname="childModeHelpers formatChildFriendlyNumber formats decimal numbers with appropriate precision" name="childModeHelpers formatChildFriendlyNumber formats decimal numbers with appropriate precision" time="0.003">
    </testcase>
    <testcase classname="childModeHelpers formatChildFriendlyNumber uses correct currency symbols" name="childModeHelpers formatChildFriendlyNumber uses correct currency symbols" time="0.003">
    </testcase>
    <testcase classname="childModeHelpers getCurrencySymbol returns correct symbols for supported currencies" name="childModeHelpers getCurrencySymbol returns correct symbols for supported currencies" time="0.002">
    </testcase>
    <testcase classname="childModeHelpers getCurrencySymbol returns default symbol for unsupported currencies" name="childModeHelpers getCurrencySymbol returns default symbol for unsupported currencies" time="0.002">
    </testcase>
    <testcase classname="childModeHelpers getCurrencySymbol handles case insensitive input" name="childModeHelpers getCurrencySymbol handles case insensitive input" time="0.004">
    </testcase>
    <testcase classname="childModeHelpers createSimplifiedMathOperation performs addition correctly" name="childModeHelpers createSimplifiedMathOperation performs addition correctly" time="0.003">
    </testcase>
    <testcase classname="childModeHelpers createSimplifiedMathOperation performs subtraction correctly" name="childModeHelpers createSimplifiedMathOperation performs subtraction correctly" time="0.002">
    </testcase>
    <testcase classname="childModeHelpers createSimplifiedMathOperation performs multiplication correctly" name="childModeHelpers createSimplifiedMathOperation performs multiplication correctly" time="0.002">
    </testcase>
    <testcase classname="childModeHelpers createSimplifiedMathOperation performs division correctly" name="childModeHelpers createSimplifiedMathOperation performs division correctly" time="0.002">
    </testcase>
    <testcase classname="childModeHelpers createSimplifiedMathOperation handles division by zero" name="childModeHelpers createSimplifiedMathOperation handles division by zero" time="0.011">
    </testcase>
    <testcase classname="childModeHelpers calculateChildFriendlyProgress calculates progress percentage correctly" name="childModeHelpers calculateChildFriendlyProgress calculates progress percentage correctly" time="0.006">
    </testcase>
    <testcase classname="childModeHelpers calculateChildFriendlyProgress handles completed goals" name="childModeHelpers calculateChildFriendlyProgress handles completed goals" time="0.003">
    </testcase>
    <testcase classname="childModeHelpers calculateChildFriendlyProgress handles over-completion" name="childModeHelpers calculateChildFriendlyProgress handles over-completion" time="0.002">
    </testcase>
    <testcase classname="childModeHelpers calculateChildFriendlyProgress handles zero target" name="childModeHelpers calculateChildFriendlyProgress handles zero target" time="0.001">
    </testcase>
    <testcase classname="childModeHelpers calculateChildFriendlyProgress provides appropriate encouragement for different progress levels" name="childModeHelpers calculateChildFriendlyProgress provides appropriate encouragement for different progress levels" time="0.004">
    </testcase>
    <testcase classname="childModeHelpers getChildFriendlyTerm converts adult terms to child-friendly language" name="childModeHelpers getChildFriendlyTerm converts adult terms to child-friendly language" time="0.003">
    </testcase>
    <testcase classname="childModeHelpers getChildFriendlyTerm handles case insensitive input" name="childModeHelpers getChildFriendlyTerm handles case insensitive input" time="0.002">
    </testcase>
    <testcase classname="childModeHelpers getChildFriendlyTerm returns original term if no mapping exists" name="childModeHelpers getChildFriendlyTerm returns original term if no mapping exists" time="0.008">
    </testcase>
    <testcase classname="childModeHelpers generateChildExplanation generates explanations with amounts" name="childModeHelpers generateChildExplanation generates explanations with amounts" time="0.003">
    </testcase>
    <testcase classname="childModeHelpers generateChildExplanation generates explanations without amounts" name="childModeHelpers generateChildExplanation generates explanations without amounts" time="0.005">
    </testcase>
    <testcase classname="childModeHelpers generateChildExplanation includes context when provided" name="childModeHelpers generateChildExplanation includes context when provided" time="0.006">
    </testcase>
    <testcase classname="childModeHelpers generateChildExplanation handles unknown concepts gracefully" name="childModeHelpers generateChildExplanation handles unknown concepts gracefully" time="0.007">
    </testcase>
    <testcase classname="childModeHelpers isChildAppropriateAmount accepts reasonable amounts" name="childModeHelpers isChildAppropriateAmount accepts reasonable amounts" time="0.003">
      <failure>Error: expect(received).toBe(expected) // Object.is equality

Expected: true
Received: false
    at Object.toBe (C:\Users\user\Desktop\Kiro\AWS project\FinanceFarmSimulator\src\utils\__tests__\childModeHelpers.test.ts:164:44)
    at Promise.then.completed (C:\Users\user\Desktop\Kiro\AWS project\FinanceFarmSimulator\node_modules\jest-circus\build\utils.js:298:28)
    at new Promise (&lt;anonymous&gt;)
    at callAsyncCircusFn (C:\Users\user\Desktop\Kiro\AWS project\FinanceFarmSimulator\node_modules\jest-circus\build\utils.js:231:10)
    at _callCircusTest (C:\Users\user\Desktop\Kiro\AWS project\FinanceFarmSimulator\node_modules\jest-circus\build\run.js:316:40)
    at _runTest (C:\Users\user\Desktop\Kiro\AWS project\FinanceFarmSimulator\node_modules\jest-circus\build\run.js:252:3)
    at _runTestsForDescribeBlock (C:\Users\user\Desktop\Kiro\AWS project\FinanceFarmSimulator\node_modules\jest-circus\build\run.js:126:9)
    at _runTestsForDescribeBlock (C:\Users\user\Desktop\Kiro\AWS project\FinanceFarmSimulator\node_modules\jest-circus\build\run.js:121:9)
    at _runTestsForDescribeBlock (C:\Users\user\Desktop\Kiro\AWS project\FinanceFarmSimulator\node_modules\jest-circus\build\run.js:121:9)
    at run (C:\Users\user\Desktop\Kiro\AWS project\FinanceFarmSimulator\node_modules\jest-circus\build\run.js:71:3)
    at runAndTransformResultsToJestFormat (C:\Users\user\Desktop\Kiro\AWS project\FinanceFarmSimulator\node_modules\jest-circus\build\legacy-code-todo-rewrite\jestAdapterInit.js:122:21)
    at jestAdapter (C:\Users\user\Desktop\Kiro\AWS project\FinanceFarmSimulator\node_modules\jest-circus\build\legacy-code-todo-rewrite\jestAdapter.js:79:19)
    at runTestInternal (C:\Users\user\Desktop\Kiro\AWS project\FinanceFarmSimulator\node_modules\jest-runner\build\runTest.js:367:16)
    at runTest (C:\Users\user\Desktop\Kiro\AWS project\FinanceFarmSimulator\node_modules\jest-runner\build\runTest.js:444:34)</failure>
    </testcase>
    <testcase classname="childModeHelpers isChildAppropriateAmount rejects very large amounts" name="childModeHelpers isChildAppropriateAmount rejects very large amounts" time="0.003">
    </testcase>
    <testcase classname="childModeHelpers isChildAppropriateAmount accepts amounts with up to 2 decimal places" name="childModeHelpers isChildAppropriateAmount accepts amounts with up to 2 decimal places" time="0.006">
      <failure>Error: expect(received).toBe(expected) // Object.is equality

Expected: true
Received: false
    at Object.toBe (C:\Users\user\Desktop\Kiro\AWS project\FinanceFarmSimulator\src\utils\__tests__\childModeHelpers.test.ts:174:47)
    at Promise.then.completed (C:\Users\user\Desktop\Kiro\AWS project\FinanceFarmSimulator\node_modules\jest-circus\build\utils.js:298:28)
    at new Promise (&lt;anonymous&gt;)
    at callAsyncCircusFn (C:\Users\user\Desktop\Kiro\AWS project\FinanceFarmSimulator\node_modules\jest-circus\build\utils.js:231:10)
    at _callCircusTest (C:\Users\user\Desktop\Kiro\AWS project\FinanceFarmSimulator\node_modules\jest-circus\build\run.js:316:40)
    at _runTest (C:\Users\user\Desktop\Kiro\AWS project\FinanceFarmSimulator\node_modules\jest-circus\build\run.js:252:3)
    at _runTestsForDescribeBlock (C:\Users\user\Desktop\Kiro\AWS project\FinanceFarmSimulator\node_modules\jest-circus\build\run.js:126:9)
    at _runTestsForDescribeBlock (C:\Users\user\Desktop\Kiro\AWS project\FinanceFarmSimulator\node_modules\jest-circus\build\run.js:121:9)
    at _runTestsForDescribeBlock (C:\Users\user\Desktop\Kiro\AWS project\FinanceFarmSimulator\node_modules\jest-circus\build\run.js:121:9)
    at run (C:\Users\user\Desktop\Kiro\AWS project\FinanceFarmSimulator\node_modules\jest-circus\build\run.js:71:3)
    at runAndTransformResultsToJestFormat (C:\Users\user\Desktop\Kiro\AWS project\FinanceFarmSimulator\node_modules\jest-circus\build\legacy-code-todo-rewrite\jestAdapterInit.js:122:21)
    at jestAdapter (C:\Users\user\Desktop\Kiro\AWS project\FinanceFarmSimulator\node_modules\jest-circus\build\legacy-code-todo-rewrite\jestAdapter.js:79:19)
    at runTestInternal (C:\Users\user\Desktop\Kiro\AWS project\FinanceFarmSimulator\node_modules\jest-runner\build\runTest.js:367:16)
    at runTest (C:\Users\user\Desktop\Kiro\AWS project\FinanceFarmSimulator\node_modules\jest-runner\build\runTest.js:444:34)</failure>
    </testcase>
    <testcase classname="childModeHelpers suggestChildFriendlyAmount rounds large amounts to nearest dollar" name="childModeHelpers suggestChildFriendlyAmount rounds large amounts to nearest dollar" time="0.002">
    </testcase>
    <testcase classname="childModeHelpers suggestChildFriendlyAmount rounds small amounts to nearest 50 cents" name="childModeHelpers suggestChildFriendlyAmount rounds small amounts to nearest 50 cents" time="0.005">
    </testcase>
    <testcase classname="childModeHelpers generateEncouragementMessage returns appropriate messages for different contexts" name="childModeHelpers generateEncouragementMessage returns appropriate messages for different contexts" time="0.003">
    </testcase>
    <testcase classname="childModeHelpers validateChildInput amount validation accepts valid amounts" name="childModeHelpers validateChildInput amount validation accepts valid amounts" time="0.006">
    </testcase>
    <testcase classname="childModeHelpers validateChildInput amount validation rejects non-numeric input" name="childModeHelpers validateChildInput amount validation rejects non-numeric input" time="0.004">
    </testcase>
    <testcase classname="childModeHelpers validateChildInput amount validation rejects negative amounts" name="childModeHelpers validateChildInput amount validation rejects negative amounts" time="0.004">
    </testcase>
    <testcase classname="childModeHelpers validateChildInput amount validation rejects very large amounts" name="childModeHelpers validateChildInput amount validation rejects very large amounts" time="0.004">
    </testcase>
    <testcase classname="childModeHelpers validateChildInput amount validation suggests simplified amounts" name="childModeHelpers validateChildInput amount validation suggests simplified amounts" time="0.005">
    </testcase>
    <testcase classname="childModeHelpers validateChildInput text validation accepts reasonable text length" name="childModeHelpers validateChildInput text validation accepts reasonable text length" time="0.004">
    </testcase>
    <testcase classname="childModeHelpers validateChildInput text validation rejects very long text" name="childModeHelpers validateChildInput text validation rejects very long text" time="0.003">
    </testcase>
    <testcase classname="childModeHelpers validateChildInput age validation accepts valid ages" name="childModeHelpers validateChildInput age validation accepts valid ages" time="0.015">
    </testcase>
    <testcase classname="childModeHelpers validateChildInput age validation rejects invalid ages" name="childModeHelpers validateChildInput age validation rejects invalid ages" time="0.013">
    </testcase>
  </testsuite>
  <testsuite name="OfflineService" errors="0" failures="0" skipped="0" timestamp="2025-09-29T19:07:53" time="1.493" tests="18">
    <testcase classname="OfflineService getInstance should return singleton instance" name="OfflineService getInstance should return singleton instance" time="0.005">
    </testcase>
    <testcase classname="OfflineService queueOperation should queue operation successfully" name="OfflineService queueOperation should queue operation successfully" time="0.008">
    </testcase>
    <testcase classname="OfflineService queueOperation should handle multiple operations" name="OfflineService queueOperation should handle multiple operations" time="0.016">
    </testcase>
    <testcase classname="OfflineService loadPendingOperations should load pending operations from storage" name="OfflineService loadPendingOperations should load pending operations from storage" time="0.113">
    </testcase>
    <testcase classname="OfflineService loadPendingOperations should handle empty storage gracefully" name="OfflineService loadPendingOperations should handle empty storage gracefully" time="0.105">
    </testcase>
    <testcase classname="OfflineService loadPendingOperations should handle corrupted storage data" name="OfflineService loadPendingOperations should handle corrupted storage data" time="0.114">
    </testcase>
    <testcase classname="OfflineService startBackgroundSync should not sync when offline" name="OfflineService startBackgroundSync should not sync when offline" time="0.005">
    </testcase>
    <testcase classname="OfflineService startBackgroundSync should not sync when already syncing" name="OfflineService startBackgroundSync should not sync when already syncing" time="0.013">
    </testcase>
    <testcase classname="OfflineService startBackgroundSync should process operations in chronological order" name="OfflineService startBackgroundSync should process operations in chronological order" time="0.051">
    </testcase>
    <testcase classname="OfflineService clearPendingOperations should clear all pending operations" name="OfflineService clearPendingOperations should clear all pending operations" time="0.023">
    </testcase>
    <testcase classname="OfflineService listeners should add and remove sync listeners" name="OfflineService listeners should add and remove sync listeners" time="0.013">
    </testcase>
    <testcase classname="OfflineService listeners should add and remove offline listeners" name="OfflineService listeners should add and remove offline listeners" time="0.014">
    </testcase>
    <testcase classname="OfflineService getOfflineStatus should return current offline status" name="OfflineService getOfflineStatus should return current offline status" time="0.003">
    </testcase>
    <testcase classname="OfflineService getSyncStatus should return current sync status" name="OfflineService getSyncStatus should return current sync status" time="0.003">
    </testcase>
    <testcase classname="OfflineService forcSync should throw error when offline" name="OfflineService forcSync should throw error when offline" time="0.021">
    </testcase>
    <testcase classname="OfflineService forcSync should start sync when online" name="OfflineService forcSync should start sync when online" time="0.004">
    </testcase>
    <testcase classname="OfflineService error handling should handle storage errors gracefully" name="OfflineService error handling should handle storage errors gracefully" time="0.027">
    </testcase>
    <testcase classname="OfflineService error handling should handle listener errors gracefully" name="OfflineService error handling should handle listener errors gracefully" time="0.034">
    </testcase>
  </testsuite>
  <testsuite name="ApprovalRequestDAO" errors="0" failures="0" skipped="0" timestamp="2025-09-29T19:07:55" time="1.585" tests="13">
    <testcase classname="ApprovalRequestDAO getPendingRequestsByParentId should return pending approval requests for a parent" name="ApprovalRequestDAO getPendingRequestsByParentId should return pending approval requests for a parent" time="0.009">
    </testcase>
    <testcase classname="ApprovalRequestDAO getRequestByItemId should return approval request by item ID and type" name="ApprovalRequestDAO getRequestByItemId should return approval request by item ID and type" time="0.006">
    </testcase>
    <testcase classname="ApprovalRequestDAO getRequestByItemId should return null if no request found" name="ApprovalRequestDAO getRequestByItemId should return null if no request found" time="0.004">
    </testcase>
    <testcase classname="ApprovalRequestDAO approveRequest should approve a pending request" name="ApprovalRequestDAO approveRequest should approve a pending request" time="0.013">
    </testcase>
    <testcase classname="ApprovalRequestDAO approveRequest should return false if no rows were affected" name="ApprovalRequestDAO approveRequest should return false if no rows were affected" time="0.005">
    </testcase>
    <testcase classname="ApprovalRequestDAO rejectRequest should reject a pending request" name="ApprovalRequestDAO rejectRequest should reject a pending request" time="0.006">
    </testcase>
    <testcase classname="ApprovalRequestDAO rejectRequest should return false if no rows were affected" name="ApprovalRequestDAO rejectRequest should return false if no rows were affected" time="0.016">
    </testcase>
    <testcase classname="ApprovalRequestDAO getExpiredRequests should return expired pending requests" name="ApprovalRequestDAO getExpiredRequests should return expired pending requests" time="0.018">
    </testcase>
    <testcase classname="ApprovalRequestDAO autoRejectExpiredRequests should auto-reject expired requests and return count" name="ApprovalRequestDAO autoRejectExpiredRequests should auto-reject expired requests and return count" time="0.008">
    </testcase>
    <testcase classname="ApprovalRequestDAO countPendingRequestsByParentId should return count of pending requests for a parent" name="ApprovalRequestDAO countPendingRequestsByParentId should return count of pending requests for a parent" time="0.021">
    </testcase>
    <testcase classname="ApprovalRequestDAO countPendingRequestsByParentId should return 0 if no pending requests" name="ApprovalRequestDAO countPendingRequestsByParentId should return 0 if no pending requests" time="0.013">
    </testcase>
    <testcase classname="ApprovalRequestDAO countPendingRequestsByParentId should return 0 if query returns null" name="ApprovalRequestDAO countPendingRequestsByParentId should return 0 if query returns null" time="0.017">
    </testcase>
    <testcase classname="ApprovalRequestDAO create should create a new approval request" name="ApprovalRequestDAO create should create a new approval request" time="0.005">
    </testcase>
  </testsuite>
  <testsuite name="Game Calculations" errors="0" failures="0" skipped="0" timestamp="2025-09-29T19:07:58" time="0.609" tests="33">
    <testcase classname="Game Calculations calculateGrowthRate should calculate growth rate correctly" name="Game Calculations calculateGrowthRate should calculate growth rate correctly" time="0.006">
    </testcase>
    <testcase classname="Game Calculations calculateGrowthRate should return 0 for zero goal amount" name="Game Calculations calculateGrowthRate should return 0 for zero goal amount" time="0.005">
    </testcase>
    <testcase classname="Game Calculations calculateGrowthRate should handle zero saved amount" name="Game Calculations calculateGrowthRate should handle zero saved amount" time="0.005">
    </testcase>
    <testcase classname="Game Calculations calculateGrowthRate should handle zero time factor" name="Game Calculations calculateGrowthRate should handle zero time factor" time="0.002">
    </testcase>
    <testcase classname="Game Calculations calculateGrowthRate should handle values greater than goal" name="Game Calculations calculateGrowthRate should handle values greater than goal" time="0.003">
    </testcase>
    <testcase classname="Game Calculations calculateFertilizerBoost should calculate fertilizer boost correctly" name="Game Calculations calculateFertilizerBoost should calculate fertilizer boost correctly" time="0.005">
    </testcase>
    <testcase classname="Game Calculations calculateFertilizerBoost should handle zero income" name="Game Calculations calculateFertilizerBoost should handle zero income" time="0.003">
    </testcase>
    <testcase classname="Game Calculations calculateFertilizerBoost should handle multiplier of 1" name="Game Calculations calculateFertilizerBoost should handle multiplier of 1" time="0.004">
    </testcase>
    <testcase classname="Game Calculations calculateFertilizerBoost should handle decimal multipliers" name="Game Calculations calculateFertilizerBoost should handle decimal multipliers" time="0.005">
    </testcase>
    <testcase classname="Game Calculations calculateFertilizerBoost should handle large multipliers" name="Game Calculations calculateFertilizerBoost should handle large multipliers" time="0.007">
    </testcase>
    <testcase classname="Game Calculations calculateDailyGrowth should calculate daily growth correctly" name="Game Calculations calculateDailyGrowth should calculate daily growth correctly" time="0.005">
    </testcase>
    <testcase classname="Game Calculations calculateDailyGrowth should handle negative expense impact" name="Game Calculations calculateDailyGrowth should handle negative expense impact" time="0.002">
    </testcase>
    <testcase classname="Game Calculations calculateDailyGrowth should handle zero base rate" name="Game Calculations calculateDailyGrowth should handle zero base rate" time="0.004">
    </testcase>
    <testcase classname="Game Calculations calculateDailyGrowth should handle all zero values" name="Game Calculations calculateDailyGrowth should handle all zero values" time="0.003">
    </testcase>
    <testcase classname="Game Calculations calculateStreakMultiplier should calculate streak multiplier correctly" name="Game Calculations calculateStreakMultiplier should calculate streak multiplier correctly" time="0.003">
    </testcase>
    <testcase classname="Game Calculations calculateStreakMultiplier should handle zero streak" name="Game Calculations calculateStreakMultiplier should handle zero streak" time="0.003">
    </testcase>
    <testcase classname="Game Calculations calculateStreakMultiplier should cap at maximum multiplier" name="Game Calculations calculateStreakMultiplier should cap at maximum multiplier" time="0.002">
    </testcase>
    <testcase classname="Game Calculations calculateStreakMultiplier should handle negative streak (edge case)" name="Game Calculations calculateStreakMultiplier should handle negative streak (edge case)" time="0.002">
    </testcase>
    <testcase classname="Game Calculations calculateStreakMultiplier should handle decimal streaks" name="Game Calculations calculateStreakMultiplier should handle decimal streaks" time="0.002">
    </testcase>
    <testcase classname="Game Calculations calculateExpenseImpact should calculate expense impact correctly" name="Game Calculations calculateExpenseImpact should calculate expense impact correctly" time="0.009">
    </testcase>
    <testcase classname="Game Calculations calculateExpenseImpact should handle zero budget limit" name="Game Calculations calculateExpenseImpact should handle zero budget limit" time="0.002">
    </testcase>
    <testcase classname="Game Calculations calculateExpenseImpact should cap impact at 1" name="Game Calculations calculateExpenseImpact should cap impact at 1" time="0.006">
    </testcase>
    <testcase classname="Game Calculations calculateExpenseImpact should handle zero expense" name="Game Calculations calculateExpenseImpact should handle zero expense" time="0.003">
    </testcase>
    <testcase classname="Game Calculations calculateExpenseImpact should handle expense equal to budget" name="Game Calculations calculateExpenseImpact should handle expense equal to budget" time="0.002">
    </testcase>
    <testcase classname="Game Calculations calculateProgressPercentage should calculate progress percentage correctly" name="Game Calculations calculateProgressPercentage should calculate progress percentage correctly" time="0.003">
    </testcase>
    <testcase classname="Game Calculations calculateProgressPercentage should handle zero target" name="Game Calculations calculateProgressPercentage should handle zero target" time="0.003">
    </testcase>
    <testcase classname="Game Calculations calculateProgressPercentage should cap at 100%" name="Game Calculations calculateProgressPercentage should cap at 100%" time="0.002">
    </testcase>
    <testcase classname="Game Calculations calculateProgressPercentage should handle zero current" name="Game Calculations calculateProgressPercentage should handle zero current" time="0.004">
    </testcase>
    <testcase classname="Game Calculations calculateProgressPercentage should handle exact target match" name="Game Calculations calculateProgressPercentage should handle exact target match" time="0.007">
    </testcase>
    <testcase classname="Game Calculations calculateProgressPercentage should handle decimal values" name="Game Calculations calculateProgressPercentage should handle decimal values" time="0.003">
    </testcase>
    <testcase classname="Game Calculations Integration Tests should work together for realistic farm scenario" name="Game Calculations Integration Tests should work together for realistic farm scenario" time="0.003">
    </testcase>
    <testcase classname="Game Calculations Integration Tests should handle extreme values gracefully" name="Game Calculations Integration Tests should handle extreme values gracefully" time="0.003">
    </testcase>
    <testcase classname="Game Calculations Integration Tests should handle edge case of completed goal" name="Game Calculations Integration Tests should handle edge case of completed goal" time="0.005">
    </testcase>
  </testsuite>
  <testsuite name="EncryptionService" errors="0" failures="6" skipped="0" timestamp="2025-09-29T19:07:59" time="0.999" tests="16">
    <testcase classname="EncryptionService Initialization should initialize with user password" name="EncryptionService Initialization should initialize with user password" time="0.005">
    </testcase>
    <testcase classname="EncryptionService Initialization should use existing salt if available" name="EncryptionService Initialization should use existing salt if available" time="0.004">
    </testcase>
    <testcase classname="EncryptionService Initialization should throw error on initialization failure" name="EncryptionService Initialization should throw error on initialization failure" time="0.021">
    </testcase>
    <testcase classname="EncryptionService Data Encryption should encrypt plaintext data" name="EncryptionService Data Encryption should encrypt plaintext data" time="0.003">
      <failure>Error: Encryption failed: InvalidCharacterError: Invalid character
    at EncryptionService.&lt;anonymous&gt; (C:\Users\user\Desktop\Kiro\AWS project\FinanceFarmSimulator\src\services\EncryptionService.ts:91:13)
    at Generator.throw (&lt;anonymous&gt;)
    at asyncGeneratorStep (C:\Users\user\Desktop\Kiro\AWS project\FinanceFarmSimulator\node_modules\@babel\runtime\helpers\asyncToGenerator.js:3:17)
    at _throw (C:\Users\user\Desktop\Kiro\AWS project\FinanceFarmSimulator\node_modules\@babel\runtime\helpers\asyncToGenerator.js:20:9)</failure>
    </testcase>
    <testcase classname="EncryptionService Data Encryption should throw error when not initialized" name="EncryptionService Data Encryption should throw error when not initialized" time="0.015">
    </testcase>
    <testcase classname="EncryptionService Data Encryption should handle encryption errors gracefully" name="EncryptionService Data Encryption should handle encryption errors gracefully" time="0.048">
    </testcase>
    <testcase classname="EncryptionService Data Decryption should decrypt encrypted data" name="EncryptionService Data Decryption should decrypt encrypted data" time="0.031">
      <failure>Error: Encryption failed: InvalidCharacterError: Invalid character
    at EncryptionService.&lt;anonymous&gt; (C:\Users\user\Desktop\Kiro\AWS project\FinanceFarmSimulator\src\services\EncryptionService.ts:91:13)
    at Generator.throw (&lt;anonymous&gt;)
    at asyncGeneratorStep (C:\Users\user\Desktop\Kiro\AWS project\FinanceFarmSimulator\node_modules\@babel\runtime\helpers\asyncToGenerator.js:3:17)
    at _throw (C:\Users\user\Desktop\Kiro\AWS project\FinanceFarmSimulator\node_modules\@babel\runtime\helpers\asyncToGenerator.js:20:9)</failure>
    </testcase>
    <testcase classname="EncryptionService Data Decryption should throw error when not initialized" name="EncryptionService Data Decryption should throw error when not initialized" time="0.065">
    </testcase>
    <testcase classname="EncryptionService Data Decryption should handle decryption errors gracefully" name="EncryptionService Data Decryption should handle decryption errors gracefully" time="0.01">
    </testcase>
    <testcase classname="EncryptionService Key Management should clear keys from memory" name="EncryptionService Key Management should clear keys from memory" time="0.019">
    </testcase>
    <testcase classname="EncryptionService Key Management should rotate encryption keys" name="EncryptionService Key Management should rotate encryption keys" time="0.01">
    </testcase>
    <testcase classname="EncryptionService Security Properties should generate different encrypted data for same plaintext" name="EncryptionService Security Properties should generate different encrypted data for same plaintext" time="0.014">
      <failure>Error: Encryption failed: InvalidCharacterError: Invalid character
    at EncryptionService.&lt;anonymous&gt; (C:\Users\user\Desktop\Kiro\AWS project\FinanceFarmSimulator\src\services\EncryptionService.ts:91:13)
    at Generator.throw (&lt;anonymous&gt;)
    at asyncGeneratorStep (C:\Users\user\Desktop\Kiro\AWS project\FinanceFarmSimulator\node_modules\@babel\runtime\helpers\asyncToGenerator.js:3:17)
    at _throw (C:\Users\user\Desktop\Kiro\AWS project\FinanceFarmSimulator\node_modules\@babel\runtime\helpers\asyncToGenerator.js:20:9)</failure>
    </testcase>
    <testcase classname="EncryptionService Security Properties should use different salts for each encryption" name="EncryptionService Security Properties should use different salts for each encryption" time="0.008">
      <failure>Error: Encryption failed: InvalidCharacterError: Invalid character
    at EncryptionService.&lt;anonymous&gt; (C:\Users\user\Desktop\Kiro\AWS project\FinanceFarmSimulator\src\services\EncryptionService.ts:91:13)
    at Generator.throw (&lt;anonymous&gt;)
    at asyncGeneratorStep (C:\Users\user\Desktop\Kiro\AWS project\FinanceFarmSimulator\node_modules\@babel\runtime\helpers\asyncToGenerator.js:3:17)
    at _throw (C:\Users\user\Desktop\Kiro\AWS project\FinanceFarmSimulator\node_modules\@babel\runtime\helpers\asyncToGenerator.js:20:9)</failure>
    </testcase>
    <testcase classname="EncryptionService Security Properties should handle empty plaintext" name="EncryptionService Security Properties should handle empty plaintext" time="0.012">
      <failure>Error: Encryption failed: InvalidCharacterError: Invalid character
    at EncryptionService.&lt;anonymous&gt; (C:\Users\user\Desktop\Kiro\AWS project\FinanceFarmSimulator\src\services\EncryptionService.ts:91:13)
    at Generator.throw (&lt;anonymous&gt;)
    at asyncGeneratorStep (C:\Users\user\Desktop\Kiro\AWS project\FinanceFarmSimulator\node_modules\@babel\runtime\helpers\asyncToGenerator.js:3:17)
    at _throw (C:\Users\user\Desktop\Kiro\AWS project\FinanceFarmSimulator\node_modules\@babel\runtime\helpers\asyncToGenerator.js:20:9)</failure>
    </testcase>
    <testcase classname="EncryptionService Security Properties should handle large plaintext" name="EncryptionService Security Properties should handle large plaintext" time="0.021">
      <failure>Error: Encryption failed: InvalidCharacterError: Invalid character
    at EncryptionService.&lt;anonymous&gt; (C:\Users\user\Desktop\Kiro\AWS project\FinanceFarmSimulator\src\services\EncryptionService.ts:91:13)
    at Generator.throw (&lt;anonymous&gt;)
    at asyncGeneratorStep (C:\Users\user\Desktop\Kiro\AWS project\FinanceFarmSimulator\node_modules\@babel\runtime\helpers\asyncToGenerator.js:3:17)
    at _throw (C:\Users\user\Desktop\Kiro\AWS project\FinanceFarmSimulator\node_modules\@babel\runtime\helpers\asyncToGenerator.js:20:9)</failure>
    </testcase>
    <testcase classname="EncryptionService Singleton Pattern should return same instance" name="EncryptionService Singleton Pattern should return same instance" time="0.004">
    </testcase>
  </testsuite>
  <testsuite name="ParentChildLinkDAO" errors="0" failures="0" skipped="0" timestamp="2025-09-29T19:08:03" time="1.118" tests="12">
    <testcase classname="ParentChildLinkDAO getChildrenByParentId should return children linked to a parent" name="ParentChildLinkDAO getChildrenByParentId should return children linked to a parent" time="0.009">
    </testcase>
    <testcase classname="ParentChildLinkDAO getChildrenByParentId should return empty array if no children found" name="ParentChildLinkDAO getChildrenByParentId should return empty array if no children found" time="0.019">
    </testcase>
    <testcase classname="ParentChildLinkDAO getParentByChildId should return parent link for a child" name="ParentChildLinkDAO getParentByChildId should return parent link for a child" time="0.016">
    </testcase>
    <testcase classname="ParentChildLinkDAO getParentByChildId should return null if no parent found" name="ParentChildLinkDAO getParentByChildId should return null if no parent found" time="0.033">
    </testcase>
    <testcase classname="ParentChildLinkDAO isLinked should return true if parent-child relationship exists" name="ParentChildLinkDAO isLinked should return true if parent-child relationship exists" time="0.006">
    </testcase>
    <testcase classname="ParentChildLinkDAO isLinked should return false if no relationship exists" name="ParentChildLinkDAO isLinked should return false if no relationship exists" time="0.069">
    </testcase>
    <testcase classname="ParentChildLinkDAO isLinked should return false if query returns null" name="ParentChildLinkDAO isLinked should return false if query returns null" time="0.005">
    </testcase>
    <testcase classname="ParentChildLinkDAO deactivateLink should deactivate a parent-child link" name="ParentChildLinkDAO deactivateLink should deactivate a parent-child link" time="0.007">
    </testcase>
    <testcase classname="ParentChildLinkDAO deactivateLink should return false if no rows were affected" name="ParentChildLinkDAO deactivateLink should return false if no rows were affected" time="0.004">
    </testcase>
    <testcase classname="ParentChildLinkDAO updateNickname should update nickname for a child" name="ParentChildLinkDAO updateNickname should update nickname for a child" time="0.018">
    </testcase>
    <testcase classname="ParentChildLinkDAO updateNickname should return false if no rows were affected" name="ParentChildLinkDAO updateNickname should return false if no rows were affected" time="0.004">
    </testcase>
    <testcase classname="ParentChildLinkDAO create should create a new parent-child link" name="ParentChildLinkDAO create should create a new parent-child link" time="0.01">
    </testcase>
  </testsuite>
  <testsuite name="Calculation utilities" errors="0" failures="0" skipped="0" timestamp="2025-09-29T19:08:05" time="0.653" tests="33">
    <testcase classname="Calculation utilities calculateGrowthRate should calculate growth rate correctly" name="Calculation utilities calculateGrowthRate should calculate growth rate correctly" time="0.003">
    </testcase>
    <testcase classname="Calculation utilities calculateGrowthRate should return 0 when goal amount is 0" name="Calculation utilities calculateGrowthRate should return 0 when goal amount is 0" time="0.004">
    </testcase>
    <testcase classname="Calculation utilities calculateFertilizerBoost should calculate fertilizer boost correctly" name="Calculation utilities calculateFertilizerBoost should calculate fertilizer boost correctly" time="0.003">
    </testcase>
    <testcase classname="Calculation utilities calculateProgressPercentage should calculate progress percentage correctly" name="Calculation utilities calculateProgressPercentage should calculate progress percentage correctly" time="0.005">
    </testcase>
    <testcase classname="Calculation utilities calculateProgressPercentage should cap at 100%" name="Calculation utilities calculateProgressPercentage should cap at 100%" time="0.007">
    </testcase>
    <testcase classname="Calculation utilities calculateProgressPercentage should return 0 when target is 0" name="Calculation utilities calculateProgressPercentage should return 0 when target is 0" time="0.002">
    </testcase>
    <testcase classname="Calculation utilities calculateDailyGrowth should calculate daily growth correctly" name="Calculation utilities calculateDailyGrowth should calculate daily growth correctly" time="0.004">
    </testcase>
    <testcase classname="Calculation utilities calculateDailyGrowth should handle negative growth" name="Calculation utilities calculateDailyGrowth should handle negative growth" time="0.002">
    </testcase>
    <testcase classname="Calculation utilities calculateDaysToGoal should calculate days to goal correctly" name="Calculation utilities calculateDaysToGoal should calculate days to goal correctly" time="0.003">
    </testcase>
    <testcase classname="Calculation utilities calculateDaysToGoal should return 0 when goal is already reached" name="Calculation utilities calculateDaysToGoal should return 0 when goal is already reached" time="0.002">
    </testcase>
    <testcase classname="Calculation utilities calculateDaysToGoal should return Infinity when daily savings is 0 or negative" name="Calculation utilities calculateDaysToGoal should return Infinity when daily savings is 0 or negative" time="0.004">
    </testcase>
    <testcase classname="Calculation utilities calculateStreakMultiplier should return 1 for 0 streak days" name="Calculation utilities calculateStreakMultiplier should return 1 for 0 streak days" time="0.003">
    </testcase>
    <testcase classname="Calculation utilities calculateStreakMultiplier should increase multiplier with streak days" name="Calculation utilities calculateStreakMultiplier should increase multiplier with streak days" time="0.002">
    </testcase>
    <testcase classname="Calculation utilities calculateStreakMultiplier should cap multiplier at 2x" name="Calculation utilities calculateStreakMultiplier should cap multiplier at 2x" time="0.003">
    </testcase>
    <testcase classname="Calculation utilities calculateSavingsRate should return 0 when income is 0" name="Calculation utilities calculateSavingsRate should return 0 when income is 0" time="0.002">
    </testcase>
    <testcase classname="Calculation utilities calculateSavingsRate should calculate correct savings rate" name="Calculation utilities calculateSavingsRate should calculate correct savings rate" time="0.004">
    </testcase>
    <testcase classname="Calculation utilities calculateSavingsRate should return 0 when expenses exceed income" name="Calculation utilities calculateSavingsRate should return 0 when expenses exceed income" time="0.003">
    </testcase>
    <testcase classname="Calculation utilities calculateBudgetUtilization should return 0 when budget limit is 0" name="Calculation utilities calculateBudgetUtilization should return 0 when budget limit is 0" time="0.002">
    </testcase>
    <testcase classname="Calculation utilities calculateBudgetUtilization should calculate correct utilization percentage" name="Calculation utilities calculateBudgetUtilization should calculate correct utilization percentage" time="0.002">
    </testcase>
    <testcase classname="Calculation utilities calculateBudgetUtilization should handle over-budget scenarios" name="Calculation utilities calculateBudgetUtilization should handle over-budget scenarios" time="0.004">
    </testcase>
    <testcase classname="Calculation utilities calculateAverageDaily should return 0 when number of days is 0" name="Calculation utilities calculateAverageDaily should return 0 when number of days is 0" time="0.002">
    </testcase>
    <testcase classname="Calculation utilities calculateAverageDaily should calculate correct daily average" name="Calculation utilities calculateAverageDaily should calculate correct daily average" time="0.002">
    </testcase>
    <testcase classname="Calculation utilities calculateProjectedSavings should project savings correctly" name="Calculation utilities calculateProjectedSavings should project savings correctly" time="0.015">
    </testcase>
    <testcase classname="Calculation utilities calculateProjectedSavings should handle negative monthly savings" name="Calculation utilities calculateProjectedSavings should handle negative monthly savings" time="0.012">
    </testcase>
    <testcase classname="Calculation utilities calculateGoalTimeframe should return -1 when monthly savings is 0 or negative" name="Calculation utilities calculateGoalTimeframe should return -1 when monthly savings is 0 or negative" time="0.003">
    </testcase>
    <testcase classname="Calculation utilities calculateGoalTimeframe should return 0 when goal is already reached" name="Calculation utilities calculateGoalTimeframe should return 0 when goal is already reached" time="0.012">
    </testcase>
    <testcase classname="Calculation utilities calculateGoalTimeframe should calculate correct timeframe in months" name="Calculation utilities calculateGoalTimeframe should calculate correct timeframe in months" time="0.002">
    </testcase>
    <testcase classname="Calculation utilities calculateExpenseImpact should return default impact when budget limit is 0" name="Calculation utilities calculateExpenseImpact should return default impact when budget limit is 0" time="0.01">
    </testcase>
    <testcase classname="Calculation utilities calculateExpenseImpact should calculate impact based on budget utilization" name="Calculation utilities calculateExpenseImpact should calculate impact based on budget utilization" time="0.005">
    </testcase>
    <testcase classname="Calculation utilities calculateExpenseImpact should cap impact at 1" name="Calculation utilities calculateExpenseImpact should cap impact at 1" time="0.011">
    </testcase>
    <testcase classname="Calculation utilities calculateIncomeBoost should return 1 when average income is 0" name="Calculation utilities calculateIncomeBoost should return 1 when average income is 0" time="0.01">
    </testcase>
    <testcase classname="Calculation utilities calculateIncomeBoost should calculate boost factor correctly" name="Calculation utilities calculateIncomeBoost should calculate boost factor correctly" time="0.003">
    </testcase>
    <testcase classname="Calculation utilities calculateIncomeBoost should return at least 1 for below-average income" name="Calculation utilities calculateIncomeBoost should return at least 1 for below-average income" time="0.007">
    </testcase>
  </testsuite>
  <testsuite name="User Models" errors="0" failures="0" skipped="0" timestamp="2025-09-29T19:08:07" time="0.824" tests="15">
    <testcase classname="User Models UserProfile should validate a valid user profile" name="User Models UserProfile should validate a valid user profile" time="0.008">
    </testcase>
    <testcase classname="User Models UserProfile should require display name" name="User Models UserProfile should require display name" time="0.063">
    </testcase>
    <testcase classname="User Models UserProfile should validate age range" name="User Models UserProfile should validate age range" time="0.014">
    </testcase>
    <testcase classname="User Models UserProfile should set default values" name="User Models UserProfile should set default values" time="0.004">
    </testcase>
    <testcase classname="User Models UserProfile should validate child mode with parent account" name="User Models UserProfile should validate child mode with parent account" time="0.015">
    </testcase>
    <testcase classname="User Models User should validate a valid user" name="User Models User should validate a valid user" time="0.014">
    </testcase>
    <testcase classname="User Models User should require valid UUID for id" name="User Models User should require valid UUID for id" time="0.013">
    </testcase>
    <testcase classname="User Models User should require valid email" name="User Models User should require valid email" time="0.015">
    </testcase>
    <testcase classname="User Models User should set default values" name="User Models User should set default values" time="0.01">
    </testcase>
    <testcase classname="User Models LoginCredentials should validate valid login credentials" name="User Models LoginCredentials should validate valid login credentials" time="0.003">
    </testcase>
    <testcase classname="User Models LoginCredentials should require valid email format" name="User Models LoginCredentials should require valid email format" time="0.008">
    </testcase>
    <testcase classname="User Models LoginCredentials should require minimum password length" name="User Models LoginCredentials should require minimum password length" time="0.022">
    </testcase>
    <testcase classname="User Models RegisterCredentials should validate valid register credentials" name="User Models RegisterCredentials should validate valid register credentials" time="0.002">
    </testcase>
    <testcase classname="User Models RegisterCredentials should require matching passwords" name="User Models RegisterCredentials should require matching passwords" time="0.005">
    </testcase>
    <testcase classname="User Models RegisterCredentials should validate nested profile" name="User Models RegisterCredentials should validate nested profile" time="0.005">
    </testcase>
  </testsuite>
  <testsuite name="Income Calculations" errors="0" failures="3" skipped="0" timestamp="2025-09-29T19:08:08" time="0.64" tests="18">
    <testcase classname="Income Calculations calculateStreakMultiplier returns 1x for zero streak" name="Income Calculations calculateStreakMultiplier returns 1x for zero streak" time="0.007">
    </testcase>
    <testcase classname="Income Calculations calculateStreakMultiplier returns 1x for negative streak (edge case)" name="Income Calculations calculateStreakMultiplier returns 1x for negative streak (edge case)" time="0.005">
    </testcase>
    <testcase classname="Income Calculations calculateStreakMultiplier calculates correct multiplier for low streaks" name="Income Calculations calculateStreakMultiplier calculates correct multiplier for low streaks" time="0.003">
    </testcase>
    <testcase classname="Income Calculations calculateStreakMultiplier calculates correct multiplier for medium streaks" name="Income Calculations calculateStreakMultiplier calculates correct multiplier for medium streaks" time="0.004">
      <failure>Error: expect(received).toBe(expected) // Object.is equality

Expected: 1.7
Received: 1.7000000000000002
    at Object.toBe (C:\Users\user\Desktop\Kiro\AWS project\FinanceFarmSimulator\src\utils\__tests__\incomeCalculations.test.ts:24:44)
    at Promise.then.completed (C:\Users\user\Desktop\Kiro\AWS project\FinanceFarmSimulator\node_modules\jest-circus\build\utils.js:298:28)
    at new Promise (&lt;anonymous&gt;)
    at callAsyncCircusFn (C:\Users\user\Desktop\Kiro\AWS project\FinanceFarmSimulator\node_modules\jest-circus\build\utils.js:231:10)
    at _callCircusTest (C:\Users\user\Desktop\Kiro\AWS project\FinanceFarmSimulator\node_modules\jest-circus\build\run.js:316:40)
    at _runTest (C:\Users\user\Desktop\Kiro\AWS project\FinanceFarmSimulator\node_modules\jest-circus\build\run.js:252:3)
    at _runTestsForDescribeBlock (C:\Users\user\Desktop\Kiro\AWS project\FinanceFarmSimulator\node_modules\jest-circus\build\run.js:126:9)
    at _runTestsForDescribeBlock (C:\Users\user\Desktop\Kiro\AWS project\FinanceFarmSimulator\node_modules\jest-circus\build\run.js:121:9)
    at _runTestsForDescribeBlock (C:\Users\user\Desktop\Kiro\AWS project\FinanceFarmSimulator\node_modules\jest-circus\build\run.js:121:9)
    at run (C:\Users\user\Desktop\Kiro\AWS project\FinanceFarmSimulator\node_modules\jest-circus\build\run.js:71:3)
    at runAndTransformResultsToJestFormat (C:\Users\user\Desktop\Kiro\AWS project\FinanceFarmSimulator\node_modules\jest-circus\build\legacy-code-todo-rewrite\jestAdapterInit.js:122:21)
    at jestAdapter (C:\Users\user\Desktop\Kiro\AWS project\FinanceFarmSimulator\node_modules\jest-circus\build\legacy-code-todo-rewrite\jestAdapter.js:79:19)
    at runTestInternal (C:\Users\user\Desktop\Kiro\AWS project\FinanceFarmSimulator\node_modules\jest-runner\build\runTest.js:367:16)
    at runTest (C:\Users\user\Desktop\Kiro\AWS project\FinanceFarmSimulator\node_modules\jest-runner\build\runTest.js:444:34)</failure>
    </testcase>
    <testcase classname="Income Calculations calculateStreakMultiplier caps multiplier at 2x for high streaks" name="Income Calculations calculateStreakMultiplier caps multiplier at 2x for high streaks" time="0.004">
    </testcase>
    <testcase classname="Income Calculations calculateStreakMultiplier handles decimal streak values correctly" name="Income Calculations calculateStreakMultiplier handles decimal streak values correctly" time="0.002">
    </testcase>
    <testcase classname="Income Calculations calculateFertilizerBoost calculates boost with 1x multiplier" name="Income Calculations calculateFertilizerBoost calculates boost with 1x multiplier" time="0.002">
    </testcase>
    <testcase classname="Income Calculations calculateFertilizerBoost calculates boost with streak multipliers" name="Income Calculations calculateFertilizerBoost calculates boost with streak multipliers" time="0.009">
    </testcase>
    <testcase classname="Income Calculations calculateFertilizerBoost handles zero income amount" name="Income Calculations calculateFertilizerBoost handles zero income amount" time="0.004">
    </testcase>
    <testcase classname="Income Calculations calculateFertilizerBoost handles decimal amounts" name="Income Calculations calculateFertilizerBoost handles decimal amounts" time="0.002">
    </testcase>
    <testcase classname="Income Calculations calculateFertilizerBoost handles large amounts" name="Income Calculations calculateFertilizerBoost handles large amounts" time="0.003">
    </testcase>
    <testcase classname="Income Calculations Integrated streak and fertilizer calculations calculates realistic income scenarios" name="Income Calculations Integrated streak and fertilizer calculations calculates realistic income scenarios" time="0.003">
      <failure>Error: expect(received).toBe(expected) // Object.is equality

Expected: 1.7
Received: 1.7000000000000002
    at Object.toBe (C:\Users\user\Desktop\Kiro\AWS project\FinanceFarmSimulator\src\utils\__tests__\incomeCalculations.test.ts:83:30)
    at Promise.then.completed (C:\Users\user\Desktop\Kiro\AWS project\FinanceFarmSimulator\node_modules\jest-circus\build\utils.js:298:28)
    at new Promise (&lt;anonymous&gt;)
    at callAsyncCircusFn (C:\Users\user\Desktop\Kiro\AWS project\FinanceFarmSimulator\node_modules\jest-circus\build\utils.js:231:10)
    at _callCircusTest (C:\Users\user\Desktop\Kiro\AWS project\FinanceFarmSimulator\node_modules\jest-circus\build\run.js:316:40)
    at _runTest (C:\Users\user\Desktop\Kiro\AWS project\FinanceFarmSimulator\node_modules\jest-circus\build\run.js:252:3)
    at _runTestsForDescribeBlock (C:\Users\user\Desktop\Kiro\AWS project\FinanceFarmSimulator\node_modules\jest-circus\build\run.js:126:9)
    at _runTestsForDescribeBlock (C:\Users\user\Desktop\Kiro\AWS project\FinanceFarmSimulator\node_modules\jest-circus\build\run.js:121:9)
    at _runTestsForDescribeBlock (C:\Users\user\Desktop\Kiro\AWS project\FinanceFarmSimulator\node_modules\jest-circus\build\run.js:121:9)
    at run (C:\Users\user\Desktop\Kiro\AWS project\FinanceFarmSimulator\node_modules\jest-circus\build\run.js:71:3)
    at runAndTransformResultsToJestFormat (C:\Users\user\Desktop\Kiro\AWS project\FinanceFarmSimulator\node_modules\jest-circus\build\legacy-code-todo-rewrite\jestAdapterInit.js:122:21)
    at jestAdapter (C:\Users\user\Desktop\Kiro\AWS project\FinanceFarmSimulator\node_modules\jest-circus\build\legacy-code-todo-rewrite\jestAdapter.js:79:19)
    at runTestInternal (C:\Users\user\Desktop\Kiro\AWS project\FinanceFarmSimulator\node_modules\jest-runner\build\runTest.js:367:16)
    at runTest (C:\Users\user\Desktop\Kiro\AWS project\FinanceFarmSimulator\node_modules\jest-runner\build\runTest.js:444:34)</failure>
    </testcase>
    <testcase classname="Income Calculations Integrated streak and fertilizer calculations calculates different income amounts with same streak" name="Income Calculations Integrated streak and fertilizer calculations calculates different income amounts with same streak" time="0.002">
    </testcase>
    <testcase classname="Income Calculations Integrated streak and fertilizer calculations demonstrates progression incentive" name="Income Calculations Integrated streak and fertilizer calculations demonstrates progression incentive" time="0.007">
      <failure>Error: expect(received).toBe(expected) // Object.is equality

Expected: 1700
Received: 1700.0000000000002
    at toBe (C:\Users\user\Desktop\Kiro\AWS project\FinanceFarmSimulator\src\utils\__tests__\incomeCalculations.test.ts:133:23)
    at Array.forEach (&lt;anonymous&gt;)
    at Object.forEach (C:\Users\user\Desktop\Kiro\AWS project\FinanceFarmSimulator\src\utils\__tests__\incomeCalculations.test.ts:130:23)
    at Promise.then.completed (C:\Users\user\Desktop\Kiro\AWS project\FinanceFarmSimulator\node_modules\jest-circus\build\utils.js:298:28)
    at new Promise (&lt;anonymous&gt;)
    at callAsyncCircusFn (C:\Users\user\Desktop\Kiro\AWS project\FinanceFarmSimulator\node_modules\jest-circus\build\utils.js:231:10)
    at _callCircusTest (C:\Users\user\Desktop\Kiro\AWS project\FinanceFarmSimulator\node_modules\jest-circus\build\run.js:316:40)
    at _runTest (C:\Users\user\Desktop\Kiro\AWS project\FinanceFarmSimulator\node_modules\jest-circus\build\run.js:252:3)
    at _runTestsForDescribeBlock (C:\Users\user\Desktop\Kiro\AWS project\FinanceFarmSimulator\node_modules\jest-circus\build\run.js:126:9)
    at _runTestsForDescribeBlock (C:\Users\user\Desktop\Kiro\AWS project\FinanceFarmSimulator\node_modules\jest-circus\build\run.js:121:9)
    at _runTestsForDescribeBlock (C:\Users\user\Desktop\Kiro\AWS project\FinanceFarmSimulator\node_modules\jest-circus\build\run.js:121:9)
    at run (C:\Users\user\Desktop\Kiro\AWS project\FinanceFarmSimulator\node_modules\jest-circus\build\run.js:71:3)
    at runAndTransformResultsToJestFormat (C:\Users\user\Desktop\Kiro\AWS project\FinanceFarmSimulator\node_modules\jest-circus\build\legacy-code-todo-rewrite\jestAdapterInit.js:122:21)
    at jestAdapter (C:\Users\user\Desktop\Kiro\AWS project\FinanceFarmSimulator\node_modules\jest-circus\build\legacy-code-todo-rewrite\jestAdapter.js:79:19)
    at runTestInternal (C:\Users\user\Desktop\Kiro\AWS project\FinanceFarmSimulator\node_modules\jest-runner\build\runTest.js:367:16)
    at runTest (C:\Users\user\Desktop\Kiro\AWS project\FinanceFarmSimulator\node_modules\jest-runner\build\runTest.js:444:34)</failure>
    </testcase>
    <testcase classname="Income Calculations Edge cases and error handling handles negative income amounts gracefully" name="Income Calculations Edge cases and error handling handles negative income amounts gracefully" time="0.003">
    </testcase>
    <testcase classname="Income Calculations Edge cases and error handling handles very small multipliers" name="Income Calculations Edge cases and error handling handles very small multipliers" time="0.002">
    </testcase>
    <testcase classname="Income Calculations Edge cases and error handling handles very large multipliers" name="Income Calculations Edge cases and error handling handles very large multipliers" time="0.008">
    </testcase>
    <testcase classname="Income Calculations Edge cases and error handling maintains precision with floating point operations" name="Income Calculations Edge cases and error handling maintains precision with floating point operations" time="0.004">
    </testcase>
  </testsuite>
  <testsuite name="Business Logic Calculations" errors="0" failures="7" skipped="0" timestamp="2025-09-29T19:08:10" time="0.785" tests="14">
    <testcase classname="Business Logic Calculations calculateGrowthRate should calculate correct growth rate for savings goal" name="Business Logic Calculations calculateGrowthRate should calculate correct growth rate for savings goal" time="0.015">
      <failure>Error: expect(received).toBeGreaterThan(expected)

Expected: &gt; 0
Received:   NaN
    at Object.toBeGreaterThan (C:\Users\user\Desktop\Kiro\AWS project\FinanceFarmSimulator\src\utils\__tests__\businessLogic.test.ts:21:26)
    at Promise.then.completed (C:\Users\user\Desktop\Kiro\AWS project\FinanceFarmSimulator\node_modules\jest-circus\build\utils.js:298:28)
    at new Promise (&lt;anonymous&gt;)
    at callAsyncCircusFn (C:\Users\user\Desktop\Kiro\AWS project\FinanceFarmSimulator\node_modules\jest-circus\build\utils.js:231:10)
    at _callCircusTest (C:\Users\user\Desktop\Kiro\AWS project\FinanceFarmSimulator\node_modules\jest-circus\build\run.js:316:40)
    at _runTest (C:\Users\user\Desktop\Kiro\AWS project\FinanceFarmSimulator\node_modules\jest-circus\build\run.js:252:3)
    at _runTestsForDescribeBlock (C:\Users\user\Desktop\Kiro\AWS project\FinanceFarmSimulator\node_modules\jest-circus\build\run.js:126:9)
    at _runTestsForDescribeBlock (C:\Users\user\Desktop\Kiro\AWS project\FinanceFarmSimulator\node_modules\jest-circus\build\run.js:121:9)
    at _runTestsForDescribeBlock (C:\Users\user\Desktop\Kiro\AWS project\FinanceFarmSimulator\node_modules\jest-circus\build\run.js:121:9)
    at run (C:\Users\user\Desktop\Kiro\AWS project\FinanceFarmSimulator\node_modules\jest-circus\build\run.js:71:3)
    at runAndTransformResultsToJestFormat (C:\Users\user\Desktop\Kiro\AWS project\FinanceFarmSimulator\node_modules\jest-circus\build\legacy-code-todo-rewrite\jestAdapterInit.js:122:21)
    at jestAdapter (C:\Users\user\Desktop\Kiro\AWS project\FinanceFarmSimulator\node_modules\jest-circus\build\legacy-code-todo-rewrite\jestAdapter.js:79:19)
    at runTestInternal (C:\Users\user\Desktop\Kiro\AWS project\FinanceFarmSimulator\node_modules\jest-runner\build\runTest.js:367:16)
    at runTest (C:\Users\user\Desktop\Kiro\AWS project\FinanceFarmSimulator\node_modules\jest-runner\build\runTest.js:444:34)</failure>
    </testcase>
    <testcase classname="Business Logic Calculations calculateGrowthRate should handle edge case of zero target amount" name="Business Logic Calculations calculateGrowthRate should handle edge case of zero target amount" time="0.004">
      <failure>Error: expect(received).toBe(expected) // Object.is equality

Expected: 0
Received: NaN
    at Object.toBe (C:\Users\user\Desktop\Kiro\AWS project\FinanceFarmSimulator\src\utils\__tests__\businessLogic.test.ts:34:26)
    at Promise.then.completed (C:\Users\user\Desktop\Kiro\AWS project\FinanceFarmSimulator\node_modules\jest-circus\build\utils.js:298:28)
    at new Promise (&lt;anonymous&gt;)
    at callAsyncCircusFn (C:\Users\user\Desktop\Kiro\AWS project\FinanceFarmSimulator\node_modules\jest-circus\build\utils.js:231:10)
    at _callCircusTest (C:\Users\user\Desktop\Kiro\AWS project\FinanceFarmSimulator\node_modules\jest-circus\build\run.js:316:40)
    at _runTest (C:\Users\user\Desktop\Kiro\AWS project\FinanceFarmSimulator\node_modules\jest-circus\build\run.js:252:3)
    at _runTestsForDescribeBlock (C:\Users\user\Desktop\Kiro\AWS project\FinanceFarmSimulator\node_modules\jest-circus\build\run.js:126:9)
    at _runTestsForDescribeBlock (C:\Users\user\Desktop\Kiro\AWS project\FinanceFarmSimulator\node_modules\jest-circus\build\run.js:121:9)
    at _runTestsForDescribeBlock (C:\Users\user\Desktop\Kiro\AWS project\FinanceFarmSimulator\node_modules\jest-circus\build\run.js:121:9)
    at run (C:\Users\user\Desktop\Kiro\AWS project\FinanceFarmSimulator\node_modules\jest-circus\build\run.js:71:3)
    at runAndTransformResultsToJestFormat (C:\Users\user\Desktop\Kiro\AWS project\FinanceFarmSimulator\node_modules\jest-circus\build\legacy-code-todo-rewrite\jestAdapterInit.js:122:21)
    at jestAdapter (C:\Users\user\Desktop\Kiro\AWS project\FinanceFarmSimulator\node_modules\jest-circus\build\legacy-code-todo-rewrite\jestAdapter.js:79:19)
    at runTestInternal (C:\Users\user\Desktop\Kiro\AWS project\FinanceFarmSimulator\node_modules\jest-runner\build\runTest.js:367:16)
    at runTest (C:\Users\user\Desktop\Kiro\AWS project\FinanceFarmSimulator\node_modules\jest-runner\build\runTest.js:444:34)</failure>
    </testcase>
    <testcase classname="Business Logic Calculations calculateGrowthRate should handle overdue goals" name="Business Logic Calculations calculateGrowthRate should handle overdue goals" time="0.01">
    </testcase>
    <testcase classname="Business Logic Calculations calculateFertilizerBoost should apply correct fertilizer boost formula" name="Business Logic Calculations calculateFertilizerBoost should apply correct fertilizer boost formula" time="0.002">
    </testcase>
    <testcase classname="Business Logic Calculations calculateFertilizerBoost should handle zero income" name="Business Logic Calculations calculateFertilizerBoost should handle zero income" time="0.002">
    </testcase>
    <testcase classname="Business Logic Calculations calculateFertilizerBoost should handle zero multiplier" name="Business Logic Calculations calculateFertilizerBoost should handle zero multiplier" time="0.003">
    </testcase>
    <testcase classname="Business Logic Calculations calculateWeedPenalty should calculate penalty for budget overrun" name="Business Logic Calculations calculateWeedPenalty should calculate penalty for budget overrun" time="0.002">
      <failure>TypeError: (0 , _calculations.calculateWeedPenalty) is not a function
    at Object.&lt;anonymous&gt; (C:\Users\user\Desktop\Kiro\AWS project\FinanceFarmSimulator\src\utils\__tests__\businessLogic.test.ts:79:43)
    at Promise.then.completed (C:\Users\user\Desktop\Kiro\AWS project\FinanceFarmSimulator\node_modules\jest-circus\build\utils.js:298:28)
    at new Promise (&lt;anonymous&gt;)
    at callAsyncCircusFn (C:\Users\user\Desktop\Kiro\AWS project\FinanceFarmSimulator\node_modules\jest-circus\build\utils.js:231:10)
    at _callCircusTest (C:\Users\user\Desktop\Kiro\AWS project\FinanceFarmSimulator\node_modules\jest-circus\build\run.js:316:40)
    at _runTest (C:\Users\user\Desktop\Kiro\AWS project\FinanceFarmSimulator\node_modules\jest-circus\build\run.js:252:3)
    at _runTestsForDescribeBlock (C:\Users\user\Desktop\Kiro\AWS project\FinanceFarmSimulator\node_modules\jest-circus\build\run.js:126:9)
    at _runTestsForDescribeBlock (C:\Users\user\Desktop\Kiro\AWS project\FinanceFarmSimulator\node_modules\jest-circus\build\run.js:121:9)
    at _runTestsForDescribeBlock (C:\Users\user\Desktop\Kiro\AWS project\FinanceFarmSimulator\node_modules\jest-circus\build\run.js:121:9)
    at run (C:\Users\user\Desktop\Kiro\AWS project\FinanceFarmSimulator\node_modules\jest-circus\build\run.js:71:3)
    at runAndTransformResultsToJestFormat (C:\Users\user\Desktop\Kiro\AWS project\FinanceFarmSimulator\node_modules\jest-circus\build\legacy-code-todo-rewrite\jestAdapterInit.js:122:21)
    at jestAdapter (C:\Users\user\Desktop\Kiro\AWS project\FinanceFarmSimulator\node_modules\jest-circus\build\legacy-code-todo-rewrite\jestAdapter.js:79:19)
    at runTestInternal (C:\Users\user\Desktop\Kiro\AWS project\FinanceFarmSimulator\node_modules\jest-runner\build\runTest.js:367:16)
    at runTest (C:\Users\user\Desktop\Kiro\AWS project\FinanceFarmSimulator\node_modules\jest-runner\build\runTest.js:444:34)</failure>
    </testcase>
    <testcase classname="Business Logic Calculations calculateWeedPenalty should return zero penalty when under budget" name="Business Logic Calculations calculateWeedPenalty should return zero penalty when under budget" time="0.004">
      <failure>TypeError: (0 , _calculations.calculateWeedPenalty) is not a function
    at Object.&lt;anonymous&gt; (C:\Users\user\Desktop\Kiro\AWS project\FinanceFarmSimulator\src\utils\__tests__\businessLogic.test.ts:90:43)
    at Promise.then.completed (C:\Users\user\Desktop\Kiro\AWS project\FinanceFarmSimulator\node_modules\jest-circus\build\utils.js:298:28)
    at new Promise (&lt;anonymous&gt;)
    at callAsyncCircusFn (C:\Users\user\Desktop\Kiro\AWS project\FinanceFarmSimulator\node_modules\jest-circus\build\utils.js:231:10)
    at _callCircusTest (C:\Users\user\Desktop\Kiro\AWS project\FinanceFarmSimulator\node_modules\jest-circus\build\run.js:316:40)
    at _runTest (C:\Users\user\Desktop\Kiro\AWS project\FinanceFarmSimulator\node_modules\jest-circus\build\run.js:252:3)
    at _runTestsForDescribeBlock (C:\Users\user\Desktop\Kiro\AWS project\FinanceFarmSimulator\node_modules\jest-circus\build\run.js:126:9)
    at _runTestsForDescribeBlock (C:\Users\user\Desktop\Kiro\AWS project\FinanceFarmSimulator\node_modules\jest-circus\build\run.js:121:9)
    at _runTestsForDescribeBlock (C:\Users\user\Desktop\Kiro\AWS project\FinanceFarmSimulator\node_modules\jest-circus\build\run.js:121:9)
    at run (C:\Users\user\Desktop\Kiro\AWS project\FinanceFarmSimulator\node_modules\jest-circus\build\run.js:71:3)
    at runAndTransformResultsToJestFormat (C:\Users\user\Desktop\Kiro\AWS project\FinanceFarmSimulator\node_modules\jest-circus\build\legacy-code-todo-rewrite\jestAdapterInit.js:122:21)
    at jestAdapter (C:\Users\user\Desktop\Kiro\AWS project\FinanceFarmSimulator\node_modules\jest-circus\build\legacy-code-todo-rewrite\jestAdapter.js:79:19)
    at runTestInternal (C:\Users\user\Desktop\Kiro\AWS project\FinanceFarmSimulator\node_modules\jest-runner\build\runTest.js:367:16)
    at runTest (C:\Users\user\Desktop\Kiro\AWS project\FinanceFarmSimulator\node_modules\jest-runner\build\runTest.js:444:34)</failure>
    </testcase>
    <testcase classname="Business Logic Calculations calculateStreakMultiplier should increase multiplier with consecutive days" name="Business Logic Calculations calculateStreakMultiplier should increase multiplier with consecutive days" time="0.005">
    </testcase>
    <testcase classname="Business Logic Calculations calculateStreakMultiplier should return base multiplier for no streak" name="Business Logic Calculations calculateStreakMultiplier should return base multiplier for no streak" time="0.014">
    </testcase>
    <testcase classname="Business Logic Calculations calculateStreakMultiplier should cap multiplier at maximum value" name="Business Logic Calculations calculateStreakMultiplier should cap multiplier at maximum value" time="0.004">
    </testcase>
    <testcase classname="Business Logic Calculations calculateBudgetThreshold should calculate appropriate budget threshold" name="Business Logic Calculations calculateBudgetThreshold should calculate appropriate budget threshold" time="0.004">
      <failure>TypeError: (0 , _calculations.calculateBudgetThreshold) is not a function
    at Object.&lt;anonymous&gt; (C:\Users\user\Desktop\Kiro\AWS project\FinanceFarmSimulator\src\utils\__tests__\businessLogic.test.ts:123:49)
    at Promise.then.completed (C:\Users\user\Desktop\Kiro\AWS project\FinanceFarmSimulator\node_modules\jest-circus\build\utils.js:298:28)
    at new Promise (&lt;anonymous&gt;)
    at callAsyncCircusFn (C:\Users\user\Desktop\Kiro\AWS project\FinanceFarmSimulator\node_modules\jest-circus\build\utils.js:231:10)
    at _callCircusTest (C:\Users\user\Desktop\Kiro\AWS project\FinanceFarmSimulator\node_modules\jest-circus\build\run.js:316:40)
    at _runTest (C:\Users\user\Desktop\Kiro\AWS project\FinanceFarmSimulator\node_modules\jest-circus\build\run.js:252:3)
    at _runTestsForDescribeBlock (C:\Users\user\Desktop\Kiro\AWS project\FinanceFarmSimulator\node_modules\jest-circus\build\run.js:126:9)
    at _runTestsForDescribeBlock (C:\Users\user\Desktop\Kiro\AWS project\FinanceFarmSimulator\node_modules\jest-circus\build\run.js:121:9)
    at _runTestsForDescribeBlock (C:\Users\user\Desktop\Kiro\AWS project\FinanceFarmSimulator\node_modules\jest-circus\build\run.js:121:9)
    at run (C:\Users\user\Desktop\Kiro\AWS project\FinanceFarmSimulator\node_modules\jest-circus\build\run.js:71:3)
    at runAndTransformResultsToJestFormat (C:\Users\user\Desktop\Kiro\AWS project\FinanceFarmSimulator\node_modules\jest-circus\build\legacy-code-todo-rewrite\jestAdapterInit.js:122:21)
    at jestAdapter (C:\Users\user\Desktop\Kiro\AWS project\FinanceFarmSimulator\node_modules\jest-circus\build\legacy-code-todo-rewrite\jestAdapter.js:79:19)
    at runTestInternal (C:\Users\user\Desktop\Kiro\AWS project\FinanceFarmSimulator\node_modules\jest-runner\build\runTest.js:367:16)
    at runTest (C:\Users\user\Desktop\Kiro\AWS project\FinanceFarmSimulator\node_modules\jest-runner\build\runTest.js:444:34)</failure>
    </testcase>
    <testcase classname="Business Logic Calculations calculateRewardValue should calculate reward based on goal completion" name="Business Logic Calculations calculateRewardValue should calculate reward based on goal completion" time="0.015">
      <failure>TypeError: (0 , _calculations.calculateRewardValue) is not a function
    at Object.&lt;anonymous&gt; (C:\Users\user\Desktop\Kiro\AWS project\FinanceFarmSimulator\src\utils\__tests__\businessLogic.test.ts:138:42)
    at Promise.then.completed (C:\Users\user\Desktop\Kiro\AWS project\FinanceFarmSimulator\node_modules\jest-circus\build\utils.js:298:28)
    at new Promise (&lt;anonymous&gt;)
    at callAsyncCircusFn (C:\Users\user\Desktop\Kiro\AWS project\FinanceFarmSimulator\node_modules\jest-circus\build\utils.js:231:10)
    at _callCircusTest (C:\Users\user\Desktop\Kiro\AWS project\FinanceFarmSimulator\node_modules\jest-circus\build\run.js:316:40)
    at _runTest (C:\Users\user\Desktop\Kiro\AWS project\FinanceFarmSimulator\node_modules\jest-circus\build\run.js:252:3)
    at _runTestsForDescribeBlock (C:\Users\user\Desktop\Kiro\AWS project\FinanceFarmSimulator\node_modules\jest-circus\build\run.js:126:9)
    at _runTestsForDescribeBlock (C:\Users\user\Desktop\Kiro\AWS project\FinanceFarmSimulator\node_modules\jest-circus\build\run.js:121:9)
    at _runTestsForDescribeBlock (C:\Users\user\Desktop\Kiro\AWS project\FinanceFarmSimulator\node_modules\jest-circus\build\run.js:121:9)
    at run (C:\Users\user\Desktop\Kiro\AWS project\FinanceFarmSimulator\node_modules\jest-circus\build\run.js:71:3)
    at runAndTransformResultsToJestFormat (C:\Users\user\Desktop\Kiro\AWS project\FinanceFarmSimulator\node_modules\jest-circus\build\legacy-code-todo-rewrite\jestAdapterInit.js:122:21)
    at jestAdapter (C:\Users\user\Desktop\Kiro\AWS project\FinanceFarmSimulator\node_modules\jest-circus\build\legacy-code-todo-rewrite\jestAdapter.js:79:19)
    at runTestInternal (C:\Users\user\Desktop\Kiro\AWS project\FinanceFarmSimulator\node_modules\jest-runner\build\runTest.js:367:16)
    at runTest (C:\Users\user\Desktop\Kiro\AWS project\FinanceFarmSimulator\node_modules\jest-runner\build\runTest.js:444:34)</failure>
    </testcase>
    <testcase classname="Business Logic Calculations calculateRewardValue should apply streak bonus correctly" name="Business Logic Calculations calculateRewardValue should apply streak bonus correctly" time="0.004">
      <failure>TypeError: (0 , _calculations.calculateRewardValue) is not a function
    at Object.&lt;anonymous&gt; (C:\Users\user\Desktop\Kiro\AWS project\FinanceFarmSimulator\src\utils\__tests__\businessLogic.test.ts:155:46)
    at Promise.then.completed (C:\Users\user\Desktop\Kiro\AWS project\FinanceFarmSimulator\node_modules\jest-circus\build\utils.js:298:28)
    at new Promise (&lt;anonymous&gt;)
    at callAsyncCircusFn (C:\Users\user\Desktop\Kiro\AWS project\FinanceFarmSimulator\node_modules\jest-circus\build\utils.js:231:10)
    at _callCircusTest (C:\Users\user\Desktop\Kiro\AWS project\FinanceFarmSimulator\node_modules\jest-circus\build\run.js:316:40)
    at _runTest (C:\Users\user\Desktop\Kiro\AWS project\FinanceFarmSimulator\node_modules\jest-circus\build\run.js:252:3)
    at _runTestsForDescribeBlock (C:\Users\user\Desktop\Kiro\AWS project\FinanceFarmSimulator\node_modules\jest-circus\build\run.js:126:9)
    at _runTestsForDescribeBlock (C:\Users\user\Desktop\Kiro\AWS project\FinanceFarmSimulator\node_modules\jest-circus\build\run.js:121:9)
    at _runTestsForDescribeBlock (C:\Users\user\Desktop\Kiro\AWS project\FinanceFarmSimulator\node_modules\jest-circus\build\run.js:121:9)
    at run (C:\Users\user\Desktop\Kiro\AWS project\FinanceFarmSimulator\node_modules\jest-circus\build\run.js:71:3)
    at runAndTransformResultsToJestFormat (C:\Users\user\Desktop\Kiro\AWS project\FinanceFarmSimulator\node_modules\jest-circus\build\legacy-code-todo-rewrite\jestAdapterInit.js:122:21)
    at jestAdapter (C:\Users\user\Desktop\Kiro\AWS project\FinanceFarmSimulator\node_modules\jest-circus\build\legacy-code-todo-rewrite\jestAdapter.js:79:19)
    at runTestInternal (C:\Users\user\Desktop\Kiro\AWS project\FinanceFarmSimulator\node_modules\jest-runner\build\runTest.js:367:16)
    at runTest (C:\Users\user\Desktop\Kiro\AWS project\FinanceFarmSimulator\node_modules\jest-runner\build\runTest.js:444:34)</failure>
    </testcase>
  </testsuite>
  <testsuite name="Database Integration" errors="0" failures="0" skipped="0" timestamp="2025-09-29T19:08:13" time="0.544" tests="6">
    <testcase classname="Database Integration should create database service instance" name="Database Integration should create database service instance" time="0.008">
    </testcase>
    <testcase classname="Database Integration should have encryption methods" name="Database Integration should have encryption methods" time="0.006">
    </testcase>
    <testcase classname="Database Integration should handle encryption errors gracefully" name="Database Integration should handle encryption errors gracefully" time="0.074">
    </testcase>
    <testcase classname="Database Integration should have migration methods" name="Database Integration should have migration methods" time="0.007">
    </testcase>
    <testcase classname="Database Integration should have proper database schema in migration" name="Database Integration should have proper database schema in migration" time="0.009">
    </testcase>
    <testcase classname="Database Integration should validate database constants" name="Database Integration should validate database constants" time="0.003">
    </testcase>
  </testsuite>
  <testsuite name="Navigation Structure" errors="0" failures="1" skipped="0" timestamp="2025-09-29T19:08:18" time="0.765" tests="1">
    <testcase classname="Navigation Structure should have navigation components defined" name="Navigation Structure should have navigation components defined" time="0.212">
      <failure>Jest encountered an unexpected token

Jest failed to parse a file. This happens e.g. when your code or its dependencies use non-standard JavaScript syntax, or when Jest is not configured to support such syntax.

Out of the box Jest supports Babel, which will be used to transform your files into valid JS based on your Babel configuration.

By default &quot;node_modules&quot; folder is ignored by transformers.

Here&apos;s what you can do:
 • If you are trying to use ECMAScript Modules, see https://jestjs.io/docs/ecmascript-modules for how to enable it.
 • If you are trying to use TypeScript, see https://jestjs.io/docs/getting-started#using-typescript
 • To have some of your &quot;node_modules&quot; files transformed, you can specify a custom &quot;transformIgnorePatterns&quot; in your config.
 • If you need a custom transformation specify a &quot;transform&quot; option in your config.
 • If you simply want to mock your non-JS modules (e.g. binary assets) you can stub them out with the &quot;moduleNameMapper&quot; config option.

You&apos;ll find more details and examples of these config options in the docs:
https://jestjs.io/docs/configuration
For information about custom transformations, see:
https://jestjs.io/docs/code-transformation

Details:

C:\Users\user\Desktop\Kiro\AWS project\FinanceFarmSimulator\node_modules\@react-navigation\native\lib\module\index.js:3
export { createStaticNavigation } from &quot;./createStaticNavigation.js&quot;;
^^^^^^

SyntaxError: Unexpected token &apos;export&apos;
    at new Script (node:vm:117:7)
    at Runtime.createScriptFromCode (C:\Users\user\Desktop\Kiro\AWS project\FinanceFarmSimulator\node_modules\jest-runtime\build\index.js:1505:14)
    at Runtime._execModule (C:\Users\user\Desktop\Kiro\AWS project\FinanceFarmSimulator\node_modules\jest-runtime\build\index.js:1399:25)
    at Runtime._loadModule (C:\Users\user\Desktop\Kiro\AWS project\FinanceFarmSimulator\node_modules\jest-runtime\build\index.js:1022:12)
    at Runtime.requireModule (C:\Users\user\Desktop\Kiro\AWS project\FinanceFarmSimulator\node_modules\jest-runtime\build\index.js:882:12)
    at Runtime.requireModuleOrMock (C:\Users\user\Desktop\Kiro\AWS project\FinanceFarmSimulator\node_modules\jest-runtime\build\index.js:1048:21)
    at Object.require (C:\Users\user\Desktop\Kiro\AWS project\FinanceFarmSimulator\src\navigation\AppNavigator.tsx:2:1)
    at Runtime._execModule (C:\Users\user\Desktop\Kiro\AWS project\FinanceFarmSimulator\node_modules\jest-runtime\build\index.js:1439:24)
    at Runtime._loadModule (C:\Users\user\Desktop\Kiro\AWS project\FinanceFarmSimulator\node_modules\jest-runtime\build\index.js:1022:12)
    at Runtime.requireModule (C:\Users\user\Desktop\Kiro\AWS project\FinanceFarmSimulator\node_modules\jest-runtime\build\index.js:882:12)
    at Runtime.requireModuleOrMock (C:\Users\user\Desktop\Kiro\AWS project\FinanceFarmSimulator\node_modules\jest-runtime\build\index.js:1048:21)
    at Object.require (C:\Users\user\Desktop\Kiro\AWS project\FinanceFarmSimulator\src\navigation\__tests__\navigation.test.ts:5:26)
    at Promise.then.completed (C:\Users\user\Desktop\Kiro\AWS project\FinanceFarmSimulator\node_modules\jest-circus\build\utils.js:298:28)
    at new Promise (&lt;anonymous&gt;)
    at callAsyncCircusFn (C:\Users\user\Desktop\Kiro\AWS project\FinanceFarmSimulator\node_modules\jest-circus\build\utils.js:231:10)
    at _callCircusTest (C:\Users\user\Desktop\Kiro\AWS project\FinanceFarmSimulator\node_modules\jest-circus\build\run.js:316:40)
    at _runTest (C:\Users\user\Desktop\Kiro\AWS project\FinanceFarmSimulator\node_modules\jest-circus\build\run.js:252:3)
    at _runTestsForDescribeBlock (C:\Users\user\Desktop\Kiro\AWS project\FinanceFarmSimulator\node_modules\jest-circus\build\run.js:126:9)
    at _runTestsForDescribeBlock (C:\Users\user\Desktop\Kiro\AWS project\FinanceFarmSimulator\node_modules\jest-circus\build\run.js:121:9)
    at run (C:\Users\user\Desktop\Kiro\AWS project\FinanceFarmSimulator\node_modules\jest-circus\build\run.js:71:3)
    at runAndTransformResultsToJestFormat (C:\Users\user\Desktop\Kiro\AWS project\FinanceFarmSimulator\node_modules\jest-circus\build\legacy-code-todo-rewrite\jestAdapterInit.js:122:21)
    at jestAdapter (C:\Users\user\Desktop\Kiro\AWS project\FinanceFarmSimulator\node_modules\jest-circus\build\legacy-code-todo-rewrite\jestAdapter.js:79:19)
    at runTestInternal (C:\Users\user\Desktop\Kiro\AWS project\FinanceFarmSimulator\node_modules\jest-runner\build\runTest.js:367:16)
    at runTest (C:\Users\user\Desktop\Kiro\AWS project\FinanceFarmSimulator\node_modules\jest-runner\build\runTest.js:444:34)</failure>
    </testcase>
  </testsuite>
</testsuites>